
【2015-09-08】
zhangchao822今日签到获得惠米:3
wangluyao1215今日签到获得惠米:5
zhangxm0713今日签到获得惠米:2
caixl0713今日签到获得惠米:6

【2015-09-08】
zhangchao822今日已经签到过!
wangluyao1215今日已经签到过!
zhangxm0713今日已经签到过!
caixl0713今日已经签到过!

【2015-09-08】

【2015-09-08】

【2015-09-09】

【2015-09-09】

【2015-09-10】

【2015-09-10】

【2015-09-11】

【2015-09-11】

【2015-09-12】

【2015-09-12】

【2015-09-13】

【2015-09-13】

【2015-09-14】

【2015-09-14】
zhangchao822今日已经签到过!
wangluyao1215今日已经签到过!
zhangxm0713今日已经签到过!
caixl0713今日已经签到过!

【2015-09-14】

【2015-09-15】

【2015-09-15】

【2015-09-16】

【2015-09-16】
zhangchao822今日已经签到过!
wangluyao1215今日已经签到过!
zhangxm0713今日已经签到过!
caixl0713今日已经签到过!

【2015-09-18】
zhangchao822今日已经签到过!
wangluyao1215今日已经签到过!
zhangxm0713今日已经签到过!
caixl0713今日已经签到过!

【2015-09-19】
zhangchao822今日已经签到过!
wangluyao1215今日已经签到过!
zhangxm0713今日已经签到过!
caixl0713今日已经签到过!

【2015-09-19】
zhangchao822今日已经签到过!
wangluyao1215今日已经签到过!
zhangxm0713今日已经签到过!
caixl0713今日已经签到过!

【2015-09-20】
zhangchao822今日签到获得惠米:4
wangluyao1215今日签到获得惠米:4
zhangxm0713今日签到获得惠米:4
caixl0713今日签到获得惠米:4

【2015-09-20】
zhangchao822今日已经签到过!
wangluyao1215今日已经签到过!
zhangxm0713今日已经签到过!
caixl0713今日已经签到过!

【2015-09-21】
zhangchao822今日签到获得惠米:5
wangluyao1215今日签到获得惠米:4
zhangxm0713今日签到获得惠米:6
caixl0713今日签到获得惠米:6

【2015-09-21】
zhangchao822今日已经签到过!
wangluyao1215今日已经签到过!
zhangxm0713今日已经签到过!
caixl0713今日已经签到过!

【2015-09-22】
zhangchao822今日签到获得惠米:6
wangluyao1215今日签到获得惠米:7
zhangxm0713今日签到获得惠米:5
caixl0713今日签到获得惠米:6

【2015-09-22】
zhangchao822今日已经签到过!
wangluyao1215今日已经签到过!
zhangxm0713今日已经签到过!
caixl0713今日已经签到过!

【2015-09-23】
zhangchao822今日签到获得惠米:8
wangluyao1215今日签到获得惠米:9
zhangxm0713今日签到获得惠米:6
caixl0713今日签到获得惠米:7

【2015-09-23】
zhangchao822今日已经签到过!
wangluyao1215今日已经签到过!
zhangxm0713今日已经签到过!
caixl0713今日已经签到过!

【2015-09-24】
zhangchao822今日签到获得惠米:49
wangluyao1215今日签到获得惠米:10
zhangxm0713今日签到获得惠米:7
caixl0713今日签到获得惠米:9

【2015-09-24】
zhangchao822今日已经签到过!
wangluyao1215今日已经签到过!
zhangxm0713今日已经签到过!
caixl0713今日已经签到过!

【2015-09-25】
zhangchao822今日签到获得惠米:2
wangluyao1215今日签到获得惠米:2
zhangxm0713今日签到获得惠米:1
caixl0713今日签到获得惠米:1

【2015-09-25】
zhangchao822今日已经签到过!
wangluyao1215今日已经签到过!
zhangxm0713今日已经签到过!
caixl0713今日已经签到过!

【2015-09-26】
zhangchao822今日签到获得惠米:2
wangluyao1215今日签到获得惠米:2
zhangxm0713今日签到获得惠米:2
caixl0713今日签到获得惠米:3

【2015-09-26】
zhangchao822今日已经签到过!
wangluyao1215今日已经签到过!
zhangxm0713今日已经签到过!
caixl0713今日已经签到过!

【2015-09-27】
zhangchao822今日签到获得惠米:6
wangluyao1215今日签到获得惠米:3
zhangxm0713今日签到获得惠米:4
caixl0713今日签到获得惠米:3

【2015-09-28】
zhangchao822今日签到获得惠米:4
wangluyao1215今日签到获得惠米:6
zhangxm0713今日签到获得惠米:4
caixl0713今日签到获得惠米:7

【2015-09-28】
zhangchao822今日已经签到过!
wangluyao1215今日已经签到过!
zhangxm0713今日已经签到过!
caixl0713今日已经签到过!

【2015-09-29】
zhangchao822今日签到获得惠米:8
wangluyao1215今日签到获得惠米:8
zhangxm0713今日签到获得惠米:6
caixl0713今日签到获得惠米:7

【2015-09-29】
zhangchao822今日已经签到过!
wangluyao1215今日已经签到过!
zhangxm0713今日已经签到过!
caixl0713今日已经签到过!

【2015-09-30】
zhangchao822今日签到获得惠米:9
wangluyao1215今日签到获得惠米:9
zhangxm0713今日签到获得惠米:9
caixl0713今日签到获得惠米:7

【2015-10-01】
zhangchao822今日签到获得惠米:41
wangluyao1215今日签到获得惠米:10
zhangxm0713今日签到获得惠米:50
caixl0713今日签到获得惠米:9

【2015-10-01】
zhangchao822今日已经签到过!
wangluyao1215今日已经签到过!
zhangxm0713今日已经签到过!
caixl0713今日已经签到过!

【2015-10-02】
zhangchao822今日签到获得惠米:2
wangluyao1215今日签到获得惠米:2
zhangxm0713今日签到获得惠米:2
caixl0713今日签到获得惠米:1

【2015-10-02】
zhangchao822今日已经签到过!
wangluyao1215今日已经签到过!
zhangxm0713今日已经签到过!
caixl0713今日已经签到过!

【2015-10-03】
zhangchao822今日签到获得惠米:2
wangluyao1215今日签到获得惠米:3
zhangxm0713今日签到获得惠米:3
caixl0713今日签到获得惠米:3

【2015-10-03】
zhangchao822今日已经签到过!
wangluyao1215今日已经签到过!
zhangxm0713今日已经签到过!
caixl0713今日已经签到过!

【2015-10-04】
zhangchao822今日签到获得惠米:5
wangluyao1215今日签到获得惠米:5
zhangxm0713今日签到获得惠米:3
caixl0713今日签到获得惠米:6

【2015-10-05】
zhangchao822今日签到获得惠米:5
wangluyao1215今日签到获得惠米:5
zhangxm0713今日签到获得惠米:6
caixl0713今日签到获得惠米:6

【2015-10-05】
zhangchao822今日已经签到过!
wangluyao1215今日已经签到过!
zhangxm0713今日已经签到过!
caixl0713今日已经签到过!

【2015-10-06】
zhangchao822今日签到获得惠米:6
wangluyao1215今日签到获得惠米:8
zhangxm0713今日签到获得惠米:6
caixl0713今日签到获得惠米:7

【2015-10-06】
zhangchao822今日已经签到过!
wangluyao1215今日已经签到过!
zhangxm0713今日已经签到过!
caixl0713今日已经签到过!

【2015-10-07】
zhangchao822今日签到获得惠米:9
wangluyao1215今日签到获得惠米:9
zhangxm0713今日签到获得惠米:9
caixl0713今日签到获得惠米:7

【2015-10-07】
zhangchao822今日已经签到过!
wangluyao1215今日已经签到过!
zhangxm0713今日已经签到过!
caixl0713今日已经签到过!

【2015-10-08】
zhangchao822今日签到获得惠米:49
wangluyao1215今日签到获得惠米:42
zhangxm0713今日签到获得惠米:46
caixl0713今日签到获得惠米:10

【2015-10-08】
zhangchao822今日已经签到过!
wangluyao1215今日已经签到过!
zhangxm0713今日已经签到过!
caixl0713今日已经签到过!

【2015-10-09】
zhangchao822今日签到获得惠米:1
wangluyao1215今日签到获得惠米:2
zhangxm0713今日签到获得惠米:2
caixl0713今日签到获得惠米:2

【2015-10-09】
zhangchao822今日已经签到过!
wangluyao1215今日已经签到过!
zhangxm0713今日已经签到过!
caixl0713今日已经签到过!

【2015-10-10】
zhangchao822今日已经签到过!
wangluyao1215今日签到获得惠米:2
zhangxm0713今日签到获得惠米:2
caixl0713今日签到获得惠米:2

【2015-10-10】
zhangchao822今日已经签到过!
wangluyao1215今日已经签到过!
zhangxm0713今日已经签到过!
caixl0713今日已经签到过!

【2015-10-11】

【2015-10-11】

【2015-10-12】

【2015-10-12】

【2015-10-13】

【2015-10-13】

【2015-10-14】

【2015-10-14】

【2015-10-15】

【2015-10-15】

【2015-10-16】

【2015-10-16】

【2015-10-17】

【2015-10-17】

【2015-10-18】

【2015-10-18】

【2015-10-19】

【2015-10-19】

【2015-10-23】
zhangchao822今日已经签到过!
wangluyao1215今日已经签到过!
zhangxm0713今日已经签到过!
caixl0713今日已经签到过!

【2015-10-23】
zhangchao822今日已经签到过!
wangluyao1215今日已经签到过!
zhangxm0713今日已经签到过!
caixl0713今日已经签到过!

【2015-10-24】
zhangchao822今日签到获得惠米:42
wangluyao1215今日签到获得惠米:40
zhangxm0713今日签到获得惠米:45
caixl0713今日签到获得惠米:40

【2015-10-24】
zhangchao822今日已经签到过!
wangluyao1215今日已经签到过!
zhangxm0713今日已经签到过!
caixl0713今日已经签到过!

【2015-10-25】
zhangchao822今日签到获得惠米:2
wangluyao1215今日签到获得惠米:2
zhangxm0713今日签到获得惠米:2
caixl0713今日签到获得惠米:2

【2015-10-25】
zhangchao822今日已经签到过!
wangluyao1215今日已经签到过!
zhangxm0713今日已经签到过!
caixl0713今日已经签到过!

【2015-10-26】
zhangchao822今日签到获得惠米:3
wangluyao1215今日签到获得惠米:3
zhangxm0713今日签到获得惠米:3
caixl0713今日签到获得惠米:3

【2015-10-26】
zhangchao822今日已经签到过!
wangluyao1215今日已经签到过!
zhangxm0713今日已经签到过!
caixl0713今日已经签到过!

【2015-10-27】
zhangchao822今日签到获得惠米:6
wangluyao1215今日签到获得惠米:3
zhangxm0713今日签到获得惠米:5
caixl0713今日签到获得惠米:5

【2015-10-27】
zhangchao822今日已经签到过!
wangluyao1215今日已经签到过!
zhangxm0713今日已经签到过!
caixl0713今日已经签到过!

【2015-10-28】
zhangchao822今日签到获得惠米:5
wangluyao1215今日签到获得惠米:5
zhangxm0713今日签到获得惠米:7
caixl0713今日签到获得惠米:6

【2015-10-28】
zhangchao822今日已经签到过!
wangluyao1215今日已经签到过!
zhangxm0713今日已经签到过!
caixl0713今日已经签到过!

【2015-10-29】
登录失败!
登录失败!
登录失败!
登录失败!

【2015-10-29】
登录失败!
登录失败!
登录失败!
登录失败!

【2015-10-30】
登录失败!
登录失败!
登录失败!
登录失败!

【2015-10-30】
登录失败!
登录失败!
登录失败!
登录失败!

【2015-10-31】
登录失败!
登录失败!
登录失败!
登录失败!

【2015-10-31】
登录失败!
登录失败!
登录失败!
登录失败!

【2015-11-01】
zhangchao822今日已经签到过!
wangluyao1215今日已经签到过!
zhangxm0713今日已经签到过!
caixl0713今日已经签到过!

【2015-11-01】
zhangchao822今日已经签到过!
wangluyao1215今日已经签到过!
zhangxm0713今日已经签到过!
caixl0713今日已经签到过!

【2015-11-02】
zhangchao822今日已经签到过!
wangluyao1215今日已经签到过!
zhangxm0713今日签到获得惠米:2
caixl0713今日签到获得惠米:2

【2015-11-03】
zhangchao822:今日已经签到过！
wangluyao1215:今日已经签到过！
zhangxm0713:今日已经签到过！
caixl0713:今日已经签到过！

【2015-11-03】
zhangchao822:今日已经签到过！
wangluyao1215:今日已经签到过！
zhangxm0713:今日已经签到过！
caixl0713:今日已经签到过！

【2015-11-04】
zhangchao822:今日已经签到过！
wangluyao1215:今日已经签到过！
zhangxm0713:今日已经签到过！
caixl0713:今日已经签到过！
