
【2015-10-05】
18211085003今日已经签到过!
15646563977今日已经签到过!
13158424485今日已经签到过!
13158422410今日已经签到过!
13240912500今日已经签到过!
登录失败!

【2015-10-05】
{"flag":"already","signDays":1,"G_TRADE_FROZEN_AMT":0.0,"G_SOON_EXPIRE_AMT":0,"G_AVAILABLE_BALANCE":80.0}
18211085003今日已经签到过!
{"flag":"already","signDays":1,"G_TRADE_FROZEN_AMT":0.0,"G_SOON_EXPIRE_AMT":0,"G_AVAILABLE_BALANCE":40.0}
15646563977今日已经签到过!
{"flag":"already","signDays":1,"G_TRADE_FROZEN_AMT":0.0,"G_SOON_EXPIRE_AMT":0,"G_AVAILABLE_BALANCE":40.0}
13141330862今日已经签到过!
{"flag":"already","signDays":1,"G_TRADE_FROZEN_AMT":0.0,"G_SOON_EXPIRE_AMT":0,"G_AVAILABLE_BALANCE":30.0}
13141330987今日已经签到过!
{"flag":"already","signDays":1,"G_TRADE_FROZEN_AMT":0.0,"G_SOON_EXPIRE_AMT":0,"G_AVAILABLE_BALANCE":20.0}
13240912500今日已经签到过!
{"flag":"already","signDays":1,"G_TRADE_FROZEN_AMT":0.0,"G_SOON_EXPIRE_AMT":0,"G_AVAILABLE_BALANCE":40.0}
13240912700今日已经签到过!

【2015-10-06】
{"numBeans":50,"flag":"success","signDays":2,"numDays":7,"nextDayBeans":10,"returnAmount":10,"G_TRADE_FROZEN_AMT":0.0,"win":"false","G_SOON_EXPIRE_AMT":0,"G_AVAILABLE_BALANCE":90.0}
18211085003今日签到获得工豆:10
{"numBeans":50,"flag":"success","signDays":2,"numDays":7,"nextDayBeans":10,"returnAmount":10,"G_TRADE_FROZEN_AMT":0.0,"win":"false","G_SOON_EXPIRE_AMT":0,"G_AVAILABLE_BALANCE":50.0}
15646563977今日签到获得工豆:10
{"numBeans":50,"flag":"success","signDays":2,"numDays":7,"nextDayBeans":10,"returnAmount":10,"G_TRADE_FROZEN_AMT":0.0,"win":"false","G_SOON_EXPIRE_AMT":0,"G_AVAILABLE_BALANCE":50.0}
13141330862今日签到获得工豆:10
{"numBeans":50,"flag":"success","signDays":2,"numDays":7,"nextDayBeans":10,"returnAmount":10,"G_TRADE_FROZEN_AMT":0.0,"win":"false","G_SOON_EXPIRE_AMT":0,"G_AVAILABLE_BALANCE":40.0}
13141330987今日签到获得工豆:10
{"numBeans":50,"flag":"success","signDays":2,"numDays":7,"nextDayBeans":10,"returnAmount":10,"G_TRADE_FROZEN_AMT":0.0,"win":"false","G_SOON_EXPIRE_AMT":0,"G_AVAILABLE_BALANCE":30.0}
13240912500今日签到获得工豆:10
{"numBeans":50,"flag":"success","signDays":2,"numDays":7,"nextDayBeans":10,"returnAmount":10,"G_TRADE_FROZEN_AMT":0.0,"win":"false","G_SOON_EXPIRE_AMT":0,"G_AVAILABLE_BALANCE":50.0}
13240912700今日签到获得工豆:10

【2015-10-06】
{"flag":"already","signDays":2,"G_TRADE_FROZEN_AMT":0.0,"G_SOON_EXPIRE_AMT":0,"G_AVAILABLE_BALANCE":90.0}
18211085003今日已经签到过!
{"flag":"already","signDays":2,"G_TRADE_FROZEN_AMT":0.0,"G_SOON_EXPIRE_AMT":0,"G_AVAILABLE_BALANCE":50.0}
15646563977今日已经签到过!
{"flag":"already","signDays":2,"G_TRADE_FROZEN_AMT":0.0,"G_SOON_EXPIRE_AMT":0,"G_AVAILABLE_BALANCE":50.0}
13141330862今日已经签到过!
{"flag":"already","signDays":2,"G_TRADE_FROZEN_AMT":0.0,"G_SOON_EXPIRE_AMT":0,"G_AVAILABLE_BALANCE":40.0}
13141330987今日已经签到过!
{"flag":"already","signDays":2,"G_TRADE_FROZEN_AMT":0.0,"G_SOON_EXPIRE_AMT":0,"G_AVAILABLE_BALANCE":30.0}
13240912500今日已经签到过!
{"flag":"already","signDays":2,"G_TRADE_FROZEN_AMT":0.0,"G_SOON_EXPIRE_AMT":0,"G_AVAILABLE_BALANCE":50.0}
13240912700今日已经签到过!

【2015-10-07】
{"numBeans":50,"flag":"success","signDays":3,"numDays":7,"nextDayBeans":10,"returnAmount":10,"G_TRADE_FROZEN_AMT":0.0,"win":"false","G_SOON_EXPIRE_AMT":0,"G_AVAILABLE_BALANCE":100.0}
18211085003今日签到获得工豆:10
{"numBeans":50,"flag":"success","signDays":3,"numDays":7,"nextDayBeans":10,"returnAmount":10,"G_TRADE_FROZEN_AMT":0.0,"win":"false","G_SOON_EXPIRE_AMT":0,"G_AVAILABLE_BALANCE":60.0}
15646563977今日签到获得工豆:10
{"numBeans":50,"flag":"success","signDays":3,"numDays":7,"nextDayBeans":10,"returnAmount":10,"G_TRADE_FROZEN_AMT":0.0,"win":"false","G_SOON_EXPIRE_AMT":0,"G_AVAILABLE_BALANCE":60.0}
13141330862今日签到获得工豆:10
{"numBeans":50,"flag":"success","signDays":3,"numDays":7,"nextDayBeans":10,"returnAmount":10,"G_TRADE_FROZEN_AMT":0.0,"win":"false","G_SOON_EXPIRE_AMT":0,"G_AVAILABLE_BALANCE":50.0}
13141330987今日签到获得工豆:10
{"numBeans":50,"flag":"success","signDays":3,"numDays":7,"nextDayBeans":10,"returnAmount":10,"G_TRADE_FROZEN_AMT":0.0,"win":"false","G_SOON_EXPIRE_AMT":0,"G_AVAILABLE_BALANCE":40.0}
13240912500今日签到获得工豆:10
{"numBeans":50,"flag":"success","signDays":3,"numDays":7,"nextDayBeans":10,"returnAmount":10,"G_TRADE_FROZEN_AMT":0.0,"win":"false","G_SOON_EXPIRE_AMT":0,"G_AVAILABLE_BALANCE":60.0}
13240912700今日签到获得工豆:10

【2015-10-07】
{"flag":"already","signDays":3,"G_TRADE_FROZEN_AMT":0.0,"G_SOON_EXPIRE_AMT":0,"G_AVAILABLE_BALANCE":100.0}
18211085003今日已经签到过!
{"flag":"already","signDays":3,"G_TRADE_FROZEN_AMT":0.0,"G_SOON_EXPIRE_AMT":0,"G_AVAILABLE_BALANCE":60.0}
15646563977今日已经签到过!
{"flag":"already","signDays":3,"G_TRADE_FROZEN_AMT":0.0,"G_SOON_EXPIRE_AMT":0,"G_AVAILABLE_BALANCE":60.0}
13141330862今日已经签到过!
{"flag":"already","signDays":3,"G_TRADE_FROZEN_AMT":0.0,"G_SOON_EXPIRE_AMT":0,"G_AVAILABLE_BALANCE":50.0}
13141330987今日已经签到过!
{"flag":"already","signDays":3,"G_TRADE_FROZEN_AMT":0.0,"G_SOON_EXPIRE_AMT":0,"G_AVAILABLE_BALANCE":40.0}
13240912500今日已经签到过!
{"flag":"already","signDays":3,"G_TRADE_FROZEN_AMT":0.0,"G_SOON_EXPIRE_AMT":0,"G_AVAILABLE_BALANCE":60.0}
13240912700今日已经签到过!

【2015-10-08】
{"numBeans":50,"flag":"success","signDays":4,"numDays":7,"nextDayBeans":10,"returnAmount":10,"G_TRADE_FROZEN_AMT":0.0,"win":"false","G_SOON_EXPIRE_AMT":0,"G_AVAILABLE_BALANCE":110.0}
18211085003今日签到获得工豆:10
{"numBeans":50,"flag":"success","signDays":4,"numDays":7,"nextDayBeans":10,"returnAmount":10,"G_TRADE_FROZEN_AMT":0.0,"win":"false","G_SOON_EXPIRE_AMT":0,"G_AVAILABLE_BALANCE":70.0}
15646563977今日签到获得工豆:10
{"numBeans":50,"flag":"success","signDays":4,"numDays":7,"nextDayBeans":10,"returnAmount":10,"G_TRADE_FROZEN_AMT":0.0,"win":"false","G_SOON_EXPIRE_AMT":0,"G_AVAILABLE_BALANCE":70.0}
13141330862今日签到获得工豆:10
{"numBeans":50,"flag":"success","signDays":4,"numDays":7,"nextDayBeans":10,"returnAmount":10,"G_TRADE_FROZEN_AMT":0.0,"win":"false","G_SOON_EXPIRE_AMT":0,"G_AVAILABLE_BALANCE":60.0}
13141330987今日签到获得工豆:10
{"numBeans":50,"flag":"success","signDays":4,"numDays":7,"nextDayBeans":10,"returnAmount":10,"G_TRADE_FROZEN_AMT":0.0,"win":"false","G_SOON_EXPIRE_AMT":0,"G_AVAILABLE_BALANCE":50.0}
13240912500今日签到获得工豆:10
{"numBeans":50,"flag":"success","signDays":4,"numDays":7,"nextDayBeans":10,"returnAmount":10,"G_TRADE_FROZEN_AMT":0.0,"win":"false","G_SOON_EXPIRE_AMT":0,"G_AVAILABLE_BALANCE":70.0}
13240912700今日签到获得工豆:10

【2015-10-08】
{"flag":"already","signDays":4,"G_TRADE_FROZEN_AMT":0.0,"G_SOON_EXPIRE_AMT":0,"G_AVAILABLE_BALANCE":110.0}
18211085003今日已经签到过!
{"flag":"already","signDays":4,"G_TRADE_FROZEN_AMT":0.0,"G_SOON_EXPIRE_AMT":0,"G_AVAILABLE_BALANCE":70.0}
15646563977今日已经签到过!
{"flag":"already","signDays":4,"G_TRADE_FROZEN_AMT":0.0,"G_SOON_EXPIRE_AMT":0,"G_AVAILABLE_BALANCE":70.0}
13141330862今日已经签到过!
{"flag":"already","signDays":4,"G_TRADE_FROZEN_AMT":0.0,"G_SOON_EXPIRE_AMT":0,"G_AVAILABLE_BALANCE":60.0}
13141330987今日已经签到过!
{"flag":"already","signDays":4,"G_TRADE_FROZEN_AMT":0.0,"G_SOON_EXPIRE_AMT":0,"G_AVAILABLE_BALANCE":50.0}
13240912500今日已经签到过!
{"flag":"already","signDays":4,"G_TRADE_FROZEN_AMT":0.0,"G_SOON_EXPIRE_AMT":0,"G_AVAILABLE_BALANCE":70.0}
13240912700今日已经签到过!

【2015-10-09】
{"numBeans":50,"flag":"success","signDays":5,"numDays":7,"nextDayBeans":10,"returnAmount":10,"G_TRADE_FROZEN_AMT":0.0,"win":"false","G_SOON_EXPIRE_AMT":0,"G_AVAILABLE_BALANCE":120.0}
18211085003今日签到获得工豆:10
{"numBeans":50,"flag":"success","signDays":5,"numDays":7,"nextDayBeans":10,"returnAmount":10,"G_TRADE_FROZEN_AMT":0.0,"win":"false","G_SOON_EXPIRE_AMT":0,"G_AVAILABLE_BALANCE":80.0}
15646563977今日签到获得工豆:10
{"numBeans":50,"flag":"success","signDays":5,"numDays":7,"nextDayBeans":10,"returnAmount":10,"G_TRADE_FROZEN_AMT":0.0,"win":"false","G_SOON_EXPIRE_AMT":0,"G_AVAILABLE_BALANCE":80.0}
13141330862今日签到获得工豆:10
{"numBeans":50,"flag":"success","signDays":5,"numDays":7,"nextDayBeans":10,"returnAmount":10,"G_TRADE_FROZEN_AMT":0.0,"win":"false","G_SOON_EXPIRE_AMT":0,"G_AVAILABLE_BALANCE":70.0}
13141330987今日签到获得工豆:10
{"numBeans":50,"flag":"success","signDays":5,"numDays":7,"nextDayBeans":10,"returnAmount":10,"G_TRADE_FROZEN_AMT":0.0,"win":"false","G_SOON_EXPIRE_AMT":0,"G_AVAILABLE_BALANCE":60.0}
13240912500今日签到获得工豆:10
{"numBeans":50,"flag":"success","signDays":5,"numDays":7,"nextDayBeans":10,"returnAmount":10,"G_TRADE_FROZEN_AMT":0.0,"win":"false","G_SOON_EXPIRE_AMT":0,"G_AVAILABLE_BALANCE":80.0}
13240912700今日签到获得工豆:10

【2015-10-09】
{"flag":"already","signDays":5,"G_TRADE_FROZEN_AMT":0.0,"G_SOON_EXPIRE_AMT":0,"G_AVAILABLE_BALANCE":120.0}
18211085003今日已经签到过!
{"flag":"already","signDays":5,"G_TRADE_FROZEN_AMT":0.0,"G_SOON_EXPIRE_AMT":0,"G_AVAILABLE_BALANCE":80.0}
15646563977今日已经签到过!
{"flag":"already","signDays":5,"G_TRADE_FROZEN_AMT":0.0,"G_SOON_EXPIRE_AMT":0,"G_AVAILABLE_BALANCE":80.0}
13141330862今日已经签到过!
{"flag":"already","signDays":5,"G_TRADE_FROZEN_AMT":0.0,"G_SOON_EXPIRE_AMT":0,"G_AVAILABLE_BALANCE":70.0}
13141330987今日已经签到过!
{"flag":"already","signDays":5,"G_TRADE_FROZEN_AMT":0.0,"G_SOON_EXPIRE_AMT":0,"G_AVAILABLE_BALANCE":60.0}
13240912500今日已经签到过!
{"flag":"already","signDays":5,"G_TRADE_FROZEN_AMT":0.0,"G_SOON_EXPIRE_AMT":0,"G_AVAILABLE_BALANCE":80.0}
13240912700今日已经签到过!

【2015-10-10】
{"numBeans":50,"flag":"success","signDays":6,"numDays":7,"nextDayBeans":60,"returnAmount":10,"G_TRADE_FROZEN_AMT":0.0,"win":"false","G_SOON_EXPIRE_AMT":0,"G_AVAILABLE_BALANCE":130.0}
18211085003今日签到获得工豆:10
{"numBeans":50,"flag":"success","signDays":6,"numDays":7,"nextDayBeans":60,"returnAmount":10,"G_TRADE_FROZEN_AMT":0.0,"win":"false","G_SOON_EXPIRE_AMT":0,"G_AVAILABLE_BALANCE":90.0}
15646563977今日签到获得工豆:10
{"numBeans":50,"flag":"success","signDays":6,"numDays":7,"nextDayBeans":60,"returnAmount":10,"G_TRADE_FROZEN_AMT":0.0,"win":"false","G_SOON_EXPIRE_AMT":0,"G_AVAILABLE_BALANCE":90.0}
13141330862今日签到获得工豆:10
{"numBeans":50,"flag":"success","signDays":6,"numDays":7,"nextDayBeans":60,"returnAmount":10,"G_TRADE_FROZEN_AMT":0.0,"win":"false","G_SOON_EXPIRE_AMT":0,"G_AVAILABLE_BALANCE":80.0}
13141330987今日签到获得工豆:10
{"numBeans":50,"flag":"success","signDays":6,"numDays":7,"nextDayBeans":60,"returnAmount":10,"G_TRADE_FROZEN_AMT":0.0,"win":"false","G_SOON_EXPIRE_AMT":0,"G_AVAILABLE_BALANCE":70.0}
13240912500今日签到获得工豆:10
{"numBeans":50,"flag":"success","signDays":6,"numDays":7,"nextDayBeans":60,"returnAmount":10,"G_TRADE_FROZEN_AMT":0.0,"win":"false","G_SOON_EXPIRE_AMT":0,"G_AVAILABLE_BALANCE":90.0}
13240912700今日签到获得工豆:10

【2015-10-10】
{"flag":"already","signDays":6,"G_TRADE_FROZEN_AMT":0.0,"G_SOON_EXPIRE_AMT":0,"G_AVAILABLE_BALANCE":130.0}
18211085003今日已经签到过!
{"flag":"already","signDays":6,"G_TRADE_FROZEN_AMT":0.0,"G_SOON_EXPIRE_AMT":0,"G_AVAILABLE_BALANCE":90.0}
15646563977今日已经签到过!
{"flag":"already","signDays":6,"G_TRADE_FROZEN_AMT":0.0,"G_SOON_EXPIRE_AMT":0,"G_AVAILABLE_BALANCE":90.0}
13141330862今日已经签到过!
{"flag":"already","signDays":6,"G_TRADE_FROZEN_AMT":0.0,"G_SOON_EXPIRE_AMT":0,"G_AVAILABLE_BALANCE":80.0}
13141330987今日已经签到过!
{"flag":"already","signDays":6,"G_TRADE_FROZEN_AMT":0.0,"G_SOON_EXPIRE_AMT":0,"G_AVAILABLE_BALANCE":70.0}
13240912500今日已经签到过!
{"flag":"already","signDays":6,"G_TRADE_FROZEN_AMT":0.0,"G_SOON_EXPIRE_AMT":0,"G_AVAILABLE_BALANCE":90.0}
13240912700今日已经签到过!

【2015-10-11】
{"numBeans":50,"flag":"success","signDays":7,"numDays":7,"nextDayBeans":10,"returnAmount":10,"G_TRADE_FROZEN_AMT":0.0,"otherBeans":50,"win":"false","G_SOON_EXPIRE_AMT":0,"G_AVAILABLE_BALANCE":190.0}
18211085003今日签到获得工豆:10
{"numBeans":50,"flag":"success","signDays":7,"numDays":7,"nextDayBeans":10,"returnAmount":10,"G_TRADE_FROZEN_AMT":0.0,"otherBeans":50,"win":"false","G_SOON_EXPIRE_AMT":0,"G_AVAILABLE_BALANCE":150.0}
15646563977今日签到获得工豆:10
{"numBeans":50,"flag":"success","signDays":7,"numDays":7,"nextDayBeans":10,"returnAmount":10,"G_TRADE_FROZEN_AMT":0.0,"otherBeans":50,"win":"false","G_SOON_EXPIRE_AMT":0,"G_AVAILABLE_BALANCE":150.0}
13141330862今日签到获得工豆:10
{"numBeans":50,"flag":"success","signDays":7,"numDays":7,"nextDayBeans":10,"returnAmount":10,"G_TRADE_FROZEN_AMT":0.0,"otherBeans":50,"win":"false","G_SOON_EXPIRE_AMT":0,"G_AVAILABLE_BALANCE":140.0}
13141330987今日签到获得工豆:10
{"numBeans":50,"flag":"success","signDays":7,"numDays":7,"nextDayBeans":10,"returnAmount":10,"G_TRADE_FROZEN_AMT":0.0,"otherBeans":50,"win":"false","G_SOON_EXPIRE_AMT":0,"G_AVAILABLE_BALANCE":130.0}
13240912500今日签到获得工豆:10
{"numBeans":50,"flag":"success","signDays":7,"numDays":7,"nextDayBeans":10,"returnAmount":10,"G_TRADE_FROZEN_AMT":0.0,"otherBeans":50,"win":"false","G_SOON_EXPIRE_AMT":0,"G_AVAILABLE_BALANCE":150.0}
13240912700今日签到获得工豆:10

【2015-10-11】
{"flag":"already","signDays":7,"G_TRADE_FROZEN_AMT":0.0,"G_SOON_EXPIRE_AMT":0,"G_AVAILABLE_BALANCE":190.0}
18211085003今日已经签到过!
{"flag":"already","signDays":7,"G_TRADE_FROZEN_AMT":0.0,"G_SOON_EXPIRE_AMT":0,"G_AVAILABLE_BALANCE":150.0}
15646563977今日已经签到过!
{"flag":"already","signDays":7,"G_TRADE_FROZEN_AMT":0.0,"G_SOON_EXPIRE_AMT":0,"G_AVAILABLE_BALANCE":150.0}
13141330862今日已经签到过!
{"flag":"already","signDays":7,"G_TRADE_FROZEN_AMT":0.0,"G_SOON_EXPIRE_AMT":0,"G_AVAILABLE_BALANCE":140.0}
13141330987今日已经签到过!
{"flag":"already","signDays":7,"G_TRADE_FROZEN_AMT":0.0,"G_SOON_EXPIRE_AMT":0,"G_AVAILABLE_BALANCE":130.0}
13240912500今日已经签到过!
{"flag":"already","signDays":7,"G_TRADE_FROZEN_AMT":0.0,"G_SOON_EXPIRE_AMT":0,"G_AVAILABLE_BALANCE":150.0}
13240912700今日已经签到过!

【2015-10-12】
{"numBeans":50,"flag":"success","signDays":8,"numDays":7,"nextDayBeans":10,"returnAmount":10,"G_TRADE_FROZEN_AMT":0.0,"win":"false","G_SOON_EXPIRE_AMT":0,"G_AVAILABLE_BALANCE":200.0}
18211085003今日签到获得工豆:10
{"numBeans":50,"flag":"success","signDays":8,"numDays":7,"nextDayBeans":10,"returnAmount":10,"G_TRADE_FROZEN_AMT":0.0,"win":"false","G_SOON_EXPIRE_AMT":0,"G_AVAILABLE_BALANCE":160.0}
15646563977今日签到获得工豆:10
{"numBeans":50,"flag":"success","signDays":8,"numDays":7,"nextDayBeans":10,"returnAmount":10,"G_TRADE_FROZEN_AMT":0.0,"win":"false","G_SOON_EXPIRE_AMT":0,"G_AVAILABLE_BALANCE":160.0}
13141330862今日签到获得工豆:10
{"numBeans":50,"flag":"success","signDays":8,"numDays":7,"nextDayBeans":10,"returnAmount":10,"G_TRADE_FROZEN_AMT":0.0,"win":"false","G_SOON_EXPIRE_AMT":0,"G_AVAILABLE_BALANCE":150.0}
13141330987今日签到获得工豆:10
{"numBeans":50,"flag":"success","signDays":8,"numDays":7,"nextDayBeans":10,"returnAmount":10,"G_TRADE_FROZEN_AMT":0.0,"win":"false","G_SOON_EXPIRE_AMT":0,"G_AVAILABLE_BALANCE":140.0}
13240912500今日签到获得工豆:10
{"numBeans":50,"flag":"success","signDays":8,"numDays":7,"nextDayBeans":10,"returnAmount":10,"G_TRADE_FROZEN_AMT":0.0,"win":"false","G_SOON_EXPIRE_AMT":0,"G_AVAILABLE_BALANCE":160.0}
13240912700今日签到获得工豆:10

【2015-10-12】

【2015-10-13】
{"numBeans":50,"flag":"success","signDays":9,"numDays":7,"nextDayBeans":10,"returnAmount":10,"G_TRADE_FROZEN_AMT":0.0,"win":"false","G_SOON_EXPIRE_AMT":0,"G_AVAILABLE_BALANCE":210.0}
18211085003今日签到获得工豆:10
{"numBeans":50,"flag":"success","signDays":9,"numDays":7,"nextDayBeans":10,"returnAmount":10,"G_TRADE_FROZEN_AMT":0.0,"win":"false","G_SOON_EXPIRE_AMT":0,"G_AVAILABLE_BALANCE":170.0}
15646563977今日签到获得工豆:10
{"numBeans":50,"flag":"success","signDays":9,"numDays":7,"nextDayBeans":10,"returnAmount":10,"G_TRADE_FROZEN_AMT":0.0,"win":"false","G_SOON_EXPIRE_AMT":0,"G_AVAILABLE_BALANCE":170.0}
13141330862今日签到获得工豆:10
{"numBeans":50,"flag":"success","signDays":9,"numDays":7,"nextDayBeans":10,"returnAmount":10,"G_TRADE_FROZEN_AMT":0.0,"win":"false","G_SOON_EXPIRE_AMT":0,"G_AVAILABLE_BALANCE":160.0}
13141330987今日签到获得工豆:10
{"flag":"already","signDays":9,"G_TRADE_FROZEN_AMT":0.0,"G_SOON_EXPIRE_AMT":0,"G_AVAILABLE_BALANCE":150.0}
13240912500今日已经签到过!
{"numBeans":50,"flag":"success","signDays":9,"numDays":7,"nextDayBeans":10,"returnAmount":10,"G_TRADE_FROZEN_AMT":0.0,"win":"false","G_SOON_EXPIRE_AMT":0,"G_AVAILABLE_BALANCE":170.0}
13240912700今日签到获得工豆:10

【2015-10-13】
{"flag":"already","signDays":9,"G_TRADE_FROZEN_AMT":0.0,"G_SOON_EXPIRE_AMT":0,"G_AVAILABLE_BALANCE":210.0}
18211085003今日已经签到过!
{"flag":"already","signDays":9,"G_TRADE_FROZEN_AMT":0.0,"G_SOON_EXPIRE_AMT":0,"G_AVAILABLE_BALANCE":170.0}
15646563977今日已经签到过!
{"flag":"already","signDays":9,"G_TRADE_FROZEN_AMT":0.0,"G_SOON_EXPIRE_AMT":0,"G_AVAILABLE_BALANCE":170.0}
13141330862今日已经签到过!
{"flag":"already","signDays":9,"G_TRADE_FROZEN_AMT":0.0,"G_SOON_EXPIRE_AMT":0,"G_AVAILABLE_BALANCE":160.0}
13141330987今日已经签到过!
{"flag":"already","signDays":9,"G_TRADE_FROZEN_AMT":0.0,"G_SOON_EXPIRE_AMT":0,"G_AVAILABLE_BALANCE":150.0}
13240912500今日已经签到过!
{"flag":"already","signDays":9,"G_TRADE_FROZEN_AMT":0.0,"G_SOON_EXPIRE_AMT":0,"G_AVAILABLE_BALANCE":170.0}
13240912700今日已经签到过!

【2015-10-14】
{"flag":"already","signDays":10,"G_TRADE_FROZEN_AMT":210.0,"G_SOON_EXPIRE_AMT":0,"G_AVAILABLE_BALANCE":10.0}
18211085003今日已经签到过!
{"numBeans":50,"flag":"success","signDays":10,"numDays":7,"nextDayBeans":10,"returnAmount":10,"G_TRADE_FROZEN_AMT":0.0,"win":"false","G_SOON_EXPIRE_AMT":0,"G_AVAILABLE_BALANCE":180.0}
15646563977今日签到获得工豆:10
{"numBeans":50,"flag":"success","signDays":10,"numDays":7,"nextDayBeans":10,"returnAmount":10,"G_TRADE_FROZEN_AMT":0.0,"win":"false","G_SOON_EXPIRE_AMT":0,"G_AVAILABLE_BALANCE":180.0}
13141330862今日签到获得工豆:10
{"numBeans":50,"flag":"success","signDays":10,"numDays":7,"nextDayBeans":10,"returnAmount":10,"G_TRADE_FROZEN_AMT":0.0,"win":"false","G_SOON_EXPIRE_AMT":0,"G_AVAILABLE_BALANCE":170.0}
13141330987今日签到获得工豆:10
{"flag":"already","signDays":10,"G_TRADE_FROZEN_AMT":150.0,"G_SOON_EXPIRE_AMT":0,"G_AVAILABLE_BALANCE":10.0}
13240912500今日已经签到过!
{"numBeans":50,"flag":"success","signDays":10,"numDays":7,"nextDayBeans":10,"returnAmount":10,"G_TRADE_FROZEN_AMT":0.0,"win":"false","G_SOON_EXPIRE_AMT":0,"G_AVAILABLE_BALANCE":180.0}
13240912700今日签到获得工豆:10

【2015-10-14】
{"flag":"already","signDays":10,"G_TRADE_FROZEN_AMT":210.0,"G_SOON_EXPIRE_AMT":0,"G_AVAILABLE_BALANCE":10.0}
18211085003今日已经签到过!
{"flag":"already","signDays":10,"G_TRADE_FROZEN_AMT":0.0,"G_SOON_EXPIRE_AMT":0,"G_AVAILABLE_BALANCE":180.0}
15646563977今日已经签到过!
{"flag":"already","signDays":10,"G_TRADE_FROZEN_AMT":0.0,"G_SOON_EXPIRE_AMT":0,"G_AVAILABLE_BALANCE":180.0}
13141330862今日已经签到过!
{"flag":"already","signDays":10,"G_TRADE_FROZEN_AMT":0.0,"G_SOON_EXPIRE_AMT":0,"G_AVAILABLE_BALANCE":170.0}
13141330987今日已经签到过!
{"flag":"already","signDays":10,"G_TRADE_FROZEN_AMT":150.0,"G_SOON_EXPIRE_AMT":0,"G_AVAILABLE_BALANCE":10.0}
13240912500今日已经签到过!
{"flag":"already","signDays":10,"G_TRADE_FROZEN_AMT":0.0,"G_SOON_EXPIRE_AMT":0,"G_AVAILABLE_BALANCE":180.0}
13240912700今日已经签到过!

【2015-10-15】
{"numBeans":50,"flag":"success","signDays":11,"numDays":7,"nextDayBeans":10,"returnAmount":10,"G_TRADE_FROZEN_AMT":0.0,"win":"false","G_SOON_EXPIRE_AMT":100,"G_AVAILABLE_BALANCE":168.0}
18211085003今日签到获得工豆:10
{"numBeans":50,"flag":"success","signDays":11,"numDays":7,"nextDayBeans":10,"returnAmount":10,"G_TRADE_FROZEN_AMT":0.0,"win":"false","G_SOON_EXPIRE_AMT":0,"G_AVAILABLE_BALANCE":238.0}
15646563977今日签到获得工豆:10
{"numBeans":50,"flag":"success","signDays":11,"numDays":7,"nextDayBeans":10,"returnAmount":10,"G_TRADE_FROZEN_AMT":0.0,"win":"false","G_SOON_EXPIRE_AMT":0,"G_AVAILABLE_BALANCE":190.0}
13141330862今日签到获得工豆:10
{"numBeans":50,"flag":"success","signDays":11,"numDays":7,"nextDayBeans":10,"returnAmount":10,"G_TRADE_FROZEN_AMT":0.0,"win":"false","G_SOON_EXPIRE_AMT":0,"G_AVAILABLE_BALANCE":180.0}
13141330987今日签到获得工豆:10
{"numBeans":50,"flag":"success","signDays":11,"numDays":7,"nextDayBeans":10,"returnAmount":10,"G_TRADE_FROZEN_AMT":0.0,"win":"false","G_SOON_EXPIRE_AMT":0,"G_AVAILABLE_BALANCE":20.0}
13240912500今日签到获得工豆:10
{"numBeans":50,"flag":"success","signDays":11,"numDays":7,"nextDayBeans":10,"returnAmount":10,"G_TRADE_FROZEN_AMT":0.0,"win":"false","G_SOON_EXPIRE_AMT":0,"G_AVAILABLE_BALANCE":190.0}
13240912700今日签到获得工豆:10

【2015-10-15】
{"flag":"already","signDays":11,"G_TRADE_FROZEN_AMT":0.0,"G_SOON_EXPIRE_AMT":100,"G_AVAILABLE_BALANCE":168.0}
18211085003今日已经签到过!
{"flag":"already","signDays":11,"G_TRADE_FROZEN_AMT":0.0,"G_SOON_EXPIRE_AMT":0,"G_AVAILABLE_BALANCE":238.0}
15646563977今日已经签到过!
{"flag":"already","signDays":11,"G_TRADE_FROZEN_AMT":0.0,"G_SOON_EXPIRE_AMT":0,"G_AVAILABLE_BALANCE":190.0}
13141330862今日已经签到过!
{"flag":"already","signDays":11,"G_TRADE_FROZEN_AMT":0.0,"G_SOON_EXPIRE_AMT":0,"G_AVAILABLE_BALANCE":180.0}
13141330987今日已经签到过!
{"flag":"already","signDays":11,"G_TRADE_FROZEN_AMT":0.0,"G_SOON_EXPIRE_AMT":0,"G_AVAILABLE_BALANCE":20.0}
13240912500今日已经签到过!
{"flag":"already","signDays":11,"G_TRADE_FROZEN_AMT":0.0,"G_SOON_EXPIRE_AMT":0,"G_AVAILABLE_BALANCE":190.0}
13240912700今日已经签到过!

【2015-10-16】
{"numBeans":50,"flag":"success","signDays":12,"numDays":7,"nextDayBeans":10,"returnAmount":10,"G_TRADE_FROZEN_AMT":0.0,"win":"false","G_SOON_EXPIRE_AMT":100,"G_AVAILABLE_BALANCE":178.0}
18211085003今日签到获得工豆:10
{"numBeans":50,"flag":"success","signDays":12,"numDays":7,"nextDayBeans":10,"returnAmount":10,"G_TRADE_FROZEN_AMT":0.0,"win":"false","G_SOON_EXPIRE_AMT":0,"G_AVAILABLE_BALANCE":248.0}
15646563977今日签到获得工豆:10
{"numBeans":50,"flag":"success","signDays":12,"numDays":7,"nextDayBeans":10,"returnAmount":10,"G_TRADE_FROZEN_AMT":0.0,"win":"false","G_SOON_EXPIRE_AMT":0,"G_AVAILABLE_BALANCE":200.0}
13141330862今日签到获得工豆:10
{"numBeans":50,"flag":"success","signDays":12,"numDays":7,"nextDayBeans":10,"returnAmount":10,"G_TRADE_FROZEN_AMT":0.0,"win":"false","G_SOON_EXPIRE_AMT":0,"G_AVAILABLE_BALANCE":190.0}
13141330987今日签到获得工豆:10
{"nextDayBeans":10,"signDays":12,"codeConfig":"http://fore.9888.cn/weixin/bao/?sn=","win":"true","G_SOON_EXPIRE_AMT":0,"G_AVAILABLE_BALANCE":30.0,"redPageAccount":5.0,"numBeans":50,"rewardAmt":1.0,"winInvestMultip":null,"flag":"success","scratchCardId":"504135","winType":"4","numDays":7,"returnAmount":10,"redPageCount":1,"G_TRADE_FROZEN_AMT":0.0,"cardNum":"2A4419F5299FF270AF9B610D91521333","winAmount":5.0}
13240912500今日签到获得工豆:10
{"numBeans":50,"flag":"success","signDays":12,"numDays":7,"nextDayBeans":10,"returnAmount":10,"G_TRADE_FROZEN_AMT":0.0,"win":"false","G_SOON_EXPIRE_AMT":0,"G_AVAILABLE_BALANCE":200.0}
13240912700今日签到获得工豆:10

【2015-10-16】
{"flag":"already","signDays":12,"G_TRADE_FROZEN_AMT":0.0,"G_SOON_EXPIRE_AMT":100,"G_AVAILABLE_BALANCE":178.0}
18211085003今日已经签到过!
{"flag":"already","signDays":12,"G_TRADE_FROZEN_AMT":0.0,"G_SOON_EXPIRE_AMT":0,"G_AVAILABLE_BALANCE":248.0}
15646563977今日已经签到过!
{"flag":"already","signDays":12,"G_TRADE_FROZEN_AMT":0.0,"G_SOON_EXPIRE_AMT":0,"G_AVAILABLE_BALANCE":200.0}
13141330862今日已经签到过!
{"flag":"already","signDays":12,"G_TRADE_FROZEN_AMT":0.0,"G_SOON_EXPIRE_AMT":0,"G_AVAILABLE_BALANCE":190.0}
13141330987今日已经签到过!
{"flag":"already","signDays":12,"G_TRADE_FROZEN_AMT":0.0,"G_SOON_EXPIRE_AMT":0,"G_AVAILABLE_BALANCE":30.0}
13240912500今日已经签到过!
{"flag":"already","signDays":12,"G_TRADE_FROZEN_AMT":0.0,"G_SOON_EXPIRE_AMT":0,"G_AVAILABLE_BALANCE":200.0}
13240912700今日已经签到过!

【2015-10-17】
{"numBeans":50,"flag":"success","signDays":13,"numDays":7,"nextDayBeans":60,"returnAmount":10,"G_TRADE_FROZEN_AMT":0.0,"win":"false","G_SOON_EXPIRE_AMT":100,"G_AVAILABLE_BALANCE":188.0}
18211085003今日签到获得工豆:10
{"numBeans":50,"flag":"success","signDays":13,"numDays":7,"nextDayBeans":60,"returnAmount":10,"G_TRADE_FROZEN_AMT":0.0,"win":"false","G_SOON_EXPIRE_AMT":0,"G_AVAILABLE_BALANCE":258.0}
15646563977今日签到获得工豆:10
{"numBeans":50,"flag":"success","signDays":13,"numDays":7,"nextDayBeans":60,"returnAmount":10,"G_TRADE_FROZEN_AMT":0.0,"win":"false","G_SOON_EXPIRE_AMT":0,"G_AVAILABLE_BALANCE":210.0}
13141330862今日签到获得工豆:10
{"numBeans":50,"flag":"success","signDays":13,"numDays":7,"nextDayBeans":60,"returnAmount":10,"G_TRADE_FROZEN_AMT":0.0,"win":"false","G_SOON_EXPIRE_AMT":0,"G_AVAILABLE_BALANCE":200.0}
13141330987今日签到获得工豆:10
{"numBeans":50,"flag":"success","signDays":13,"numDays":7,"nextDayBeans":60,"returnAmount":10,"G_TRADE_FROZEN_AMT":0.0,"win":"false","G_SOON_EXPIRE_AMT":0,"G_AVAILABLE_BALANCE":40.0}
13240912500今日签到获得工豆:10
{"numBeans":50,"flag":"success","signDays":13,"numDays":7,"nextDayBeans":60,"returnAmount":10,"G_TRADE_FROZEN_AMT":0.0,"win":"false","G_SOON_EXPIRE_AMT":0,"G_AVAILABLE_BALANCE":210.0}
13240912700今日签到获得工豆:10

【2015-10-17】
{"flag":"already","signDays":13,"G_TRADE_FROZEN_AMT":0.0,"G_SOON_EXPIRE_AMT":100,"G_AVAILABLE_BALANCE":188.0}
18211085003今日已经签到过!
{"flag":"already","signDays":13,"G_TRADE_FROZEN_AMT":0.0,"G_SOON_EXPIRE_AMT":0,"G_AVAILABLE_BALANCE":258.0}
15646563977今日已经签到过!
{"flag":"already","signDays":13,"G_TRADE_FROZEN_AMT":0.0,"G_SOON_EXPIRE_AMT":0,"G_AVAILABLE_BALANCE":210.0}
13141330862今日已经签到过!
{"flag":"already","signDays":13,"G_TRADE_FROZEN_AMT":0.0,"G_SOON_EXPIRE_AMT":0,"G_AVAILABLE_BALANCE":200.0}
13141330987今日已经签到过!
{"flag":"already","signDays":13,"G_TRADE_FROZEN_AMT":0.0,"G_SOON_EXPIRE_AMT":0,"G_AVAILABLE_BALANCE":40.0}
13240912500今日已经签到过!
{"flag":"already","signDays":13,"G_TRADE_FROZEN_AMT":0.0,"G_SOON_EXPIRE_AMT":0,"G_AVAILABLE_BALANCE":210.0}
13240912700今日已经签到过!

【2015-10-18】
{"numBeans":50,"flag":"success","signDays":14,"numDays":7,"nextDayBeans":10,"returnAmount":10,"G_TRADE_FROZEN_AMT":0.0,"otherBeans":50,"win":"false","G_SOON_EXPIRE_AMT":100,"G_AVAILABLE_BALANCE":248.0}
18211085003今日签到获得工豆:10
{"numBeans":50,"flag":"success","signDays":14,"numDays":7,"nextDayBeans":10,"returnAmount":10,"G_TRADE_FROZEN_AMT":0.0,"otherBeans":50,"win":"false","G_SOON_EXPIRE_AMT":0,"G_AVAILABLE_BALANCE":318.0}
15646563977今日签到获得工豆:10
{"numBeans":50,"flag":"success","signDays":14,"numDays":7,"nextDayBeans":10,"returnAmount":10,"G_TRADE_FROZEN_AMT":0.0,"otherBeans":50,"win":"false","G_SOON_EXPIRE_AMT":0,"G_AVAILABLE_BALANCE":270.0}
13141330862今日签到获得工豆:10
{"numBeans":50,"flag":"success","signDays":14,"numDays":7,"nextDayBeans":10,"returnAmount":10,"G_TRADE_FROZEN_AMT":0.0,"otherBeans":50,"win":"false","G_SOON_EXPIRE_AMT":0,"G_AVAILABLE_BALANCE":260.0}
13141330987今日签到获得工豆:10
{"numBeans":50,"flag":"success","signDays":14,"numDays":7,"nextDayBeans":10,"returnAmount":10,"G_TRADE_FROZEN_AMT":0.0,"otherBeans":50,"win":"false","G_SOON_EXPIRE_AMT":0,"G_AVAILABLE_BALANCE":100.0}
13240912500今日签到获得工豆:10
{"numBeans":50,"flag":"success","signDays":14,"numDays":7,"nextDayBeans":10,"returnAmount":10,"G_TRADE_FROZEN_AMT":0.0,"otherBeans":50,"win":"false","G_SOON_EXPIRE_AMT":0,"G_AVAILABLE_BALANCE":270.0}
13240912700今日签到获得工豆:10

【2015-10-18】
{"flag":"already","signDays":14,"G_TRADE_FROZEN_AMT":0.0,"G_SOON_EXPIRE_AMT":100,"G_AVAILABLE_BALANCE":248.0}
18211085003今日已经签到过!
{"flag":"already","signDays":14,"G_TRADE_FROZEN_AMT":0.0,"G_SOON_EXPIRE_AMT":0,"G_AVAILABLE_BALANCE":318.0}
15646563977今日已经签到过!
{"flag":"already","signDays":14,"G_TRADE_FROZEN_AMT":0.0,"G_SOON_EXPIRE_AMT":0,"G_AVAILABLE_BALANCE":270.0}
13141330862今日已经签到过!
{"flag":"already","signDays":14,"G_TRADE_FROZEN_AMT":0.0,"G_SOON_EXPIRE_AMT":0,"G_AVAILABLE_BALANCE":260.0}
13141330987今日已经签到过!
{"flag":"already","signDays":14,"G_TRADE_FROZEN_AMT":0.0,"G_SOON_EXPIRE_AMT":0,"G_AVAILABLE_BALANCE":100.0}
13240912500今日已经签到过!
{"flag":"already","signDays":14,"G_TRADE_FROZEN_AMT":0.0,"G_SOON_EXPIRE_AMT":0,"G_AVAILABLE_BALANCE":270.0}
13240912700今日已经签到过!

【2015-10-19】
{"nextDayBeans":10,"signDays":15,"codeConfig":"http://fore.9888.cn/weixin/bao/?sn=","win":"true","G_SOON_EXPIRE_AMT":0,"G_AVAILABLE_BALANCE":158.0,"redPageAccount":5.0,"numBeans":50,"rewardAmt":1.0,"winInvestMultip":null,"flag":"success","scratchCardId":"511074","winType":"4","numDays":7,"returnAmount":10,"redPageCount":1,"G_TRADE_FROZEN_AMT":0.0,"cardNum":"D62D097607F2CA7B5C1B3537F3E5BC4C","winAmount":5.0}
18211085003今日签到获得工豆:10
{"numBeans":50,"flag":"success","signDays":15,"numDays":7,"nextDayBeans":10,"returnAmount":10,"G_TRADE_FROZEN_AMT":0.0,"win":"false","G_SOON_EXPIRE_AMT":0,"G_AVAILABLE_BALANCE":328.0}
15646563977今日签到获得工豆:10
{"numBeans":50,"flag":"success","signDays":15,"numDays":7,"nextDayBeans":10,"returnAmount":10,"G_TRADE_FROZEN_AMT":0.0,"win":"false","G_SOON_EXPIRE_AMT":0,"G_AVAILABLE_BALANCE":280.0}
13141330862今日签到获得工豆:10
{"numBeans":50,"flag":"success","signDays":15,"numDays":7,"nextDayBeans":10,"returnAmount":10,"G_TRADE_FROZEN_AMT":0.0,"win":"false","G_SOON_EXPIRE_AMT":0,"G_AVAILABLE_BALANCE":270.0}
13141330987今日签到获得工豆:10
{"numBeans":50,"flag":"success","signDays":15,"numDays":7,"nextDayBeans":10,"returnAmount":10,"G_TRADE_FROZEN_AMT":0.0,"win":"false","G_SOON_EXPIRE_AMT":0,"G_AVAILABLE_BALANCE":110.0}
13240912500今日签到获得工豆:10
{"numBeans":50,"flag":"success","signDays":15,"numDays":7,"nextDayBeans":10,"returnAmount":10,"G_TRADE_FROZEN_AMT":0.0,"win":"false","G_SOON_EXPIRE_AMT":0,"G_AVAILABLE_BALANCE":280.0}
13240912700今日签到获得工豆:10


【2015-10-20】
{"numBeans":50,"flag":"success","signDays":16,"numDays":7,"nextDayBeans":10,"returnAmount":10,"G_TRADE_FROZEN_AMT":0.0,"win":"false","G_SOON_EXPIRE_AMT":100,"G_AVAILABLE_BALANCE":268.0}
18211085003今日签到获得工豆:10
{"numBeans":50,"flag":"success","signDays":16,"numDays":7,"nextDayBeans":10,"returnAmount":10,"G_TRADE_FROZEN_AMT":0.0,"win":"false","G_SOON_EXPIRE_AMT":0,"G_AVAILABLE_BALANCE":338.0}
15646563977今日签到获得工豆:10
{"numBeans":50,"flag":"success","signDays":16,"numDays":7,"nextDayBeans":10,"returnAmount":10,"G_TRADE_FROZEN_AMT":0.0,"win":"false","G_SOON_EXPIRE_AMT":0,"G_AVAILABLE_BALANCE":290.0}
13141330862今日签到获得工豆:10
{"numBeans":50,"flag":"success","signDays":16,"numDays":7,"nextDayBeans":10,"returnAmount":10,"G_TRADE_FROZEN_AMT":0.0,"win":"false","G_SOON_EXPIRE_AMT":0,"G_AVAILABLE_BALANCE":280.0}
13141330987今日签到获得工豆:10
{"numBeans":50,"flag":"success","signDays":16,"numDays":7,"nextDayBeans":10,"returnAmount":10,"G_TRADE_FROZEN_AMT":0.0,"win":"false","G_SOON_EXPIRE_AMT":0,"G_AVAILABLE_BALANCE":120.0}
13240912500今日签到获得工豆:10
{"numBeans":50,"flag":"success","signDays":16,"numDays":7,"nextDayBeans":10,"returnAmount":10,"G_TRADE_FROZEN_AMT":0.0,"win":"false","G_SOON_EXPIRE_AMT":0,"G_AVAILABLE_BALANCE":290.0}
13240912700今日签到获得工豆:10

【2015-10-20】
{"flag":"already","signDays":16,"G_TRADE_FROZEN_AMT":0.0,"G_SOON_EXPIRE_AMT":100,"G_AVAILABLE_BALANCE":268.0}
18211085003今日已经签到过!
{"flag":"already","signDays":16,"G_TRADE_FROZEN_AMT":0.0,"G_SOON_EXPIRE_AMT":0,"G_AVAILABLE_BALANCE":338.0}
15646563977今日已经签到过!
{"flag":"already","signDays":16,"G_TRADE_FROZEN_AMT":0.0,"G_SOON_EXPIRE_AMT":0,"G_AVAILABLE_BALANCE":290.0}
13141330862今日已经签到过!
{"flag":"already","signDays":16,"G_TRADE_FROZEN_AMT":0.0,"G_SOON_EXPIRE_AMT":0,"G_AVAILABLE_BALANCE":280.0}
13141330987今日已经签到过!
{"flag":"already","signDays":16,"G_TRADE_FROZEN_AMT":0.0,"G_SOON_EXPIRE_AMT":0,"G_AVAILABLE_BALANCE":120.0}
13240912500今日已经签到过!
{"flag":"already","signDays":16,"G_TRADE_FROZEN_AMT":0.0,"G_SOON_EXPIRE_AMT":0,"G_AVAILABLE_BALANCE":290.0}
13240912700今日已经签到过!

【2015-10-21】
{"numBeans":50,"flag":"success","signDays":17,"numDays":7,"nextDayBeans":10,"returnAmount":10,"G_TRADE_FROZEN_AMT":0.0,"win":"false","G_SOON_EXPIRE_AMT":100,"G_AVAILABLE_BALANCE":278.0}
18211085003今日签到获得工豆:10
{"numBeans":50,"flag":"success","signDays":17,"numDays":7,"nextDayBeans":10,"returnAmount":10,"G_TRADE_FROZEN_AMT":0.0,"win":"false","G_SOON_EXPIRE_AMT":0,"G_AVAILABLE_BALANCE":348.0}
15646563977今日签到获得工豆:10
{"numBeans":50,"flag":"success","signDays":17,"numDays":7,"nextDayBeans":10,"returnAmount":10,"G_TRADE_FROZEN_AMT":0.0,"win":"false","G_SOON_EXPIRE_AMT":0,"G_AVAILABLE_BALANCE":300.0}
13141330862今日签到获得工豆:10
{"numBeans":50,"flag":"success","signDays":17,"numDays":7,"nextDayBeans":10,"returnAmount":10,"G_TRADE_FROZEN_AMT":0.0,"win":"false","G_SOON_EXPIRE_AMT":0,"G_AVAILABLE_BALANCE":290.0}
13141330987今日签到获得工豆:10
{"numBeans":50,"flag":"success","signDays":17,"numDays":7,"nextDayBeans":10,"returnAmount":10,"G_TRADE_FROZEN_AMT":0.0,"win":"false","G_SOON_EXPIRE_AMT":0,"G_AVAILABLE_BALANCE":130.0}
13240912500今日签到获得工豆:10
{"numBeans":50,"flag":"success","signDays":17,"numDays":7,"nextDayBeans":10,"returnAmount":10,"G_TRADE_FROZEN_AMT":0.0,"win":"false","G_SOON_EXPIRE_AMT":0,"G_AVAILABLE_BALANCE":300.0}
13240912700今日签到获得工豆:10

【2015-10-21】
{"flag":"already","signDays":17,"G_TRADE_FROZEN_AMT":0.0,"G_SOON_EXPIRE_AMT":100,"G_AVAILABLE_BALANCE":278.0}
18211085003今日已经签到过!
{"flag":"already","signDays":17,"G_TRADE_FROZEN_AMT":0.0,"G_SOON_EXPIRE_AMT":0,"G_AVAILABLE_BALANCE":348.0}
15646563977今日已经签到过!
{"flag":"already","signDays":17,"G_TRADE_FROZEN_AMT":0.0,"G_SOON_EXPIRE_AMT":0,"G_AVAILABLE_BALANCE":300.0}
13141330862今日已经签到过!
{"flag":"already","signDays":17,"G_TRADE_FROZEN_AMT":0.0,"G_SOON_EXPIRE_AMT":0,"G_AVAILABLE_BALANCE":290.0}
13141330987今日已经签到过!
{"flag":"already","signDays":17,"G_TRADE_FROZEN_AMT":0.0,"G_SOON_EXPIRE_AMT":0,"G_AVAILABLE_BALANCE":130.0}
13240912500今日已经签到过!
{"flag":"already","signDays":17,"G_TRADE_FROZEN_AMT":0.0,"G_SOON_EXPIRE_AMT":0,"G_AVAILABLE_BALANCE":300.0}
13240912700今日已经签到过!

【2015-10-22】
{"numBeans":50,"flag":"success","signDays":18,"numDays":7,"nextDayBeans":10,"returnAmount":10,"G_TRADE_FROZEN_AMT":0.0,"win":"false","G_SOON_EXPIRE_AMT":100,"G_AVAILABLE_BALANCE":288.0}
18211085003今日签到获得工豆:10
{"numBeans":50,"flag":"success","signDays":18,"numDays":7,"nextDayBeans":10,"returnAmount":10,"G_TRADE_FROZEN_AMT":0.0,"win":"false","G_SOON_EXPIRE_AMT":0,"G_AVAILABLE_BALANCE":358.0}
15646563977今日签到获得工豆:10
{"numBeans":50,"flag":"success","signDays":18,"numDays":7,"nextDayBeans":10,"returnAmount":10,"G_TRADE_FROZEN_AMT":0.0,"win":"false","G_SOON_EXPIRE_AMT":0,"G_AVAILABLE_BALANCE":310.0}
13141330862今日签到获得工豆:10
{"numBeans":50,"flag":"success","signDays":18,"numDays":7,"nextDayBeans":10,"returnAmount":10,"G_TRADE_FROZEN_AMT":0.0,"win":"false","G_SOON_EXPIRE_AMT":0,"G_AVAILABLE_BALANCE":300.0}
13141330987今日签到获得工豆:10
{"numBeans":50,"flag":"success","signDays":18,"numDays":7,"nextDayBeans":10,"returnAmount":10,"G_TRADE_FROZEN_AMT":0.0,"win":"false","G_SOON_EXPIRE_AMT":0,"G_AVAILABLE_BALANCE":140.0}
13240912500今日签到获得工豆:10
{"numBeans":50,"flag":"success","signDays":18,"numDays":7,"nextDayBeans":10,"returnAmount":10,"G_TRADE_FROZEN_AMT":0.0,"win":"false","G_SOON_EXPIRE_AMT":0,"G_AVAILABLE_BALANCE":310.0}
13240912700今日签到获得工豆:10

【2015-10-22】
{"flag":"already","signDays":18,"G_TRADE_FROZEN_AMT":0.0,"G_SOON_EXPIRE_AMT":100,"G_AVAILABLE_BALANCE":288.0}
18211085003今日已经签到过!
{"flag":"already","signDays":18,"G_TRADE_FROZEN_AMT":0.0,"G_SOON_EXPIRE_AMT":0,"G_AVAILABLE_BALANCE":358.0}
15646563977今日已经签到过!
{"flag":"already","signDays":18,"G_TRADE_FROZEN_AMT":0.0,"G_SOON_EXPIRE_AMT":0,"G_AVAILABLE_BALANCE":310.0}
13141330862今日已经签到过!
{"flag":"already","signDays":18,"G_TRADE_FROZEN_AMT":0.0,"G_SOON_EXPIRE_AMT":0,"G_AVAILABLE_BALANCE":300.0}
13141330987今日已经签到过!
{"flag":"already","signDays":18,"G_TRADE_FROZEN_AMT":0.0,"G_SOON_EXPIRE_AMT":0,"G_AVAILABLE_BALANCE":140.0}
13240912500今日已经签到过!
{"flag":"already","signDays":18,"G_TRADE_FROZEN_AMT":0.0,"G_SOON_EXPIRE_AMT":0,"G_AVAILABLE_BALANCE":310.0}
13240912700今日已经签到过!

【2015-10-23】
{"flag":"already","signDays":19,"G_TRADE_FROZEN_AMT":0.0,"G_SOON_EXPIRE_AMT":0,"G_AVAILABLE_BALANCE":198.0}
18211085003今日已经签到过!

【2015-10-23】
{"flag":"already","signDays":19,"G_TRADE_FROZEN_AMT":0.0,"G_SOON_EXPIRE_AMT":0,"G_AVAILABLE_BALANCE":198.0}
18211085003今日已经签到过!
{"flag":"already","signDays":19,"G_TRADE_FROZEN_AMT":0.0,"G_SOON_EXPIRE_AMT":0,"G_AVAILABLE_BALANCE":368.0}
15646563977今日已经签到过!
{"flag":"already","signDays":19,"G_TRADE_FROZEN_AMT":0.0,"G_SOON_EXPIRE_AMT":0,"G_AVAILABLE_BALANCE":320.0}
13141330862今日已经签到过!
{"flag":"already","signDays":19,"G_TRADE_FROZEN_AMT":0.0,"G_SOON_EXPIRE_AMT":0,"G_AVAILABLE_BALANCE":310.0}
13141330987今日已经签到过!
{"flag":"already","signDays":19,"G_TRADE_FROZEN_AMT":0.0,"G_SOON_EXPIRE_AMT":0,"G_AVAILABLE_BALANCE":150.0}
13240912500今日已经签到过!
{"numBeans":50,"flag":"success","signDays":19,"numDays":7,"nextDayBeans":10,"returnAmount":10,"G_TRADE_FROZEN_AMT":0.0,"win":"false","G_SOON_EXPIRE_AMT":0,"G_AVAILABLE_BALANCE":320.0}
13240912700今日签到获得工豆:10

【2015-10-24】
{"numBeans":50,"flag":"success","signDays":20,"numDays":7,"nextDayBeans":60,"returnAmount":10,"G_TRADE_FROZEN_AMT":0.0,"win":"false","G_SOON_EXPIRE_AMT":0,"G_AVAILABLE_BALANCE":208.0}
18211085003今日签到获得工豆:10
{"numBeans":50,"flag":"success","signDays":20,"numDays":7,"nextDayBeans":60,"returnAmount":10,"G_TRADE_FROZEN_AMT":0.0,"win":"false","G_SOON_EXPIRE_AMT":0,"G_AVAILABLE_BALANCE":378.0}
15646563977今日签到获得工豆:10
{"numBeans":50,"flag":"success","signDays":20,"numDays":7,"nextDayBeans":60,"returnAmount":10,"G_TRADE_FROZEN_AMT":0.0,"win":"false","G_SOON_EXPIRE_AMT":0,"G_AVAILABLE_BALANCE":330.0}
13141330862今日签到获得工豆:10
{"numBeans":50,"flag":"success","signDays":20,"numDays":7,"nextDayBeans":60,"returnAmount":10,"G_TRADE_FROZEN_AMT":0.0,"win":"false","G_SOON_EXPIRE_AMT":0,"G_AVAILABLE_BALANCE":320.0}
13141330987今日签到获得工豆:10
{"numBeans":50,"flag":"success","signDays":20,"numDays":7,"nextDayBeans":60,"returnAmount":10,"G_TRADE_FROZEN_AMT":0.0,"win":"false","G_SOON_EXPIRE_AMT":0,"G_AVAILABLE_BALANCE":160.0}
13240912500今日签到获得工豆:10
{"nextDayBeans":60,"signDays":20,"codeConfig":"http://fore.9888.cn/weixin/bao/?sn=","win":"true","G_SOON_EXPIRE_AMT":0,"G_AVAILABLE_BALANCE":330.0,"redPageAccount":5.0,"numBeans":50,"rewardAmt":1.0,"winInvestMultip":null,"flag":"success","scratchCardId":"525333","winType":"4","numDays":7,"returnAmount":10,"redPageCount":1,"G_TRADE_FROZEN_AMT":0.0,"cardNum":"9445659D5808B2091EE3A83CC46E8D4B","winAmount":5.0}
13240912700今日签到获得工豆:10

【2015-10-24】
{"flag":"already","signDays":20,"G_TRADE_FROZEN_AMT":0.0,"G_SOON_EXPIRE_AMT":0,"G_AVAILABLE_BALANCE":208.0}
18211085003今日已经签到过!
{"flag":"already","signDays":20,"G_TRADE_FROZEN_AMT":0.0,"G_SOON_EXPIRE_AMT":0,"G_AVAILABLE_BALANCE":378.0}
15646563977今日已经签到过!
{"flag":"already","signDays":20,"G_TRADE_FROZEN_AMT":0.0,"G_SOON_EXPIRE_AMT":0,"G_AVAILABLE_BALANCE":330.0}
13141330862今日已经签到过!
{"flag":"already","signDays":20,"G_TRADE_FROZEN_AMT":0.0,"G_SOON_EXPIRE_AMT":0,"G_AVAILABLE_BALANCE":320.0}
13141330987今日已经签到过!
{"flag":"already","signDays":20,"G_TRADE_FROZEN_AMT":0.0,"G_SOON_EXPIRE_AMT":0,"G_AVAILABLE_BALANCE":160.0}
13240912500今日已经签到过!
{"flag":"already","signDays":20,"G_TRADE_FROZEN_AMT":0.0,"G_SOON_EXPIRE_AMT":100,"G_AVAILABLE_BALANCE":430.0}
13240912700今日已经签到过!

【2015-10-25】
{"numBeans":50,"flag":"success","signDays":21,"numDays":7,"nextDayBeans":10,"returnAmount":10,"G_TRADE_FROZEN_AMT":0.0,"otherBeans":50,"win":"false","G_SOON_EXPIRE_AMT":0,"G_AVAILABLE_BALANCE":268.0}
18211085003今日签到获得工豆:10
{"numBeans":50,"flag":"success","signDays":21,"numDays":7,"nextDayBeans":10,"returnAmount":10,"G_TRADE_FROZEN_AMT":0.0,"otherBeans":50,"win":"false","G_SOON_EXPIRE_AMT":0,"G_AVAILABLE_BALANCE":438.0}
15646563977今日签到获得工豆:10
{"numBeans":50,"flag":"success","signDays":21,"numDays":7,"nextDayBeans":10,"returnAmount":10,"G_TRADE_FROZEN_AMT":0.0,"otherBeans":50,"win":"false","G_SOON_EXPIRE_AMT":0,"G_AVAILABLE_BALANCE":390.0}
13141330862今日签到获得工豆:10
{"numBeans":50,"flag":"success","signDays":21,"numDays":7,"nextDayBeans":10,"returnAmount":10,"G_TRADE_FROZEN_AMT":0.0,"otherBeans":50,"win":"false","G_SOON_EXPIRE_AMT":0,"G_AVAILABLE_BALANCE":380.0}
13141330987今日签到获得工豆:10
{"numBeans":50,"flag":"success","signDays":21,"numDays":7,"nextDayBeans":10,"returnAmount":10,"G_TRADE_FROZEN_AMT":0.0,"otherBeans":50,"win":"false","G_SOON_EXPIRE_AMT":0,"G_AVAILABLE_BALANCE":220.0}
13240912500今日签到获得工豆:10
{"numBeans":50,"flag":"success","signDays":21,"numDays":7,"nextDayBeans":10,"returnAmount":10,"G_TRADE_FROZEN_AMT":0.0,"otherBeans":50,"win":"false","G_SOON_EXPIRE_AMT":100,"G_AVAILABLE_BALANCE":490.0}
13240912700今日签到获得工豆:10

【2015-10-25】
{"flag":"already","signDays":21,"G_TRADE_FROZEN_AMT":0.0,"G_SOON_EXPIRE_AMT":0,"G_AVAILABLE_BALANCE":268.0}
18211085003今日已经签到过!
{"flag":"already","signDays":21,"G_TRADE_FROZEN_AMT":0.0,"G_SOON_EXPIRE_AMT":0,"G_AVAILABLE_BALANCE":438.0}
15646563977今日已经签到过!
{"flag":"already","signDays":21,"G_TRADE_FROZEN_AMT":0.0,"G_SOON_EXPIRE_AMT":0,"G_AVAILABLE_BALANCE":390.0}
13141330862今日已经签到过!
{"flag":"already","signDays":21,"G_TRADE_FROZEN_AMT":0.0,"G_SOON_EXPIRE_AMT":0,"G_AVAILABLE_BALANCE":380.0}
13141330987今日已经签到过!
{"flag":"already","signDays":21,"G_TRADE_FROZEN_AMT":0.0,"G_SOON_EXPIRE_AMT":0,"G_AVAILABLE_BALANCE":220.0}
13240912500今日已经签到过!
{"flag":"already","signDays":21,"G_TRADE_FROZEN_AMT":0.0,"G_SOON_EXPIRE_AMT":100,"G_AVAILABLE_BALANCE":490.0}
13240912700今日已经签到过!

【2015-10-26】
{"numBeans":50,"flag":"success","signDays":22,"numDays":7,"nextDayBeans":10,"returnAmount":10,"G_TRADE_FROZEN_AMT":0.0,"win":"false","G_SOON_EXPIRE_AMT":0,"G_AVAILABLE_BALANCE":278.0}
18211085003今日签到获得工豆:10
{"numBeans":50,"flag":"success","signDays":22,"numDays":7,"nextDayBeans":10,"returnAmount":10,"G_TRADE_FROZEN_AMT":0.0,"win":"false","G_SOON_EXPIRE_AMT":0,"G_AVAILABLE_BALANCE":448.0}
15646563977今日签到获得工豆:10
{"numBeans":50,"flag":"success","signDays":22,"numDays":7,"nextDayBeans":10,"returnAmount":10,"G_TRADE_FROZEN_AMT":0.0,"win":"false","G_SOON_EXPIRE_AMT":0,"G_AVAILABLE_BALANCE":400.0}
13141330862今日签到获得工豆:10
{"numBeans":50,"flag":"success","signDays":22,"numDays":7,"nextDayBeans":10,"returnAmount":10,"G_TRADE_FROZEN_AMT":0.0,"win":"false","G_SOON_EXPIRE_AMT":0,"G_AVAILABLE_BALANCE":390.0}
13141330987今日签到获得工豆:10
{"numBeans":50,"flag":"success","signDays":22,"numDays":7,"nextDayBeans":10,"returnAmount":10,"G_TRADE_FROZEN_AMT":0.0,"win":"false","G_SOON_EXPIRE_AMT":0,"G_AVAILABLE_BALANCE":230.0}
13240912500今日签到获得工豆:10
{"numBeans":50,"flag":"success","signDays":22,"numDays":7,"nextDayBeans":10,"returnAmount":10,"G_TRADE_FROZEN_AMT":0.0,"win":"false","G_SOON_EXPIRE_AMT":100,"G_AVAILABLE_BALANCE":500.0}
13240912700今日签到获得工豆:10

【2015-10-26】
{"flag":"already","signDays":22,"G_TRADE_FROZEN_AMT":0.0,"G_SOON_EXPIRE_AMT":0,"G_AVAILABLE_BALANCE":278.0}
18211085003今日已经签到过!
{"flag":"already","signDays":22,"G_TRADE_FROZEN_AMT":0.0,"G_SOON_EXPIRE_AMT":0,"G_AVAILABLE_BALANCE":448.0}
15646563977今日已经签到过!
{"flag":"already","signDays":22,"G_TRADE_FROZEN_AMT":0.0,"G_SOON_EXPIRE_AMT":0,"G_AVAILABLE_BALANCE":400.0}
13141330862今日已经签到过!
{"flag":"already","signDays":22,"G_TRADE_FROZEN_AMT":0.0,"G_SOON_EXPIRE_AMT":0,"G_AVAILABLE_BALANCE":390.0}
13141330987今日已经签到过!
{"flag":"already","signDays":22,"G_TRADE_FROZEN_AMT":0.0,"G_SOON_EXPIRE_AMT":0,"G_AVAILABLE_BALANCE":230.0}
13240912500今日已经签到过!
{"flag":"already","signDays":22,"G_TRADE_FROZEN_AMT":0.0,"G_SOON_EXPIRE_AMT":100,"G_AVAILABLE_BALANCE":500.0}
13240912700今日已经签到过!

【2015-10-27】
{"flag":"already","signDays":23,"G_TRADE_FROZEN_AMT":0.0,"G_SOON_EXPIRE_AMT":0,"G_AVAILABLE_BALANCE":288.0}
18211085003今日已经签到过!
{"numBeans":50,"flag":"success","signDays":23,"numDays":7,"nextDayBeans":10,"returnAmount":10,"G_TRADE_FROZEN_AMT":0.0,"win":"false","G_SOON_EXPIRE_AMT":0,"G_AVAILABLE_BALANCE":458.0}
15646563977今日签到获得工豆:10
{"numBeans":50,"flag":"success","signDays":23,"numDays":7,"nextDayBeans":10,"returnAmount":10,"G_TRADE_FROZEN_AMT":0.0,"win":"false","G_SOON_EXPIRE_AMT":0,"G_AVAILABLE_BALANCE":410.0}
13141330862今日签到获得工豆:10
{"numBeans":50,"flag":"success","signDays":23,"numDays":7,"nextDayBeans":10,"returnAmount":10,"G_TRADE_FROZEN_AMT":0.0,"win":"false","G_SOON_EXPIRE_AMT":0,"G_AVAILABLE_BALANCE":400.0}
13141330987今日签到获得工豆:10
{"numBeans":50,"flag":"success","signDays":23,"numDays":7,"nextDayBeans":10,"returnAmount":10,"G_TRADE_FROZEN_AMT":0.0,"win":"false","G_SOON_EXPIRE_AMT":0,"G_AVAILABLE_BALANCE":240.0}
13240912500今日签到获得工豆:10
{"numBeans":50,"flag":"success","signDays":23,"numDays":7,"nextDayBeans":10,"returnAmount":10,"G_TRADE_FROZEN_AMT":0.0,"win":"false","G_SOON_EXPIRE_AMT":100,"G_AVAILABLE_BALANCE":510.0}
13240912700今日签到获得工豆:10

【2015-10-27】
{"flag":"already","signDays":23,"G_TRADE_FROZEN_AMT":0.0,"G_SOON_EXPIRE_AMT":0,"G_AVAILABLE_BALANCE":288.0}
18211085003今日已经签到过!
{"flag":"already","signDays":23,"G_TRADE_FROZEN_AMT":0.0,"G_SOON_EXPIRE_AMT":0,"G_AVAILABLE_BALANCE":458.0}
15646563977今日已经签到过!
{"flag":"already","signDays":23,"G_TRADE_FROZEN_AMT":0.0,"G_SOON_EXPIRE_AMT":0,"G_AVAILABLE_BALANCE":410.0}
13141330862今日已经签到过!
{"flag":"already","signDays":23,"G_TRADE_FROZEN_AMT":0.0,"G_SOON_EXPIRE_AMT":0,"G_AVAILABLE_BALANCE":400.0}
13141330987今日已经签到过!
{"flag":"already","signDays":23,"G_TRADE_FROZEN_AMT":0.0,"G_SOON_EXPIRE_AMT":0,"G_AVAILABLE_BALANCE":240.0}
13240912500今日已经签到过!
{"flag":"already","signDays":23,"G_TRADE_FROZEN_AMT":0.0,"G_SOON_EXPIRE_AMT":100,"G_AVAILABLE_BALANCE":510.0}
13240912700今日已经签到过!

【2015-10-28】
{"numBeans":50,"flag":"success","signDays":24,"numDays":7,"nextDayBeans":10,"returnAmount":10,"G_TRADE_FROZEN_AMT":0.0,"win":"false","G_SOON_EXPIRE_AMT":0,"G_AVAILABLE_BALANCE":298.0}
18211085003今日签到获得工豆:10
{"numBeans":50,"flag":"success","signDays":24,"numDays":7,"nextDayBeans":10,"returnAmount":10,"G_TRADE_FROZEN_AMT":0.0,"win":"false","G_SOON_EXPIRE_AMT":0,"G_AVAILABLE_BALANCE":468.0}
15646563977今日签到获得工豆:10
{"numBeans":50,"flag":"success","signDays":24,"numDays":7,"nextDayBeans":10,"returnAmount":10,"G_TRADE_FROZEN_AMT":0.0,"win":"false","G_SOON_EXPIRE_AMT":0,"G_AVAILABLE_BALANCE":420.0}
13141330862今日签到获得工豆:10
{"numBeans":50,"flag":"success","signDays":24,"numDays":7,"nextDayBeans":10,"returnAmount":10,"G_TRADE_FROZEN_AMT":0.0,"win":"false","G_SOON_EXPIRE_AMT":0,"G_AVAILABLE_BALANCE":410.0}
13141330987今日签到获得工豆:10
{"numBeans":50,"flag":"success","signDays":24,"numDays":7,"nextDayBeans":10,"returnAmount":10,"G_TRADE_FROZEN_AMT":0.0,"win":"false","G_SOON_EXPIRE_AMT":0,"G_AVAILABLE_BALANCE":250.0}
13240912500今日签到获得工豆:10
{"numBeans":50,"flag":"success","signDays":24,"numDays":7,"nextDayBeans":10,"returnAmount":10,"G_TRADE_FROZEN_AMT":0.0,"win":"false","G_SOON_EXPIRE_AMT":0,"G_AVAILABLE_BALANCE":420.0}
13240912700今日签到获得工豆:10

【2015-10-28】
{"flag":"already","signDays":24,"G_TRADE_FROZEN_AMT":0.0,"G_SOON_EXPIRE_AMT":0,"G_AVAILABLE_BALANCE":298.0}
18211085003今日已经签到过!
{"flag":"already","signDays":24,"G_TRADE_FROZEN_AMT":0.0,"G_SOON_EXPIRE_AMT":0,"G_AVAILABLE_BALANCE":468.0}
15646563977今日已经签到过!
{"flag":"already","signDays":24,"G_TRADE_FROZEN_AMT":0.0,"G_SOON_EXPIRE_AMT":0,"G_AVAILABLE_BALANCE":420.0}
13141330862今日已经签到过!
{"flag":"already","signDays":24,"G_TRADE_FROZEN_AMT":0.0,"G_SOON_EXPIRE_AMT":0,"G_AVAILABLE_BALANCE":410.0}
13141330987今日已经签到过!
{"flag":"already","signDays":24,"G_TRADE_FROZEN_AMT":0.0,"G_SOON_EXPIRE_AMT":0,"G_AVAILABLE_BALANCE":250.0}
13240912500今日已经签到过!
{"flag":"already","signDays":24,"G_TRADE_FROZEN_AMT":0.0,"G_SOON_EXPIRE_AMT":0,"G_AVAILABLE_BALANCE":420.0}
13240912700今日已经签到过!

【2015-10-29】

【2015-10-29】
{"numBeans":50,"flag":"success","signDays":25,"numDays":7,"nextDayBeans":10,"returnAmount":10,"G_TRADE_FROZEN_AMT":0.0,"win":"false","G_SOON_EXPIRE_AMT":0,"G_AVAILABLE_BALANCE":308.0}
18211085003今日签到获得工豆:10
{"numBeans":50,"flag":"success","signDays":25,"numDays":7,"nextDayBeans":10,"returnAmount":10,"G_TRADE_FROZEN_AMT":0.0,"win":"false","G_SOON_EXPIRE_AMT":0,"G_AVAILABLE_BALANCE":478.0}
15646563977今日签到获得工豆:10
{"numBeans":50,"flag":"success","signDays":25,"numDays":7,"nextDayBeans":10,"returnAmount":10,"G_TRADE_FROZEN_AMT":0.0,"win":"false","G_SOON_EXPIRE_AMT":0,"G_AVAILABLE_BALANCE":430.0}
13141330862今日签到获得工豆:10
{"numBeans":50,"flag":"success","signDays":25,"numDays":7,"nextDayBeans":10,"returnAmount":10,"G_TRADE_FROZEN_AMT":0.0,"win":"false","G_SOON_EXPIRE_AMT":0,"G_AVAILABLE_BALANCE":420.0}
13141330987今日签到获得工豆:10
{"numBeans":50,"flag":"success","signDays":25,"numDays":7,"nextDayBeans":10,"returnAmount":10,"G_TRADE_FROZEN_AMT":0.0,"win":"false","G_SOON_EXPIRE_AMT":0,"G_AVAILABLE_BALANCE":260.0}
13240912500今日签到获得工豆:10
{"numBeans":50,"flag":"success","signDays":25,"numDays":7,"nextDayBeans":10,"returnAmount":10,"G_TRADE_FROZEN_AMT":0.0,"win":"false","G_SOON_EXPIRE_AMT":0,"G_AVAILABLE_BALANCE":430.0}
13240912700今日签到获得工豆:10

【2015-10-30】
{"numBeans":50,"flag":"success","signDays":26,"numDays":7,"nextDayBeans":10,"returnAmount":10,"G_TRADE_FROZEN_AMT":0.0,"win":"false","G_SOON_EXPIRE_AMT":0,"G_AVAILABLE_BALANCE":318.0}
18211085003今日签到获得工豆:10
{"numBeans":50,"flag":"success","signDays":26,"numDays":7,"nextDayBeans":10,"returnAmount":10,"G_TRADE_FROZEN_AMT":0.0,"win":"false","G_SOON_EXPIRE_AMT":0,"G_AVAILABLE_BALANCE":488.0}
15646563977今日签到获得工豆:10
{"numBeans":50,"flag":"success","signDays":26,"numDays":7,"nextDayBeans":10,"returnAmount":10,"G_TRADE_FROZEN_AMT":0.0,"win":"false","G_SOON_EXPIRE_AMT":0,"G_AVAILABLE_BALANCE":440.0}
13141330862今日签到获得工豆:10
{"numBeans":50,"flag":"success","signDays":26,"numDays":7,"nextDayBeans":10,"returnAmount":10,"G_TRADE_FROZEN_AMT":0.0,"win":"false","G_SOON_EXPIRE_AMT":0,"G_AVAILABLE_BALANCE":430.0}
13141330987今日签到获得工豆:10

【2015-10-30】
{"flag":"already","signDays":26,"G_TRADE_FROZEN_AMT":0.0,"G_SOON_EXPIRE_AMT":0,"G_AVAILABLE_BALANCE":318.0}
18211085003今日已经签到过!
{"flag":"already","signDays":26,"G_TRADE_FROZEN_AMT":0.0,"G_SOON_EXPIRE_AMT":0,"G_AVAILABLE_BALANCE":488.0}
15646563977今日已经签到过!
{"flag":"already","signDays":26,"G_TRADE_FROZEN_AMT":0.0,"G_SOON_EXPIRE_AMT":0,"G_AVAILABLE_BALANCE":440.0}
13141330862今日已经签到过!
{"flag":"already","signDays":26,"G_TRADE_FROZEN_AMT":0.0,"G_SOON_EXPIRE_AMT":0,"G_AVAILABLE_BALANCE":430.0}
13141330987今日已经签到过!
{"numBeans":50,"flag":"success","signDays":26,"numDays":7,"nextDayBeans":10,"returnAmount":10,"G_TRADE_FROZEN_AMT":0.0,"win":"false","G_SOON_EXPIRE_AMT":0,"G_AVAILABLE_BALANCE":270.0}
13240912500今日签到获得工豆:10
{"numBeans":50,"flag":"success","signDays":26,"numDays":7,"nextDayBeans":10,"returnAmount":10,"G_TRADE_FROZEN_AMT":0.0,"win":"false","G_SOON_EXPIRE_AMT":0,"G_AVAILABLE_BALANCE":440.0}
13240912700今日签到获得工豆:10

【2015-10-31】
{"numBeans":50,"flag":"success","signDays":27,"numDays":7,"nextDayBeans":60,"returnAmount":10,"G_TRADE_FROZEN_AMT":0.0,"win":"false","G_SOON_EXPIRE_AMT":0,"G_AVAILABLE_BALANCE":328.0}
18211085003今日签到获得工豆:10
{"numBeans":50,"flag":"success","signDays":27,"numDays":7,"nextDayBeans":60,"returnAmount":10,"G_TRADE_FROZEN_AMT":0.0,"win":"false","G_SOON_EXPIRE_AMT":0,"G_AVAILABLE_BALANCE":498.0}
15646563977今日签到获得工豆:10
{"numBeans":50,"flag":"success","signDays":27,"numDays":7,"nextDayBeans":60,"returnAmount":10,"G_TRADE_FROZEN_AMT":0.0,"win":"false","G_SOON_EXPIRE_AMT":0,"G_AVAILABLE_BALANCE":450.0}
13141330862今日签到获得工豆:10
{"numBeans":50,"flag":"success","signDays":27,"numDays":7,"nextDayBeans":60,"returnAmount":10,"G_TRADE_FROZEN_AMT":0.0,"win":"false","G_SOON_EXPIRE_AMT":0,"G_AVAILABLE_BALANCE":440.0}
13141330987今日签到获得工豆:10
{"numBeans":50,"flag":"success","signDays":27,"numDays":7,"nextDayBeans":60,"returnAmount":10,"G_TRADE_FROZEN_AMT":0.0,"win":"false","G_SOON_EXPIRE_AMT":0,"G_AVAILABLE_BALANCE":280.0}
13240912500今日签到获得工豆:10
{"numBeans":50,"flag":"success","signDays":27,"numDays":7,"nextDayBeans":60,"returnAmount":10,"G_TRADE_FROZEN_AMT":0.0,"win":"false","G_SOON_EXPIRE_AMT":0,"G_AVAILABLE_BALANCE":450.0}
13240912700今日签到获得工豆:10

【2015-10-31】
{"flag":"already","signDays":27,"G_TRADE_FROZEN_AMT":0.0,"G_SOON_EXPIRE_AMT":0,"G_AVAILABLE_BALANCE":328.0}
18211085003今日已经签到过!
{"flag":"already","signDays":27,"G_TRADE_FROZEN_AMT":0.0,"G_SOON_EXPIRE_AMT":0,"G_AVAILABLE_BALANCE":498.0}
15646563977今日已经签到过!
{"flag":"already","signDays":27,"G_TRADE_FROZEN_AMT":0.0,"G_SOON_EXPIRE_AMT":0,"G_AVAILABLE_BALANCE":450.0}
13141330862今日已经签到过!
{"flag":"already","signDays":27,"G_TRADE_FROZEN_AMT":0.0,"G_SOON_EXPIRE_AMT":0,"G_AVAILABLE_BALANCE":440.0}
13141330987今日已经签到过!
{"flag":"already","signDays":27,"G_TRADE_FROZEN_AMT":0.0,"G_SOON_EXPIRE_AMT":0,"G_AVAILABLE_BALANCE":280.0}
13240912500今日已经签到过!
{"flag":"already","signDays":27,"G_TRADE_FROZEN_AMT":0.0,"G_SOON_EXPIRE_AMT":0,"G_AVAILABLE_BALANCE":450.0}
13240912700今日已经签到过!

【2015-11-01】
{"numBeans":50,"flag":"success","signDays":28,"numDays":7,"nextDayBeans":10,"returnAmount":10,"G_TRADE_FROZEN_AMT":0.0,"otherBeans":50,"win":"false","G_SOON_EXPIRE_AMT":0,"G_AVAILABLE_BALANCE":388.0}
18211085003今日签到获得工豆:10
{"numBeans":50,"flag":"success","signDays":28,"numDays":7,"nextDayBeans":10,"returnAmount":10,"G_TRADE_FROZEN_AMT":0.0,"otherBeans":50,"win":"false","G_SOON_EXPIRE_AMT":0,"G_AVAILABLE_BALANCE":558.0}
15646563977今日签到获得工豆:10
{"numBeans":50,"flag":"success","signDays":28,"numDays":7,"nextDayBeans":10,"returnAmount":10,"G_TRADE_FROZEN_AMT":0.0,"otherBeans":50,"win":"false","G_SOON_EXPIRE_AMT":0,"G_AVAILABLE_BALANCE":510.0}
13141330862今日签到获得工豆:10
{"numBeans":50,"flag":"success","signDays":28,"numDays":7,"nextDayBeans":10,"returnAmount":10,"G_TRADE_FROZEN_AMT":0.0,"otherBeans":50,"win":"false","G_SOON_EXPIRE_AMT":0,"G_AVAILABLE_BALANCE":500.0}
13141330987今日签到获得工豆:10
{"numBeans":50,"flag":"success","signDays":28,"numDays":7,"nextDayBeans":10,"returnAmount":10,"G_TRADE_FROZEN_AMT":0.0,"otherBeans":50,"win":"false","G_SOON_EXPIRE_AMT":0,"G_AVAILABLE_BALANCE":340.0}
13240912500今日签到获得工豆:10
{"numBeans":50,"flag":"success","signDays":28,"numDays":7,"nextDayBeans":10,"returnAmount":10,"G_TRADE_FROZEN_AMT":0.0,"otherBeans":50,"win":"false","G_SOON_EXPIRE_AMT":0,"G_AVAILABLE_BALANCE":510.0}
13240912700今日签到获得工豆:10

【2015-11-01】
{"flag":"already","signDays":28,"G_TRADE_FROZEN_AMT":0.0,"G_SOON_EXPIRE_AMT":0,"G_AVAILABLE_BALANCE":388.0}
18211085003今日已经签到过!
{"flag":"already","signDays":28,"G_TRADE_FROZEN_AMT":0.0,"G_SOON_EXPIRE_AMT":0,"G_AVAILABLE_BALANCE":558.0}
15646563977今日已经签到过!
{"flag":"already","signDays":28,"G_TRADE_FROZEN_AMT":0.0,"G_SOON_EXPIRE_AMT":0,"G_AVAILABLE_BALANCE":510.0}
13141330862今日已经签到过!
{"flag":"already","signDays":28,"G_TRADE_FROZEN_AMT":0.0,"G_SOON_EXPIRE_AMT":0,"G_AVAILABLE_BALANCE":500.0}
13141330987今日已经签到过!
{"flag":"already","signDays":28,"G_TRADE_FROZEN_AMT":0.0,"G_SOON_EXPIRE_AMT":0,"G_AVAILABLE_BALANCE":340.0}
13240912500今日已经签到过!
{"flag":"already","signDays":28,"G_TRADE_FROZEN_AMT":0.0,"G_SOON_EXPIRE_AMT":0,"G_AVAILABLE_BALANCE":510.0}
13240912700今日已经签到过!

【2015-11-02】
{"numBeans":50,"flag":"success","signDays":29,"numDays":7,"nextDayBeans":10,"returnAmount":10,"G_TRADE_FROZEN_AMT":0.0,"win":"false","G_SOON_EXPIRE_AMT":0,"G_AVAILABLE_BALANCE":398.0}
18211085003今日签到获得工豆:10
{"numBeans":50,"flag":"success","signDays":29,"numDays":7,"nextDayBeans":10,"returnAmount":10,"G_TRADE_FROZEN_AMT":0.0,"win":"false","G_SOON_EXPIRE_AMT":0,"G_AVAILABLE_BALANCE":568.0}
15646563977今日签到获得工豆:10
{"flag":"already","signDays":29,"G_TRADE_FROZEN_AMT":510.0,"G_SOON_EXPIRE_AMT":0,"G_AVAILABLE_BALANCE":10.0}
13141330862今日已经签到过!
{"numBeans":50,"flag":"success","signDays":29,"numDays":7,"nextDayBeans":10,"returnAmount":10,"G_TRADE_FROZEN_AMT":0.0,"win":"false","G_SOON_EXPIRE_AMT":0,"G_AVAILABLE_BALANCE":510.0}
13141330987今日签到获得工豆:10
{"numBeans":50,"flag":"success","signDays":29,"numDays":7,"nextDayBeans":10,"returnAmount":10,"G_TRADE_FROZEN_AMT":0.0,"win":"false","G_SOON_EXPIRE_AMT":0,"G_AVAILABLE_BALANCE":350.0}
13240912500今日签到获得工豆:10
{"numBeans":50,"flag":"success","signDays":29,"numDays":7,"nextDayBeans":10,"returnAmount":10,"G_TRADE_FROZEN_AMT":0.0,"win":"false","G_SOON_EXPIRE_AMT":0,"G_AVAILABLE_BALANCE":520.0}
13240912700今日签到获得工豆:10

【2015-11-03】
{"flag":"already","signDays":30,"G_TRADE_FROZEN_AMT":0.0,"G_SOON_EXPIRE_AMT":0,"G_AVAILABLE_BALANCE":408.0}
18211085003:今日已经签到过！总工豆为408.0。无红包。
{"flag":"already","signDays":30,"G_TRADE_FROZEN_AMT":0.0,"G_SOON_EXPIRE_AMT":0,"G_AVAILABLE_BALANCE":578.0}
15646563977:今日已经签到过！总工豆为578.0。无红包。
{"flag":"already","signDays":30,"G_TRADE_FROZEN_AMT":0.0,"G_SOON_EXPIRE_AMT":0,"G_AVAILABLE_BALANCE":78.0}
13141330862:今日已经签到过！总工豆为78.0。无红包。
{"flag":"already","signDays":30,"G_TRADE_FROZEN_AMT":0.0,"G_SOON_EXPIRE_AMT":0,"G_AVAILABLE_BALANCE":578.0}
13141330987:今日已经签到过！总工豆为578.0。无红包。
{"numBeans":50,"flag":"success","signDays":30,"numDays":7,"nextDayBeans":10,"returnAmount":10,"G_TRADE_FROZEN_AMT":0.0,"win":"false","G_SOON_EXPIRE_AMT":0,"G_AVAILABLE_BALANCE":360.0}
13240912500:今日签到获得10工豆。总工豆为360.0。无红包。
{"numBeans":50,"flag":"success","signDays":30,"numDays":7,"nextDayBeans":10,"returnAmount":10,"G_TRADE_FROZEN_AMT":0.0,"win":"false","G_SOON_EXPIRE_AMT":0,"G_AVAILABLE_BALANCE":530.0}
13240912700:今日签到获得10工豆。总工豆为530.0。无红包。

【2015-11-03】
{"flag":"already","signDays":30,"G_TRADE_FROZEN_AMT":0.0,"G_SOON_EXPIRE_AMT":0,"G_AVAILABLE_BALANCE":408.0}
18211085003:今日已经签到过！总工豆为408.0。无红包。
{"flag":"already","signDays":30,"G_TRADE_FROZEN_AMT":0.0,"G_SOON_EXPIRE_AMT":0,"G_AVAILABLE_BALANCE":578.0}
15646563977:今日已经签到过！总工豆为578.0。无红包。
{"flag":"already","signDays":30,"G_TRADE_FROZEN_AMT":0.0,"G_SOON_EXPIRE_AMT":0,"G_AVAILABLE_BALANCE":78.0}
13141330862:今日已经签到过！总工豆为78.0。无红包。
{"flag":"already","signDays":30,"G_TRADE_FROZEN_AMT":0.0,"G_SOON_EXPIRE_AMT":0,"G_AVAILABLE_BALANCE":578.0}
13141330987:今日已经签到过！总工豆为578.0。无红包。
{"flag":"already","signDays":30,"G_TRADE_FROZEN_AMT":0.0,"G_SOON_EXPIRE_AMT":0,"G_AVAILABLE_BALANCE":360.0}
13240912500:今日已经签到过！总工豆为360.0。无红包。
{"flag":"already","signDays":30,"G_TRADE_FROZEN_AMT":0.0,"G_SOON_EXPIRE_AMT":0,"G_AVAILABLE_BALANCE":530.0}
13240912700:今日已经签到过！总工豆为530.0。无红包。

【2015-11-04】
{"flag":"already","signDays":31,"G_TRADE_FROZEN_AMT":0.0,"G_SOON_EXPIRE_AMT":0,"G_AVAILABLE_BALANCE":418.0}
18211085003:今日已经签到过！总工豆为418.0。无红包。
{"flag":"already","signDays":31,"G_TRADE_FROZEN_AMT":0.0,"G_SOON_EXPIRE_AMT":0,"G_AVAILABLE_BALANCE":588.0}
15646563977:今日已经签到过！总工豆为588.0。无红包。
{"flag":"already","signDays":31,"G_TRADE_FROZEN_AMT":0.0,"G_SOON_EXPIRE_AMT":0,"G_AVAILABLE_BALANCE":88.0}
13141330862:今日已经签到过！总工豆为88.0。无红包。
{"flag":"already","signDays":31,"G_TRADE_FROZEN_AMT":0.0,"G_SOON_EXPIRE_AMT":0,"G_AVAILABLE_BALANCE":588.0}
13141330987:今日已经签到过！总工豆为588.0。无红包。
{"nextDayBeans":10,"signDays":31,"codeConfig":"http://fore.9888.cn/weixin/bao/?sn=","win":"true","G_SOON_EXPIRE_AMT":0,"G_AVAILABLE_BALANCE":370.0,"redPageAccount":5.0,"numBeans":50,"rewardAmt":1.0,"winInvestMultip":null,"flag":"success","scratchCardId":"546320","winType":"4","numDays":7,"returnAmount":10,"redPageCount":1,"G_TRADE_FROZEN_AMT":0.0,"cardNum":"ECACE36CDFBF7E054503BF49F47B6DEF","winAmount":5.0}
13240912500:今日签到获得10工豆。总工豆为370.0,"redPageAccount":5.0,"numBeans":50,"rewardAmt":1.0,"winInvestMultip":null,"flag":"success","scratchCardId":"546320","winType":"4","numDays":7,"returnAmount":10,"redPageCount":1,"G_TRADE_FROZEN_AMT":0.0,"cardNum":"ECACE36CDFBF7E054503BF49F47B6DEF","winAmount":5.0。恭喜获得红包！
{"numBeans":50,"flag":"success","signDays":31,"numDays":7,"nextDayBeans":10,"returnAmount":10,"G_TRADE_FROZEN_AMT":0.0,"win":"false","G_SOON_EXPIRE_AMT":0,"G_AVAILABLE_BALANCE":540.0}
13240912700:今日签到获得10工豆。总工豆为540.0。无红包。
