
【2015-09-08】

【2015-09-08】

【2015-09-08】

【2015-09-08】
18211085003今日签到获得积分:5
{"result":3,"msg":"10积分抽奖一次，您的积分不足"}

15646563977今日签到获得积分:5
{"result":1,"angle":270,"name":"谢谢参与","info":"您离奖品仅一步之遥，说不准再抽一次就中了呢？试试看！","num":2,"score":32}
{"result":1,"angle":270,"name":"谢谢参与","info":"您离奖品仅一步之遥，说不准再抽一次就中了呢？试试看！","num":1,"score":22}
{"result":1,"angle":270,"name":"谢谢参与","info":"您离奖品仅一步之遥，说不准再抽一次就中了呢？试试看！","num":0,"score":12}
{"result":2,"msg":"今天的抽奖次数已用完，明天再来~"}

13158424485今日签到获得积分:1
{"result":3,"msg":"10积分抽奖一次，您的积分不足"}

13158422410今日签到获得积分:1
{"result":3,"msg":"10积分抽奖一次，您的积分不足"}


【2015-09-09】
18211085003今日签到获得积分:5
{"result":1,"angle":120,"name":"30积分","info":"积少成多，快到积分乐园换大礼吧！","num":2,"score":32}
{"result":1,"angle":270,"name":"谢谢参与","info":"您离奖品仅一步之遥，说不准再抽一次就中了呢？试试看！","num":1,"score":22}
{"result":1,"angle":60,"name":"10积分","info":"积少成多，快到积分乐园换大礼吧！","num":2,"score":7}
{"result":2,"msg":"今天的抽奖次数已用完，明天再来~"}

15646563977今日签到获得积分:5
{"result":1,"angle":30,"name":"1%加息券","info":"痛快加息不矫情~","num":2,"score":7}
{"result":3,"msg":"10积分抽奖一次，您的积分不足"}

13158424485今日签到获得积分:2
{"result":1,"angle":270,"name":"谢谢参与","info":"您离奖品仅一步之遥，说不准再抽一次就中了呢？试试看！","num":2,"score":-2}
{"result":3,"msg":"10积分抽奖一次，您的积分不足"}

13158422410今日签到获得积分:2
{"result":3,"msg":"10积分抽奖一次，您的积分不足"}


【2015-09-09】
18211085003今日签到获得积分:5
{"result":2,"msg":"今天的抽奖次数已用完，明天再来~"}

15646563977今日签到获得积分:5
{"result":3,"msg":"10积分抽奖一次，您的积分不足"}

13158424485今日签到获得积分:2
{"result":3,"msg":"10积分抽奖一次，您的积分不足"}

13158422410今日签到获得积分:2
{"result":3,"msg":"10积分抽奖一次，您的积分不足"}


【2015-09-10】
18211085003今日签到获得积分:5
{"result":1,"angle":60,"name":"10积分","info":"积少成多，快到积分乐园换大礼吧！","num":2,"score":27}
{"result":1,"angle":270,"name":"谢谢参与","info":"您离奖品仅一步之遥，说不准再抽一次就中了呢？试试看！","num":1,"score":17}
{"result":1,"angle":270,"name":"谢谢参与","info":"您离奖品仅一步之遥，说不准再抽一次就中了呢？试试看！","num":0,"score":7}
{"result":2,"msg":"今天的抽奖次数已用完，明天再来~"}

15646563977今日签到获得积分:5
{"result":1,"angle":30,"name":"1%加息券","info":"痛快加息不矫情~","num":2,"score":2}
{"result":3,"msg":"10积分抽奖一次，您的积分不足"}

13158424485今日签到获得积分:5
{"result":3,"msg":"10积分抽奖一次，您的积分不足"}

13158422410今日签到获得积分:5
{"result":3,"msg":"10积分抽奖一次，您的积分不足"}


【2015-09-10】
18211085003今日签到获得积分:5
{"result":2,"msg":"今天的抽奖次数已用完，明天再来~"}

15646563977今日签到获得积分:5
{"result":3,"msg":"10积分抽奖一次，您的积分不足"}

13158424485今日签到获得积分:5
{"result":3,"msg":"10积分抽奖一次，您的积分不足"}

13158422410今日签到获得积分:5
{"result":3,"msg":"10积分抽奖一次，您的积分不足"}


【2015-09-11】
18211085003今日签到获得积分:5
{"result":1,"angle":30,"name":"1%加息券","info":"痛快加息不矫情~","num":2,"score":2}
{"result":3,"msg":"10积分抽奖一次，您的积分不足"}

15646563977今日签到获得积分:5
{"result":3,"msg":"10积分抽奖一次，您的积分不足"}

13158424485今日签到获得积分:5
{"result":1,"angle":60,"name":"10积分","info":"积少成多，快到积分乐园换大礼吧！","num":2,"score":10}
{"result":1,"angle":210,"name":"20积分","info":"积少成多，快到积分乐园换大礼吧！","num":1,"score":20}
{"result":1,"angle":330,"name":"2%元加息券","info":"痛快加息不矫情~","num":0,"score":10}
{"result":2,"msg":"今天的抽奖次数已用完，明天再来~"}

13158422410今日签到获得积分:5
{"result":1,"angle":300,"name":"50元现金券","info":"赶快完成投资，提现赚不停！","num":2,"score":3}
{"result":3,"msg":"10积分抽奖一次，您的积分不足"}


【2015-09-11】
18211085003今日签到获得积分:5
{"result":3,"msg":"10积分抽奖一次，您的积分不足"}

15646563977今日签到获得积分:5
{"result":3,"msg":"10积分抽奖一次，您的积分不足"}

13158424485今日签到获得积分:5
{"result":2,"msg":"今天的抽奖次数已用完，明天再来~"}

13158422410今日签到获得积分:5
{"result":3,"msg":"10积分抽奖一次，您的积分不足"}


【2015-09-12】
18211085003今日签到获得积分:5
{"result":1,"angle":60,"name":"10积分","info":"积少成多，快到积分乐园换大礼吧！","num":2,"score":17}
{"result":1,"angle":60,"name":"10积分","info":"积少成多，快到积分乐园换大礼吧！","num":1,"score":17}
{"result":1,"angle":60,"name":"10积分","info":"积少成多，快到积分乐园换大礼吧！","num":0,"score":17}
{"result":2,"msg":"今天的抽奖次数已用完，明天再来~"}

15646563977今日签到获得积分:5
{"result":1,"angle":270,"name":"谢谢参与","info":"您离奖品仅一步之遥，说不准再抽一次就中了呢？试试看！","num":2,"score":2}
{"result":3,"msg":"10积分抽奖一次，您的积分不足"}

13158424485今日签到获得积分:5
{"result":1,"angle":60,"name":"10积分","info":"积少成多，快到积分乐园换大礼吧！","num":2,"score":15}
{"result":1,"angle":60,"name":"10积分","info":"积少成多，快到积分乐园换大礼吧！","num":1,"score":15}
{"result":1,"angle":270,"name":"谢谢参与","info":"您离奖品仅一步之遥，说不准再抽一次就中了呢？试试看！","num":0,"score":5}
{"result":2,"msg":"今天的抽奖次数已用完，明天再来~"}

13158422410今日签到获得积分:5
{"result":3,"msg":"10积分抽奖一次，您的积分不足"}


【2015-09-12】
18211085003今日签到获得积分:5
{"result":2,"msg":"今天的抽奖次数已用完，明天再来~"}

15646563977今日签到获得积分:5
{"result":3,"msg":"10积分抽奖一次，您的积分不足"}

13158424485今日签到获得积分:5
{"result":2,"msg":"今天的抽奖次数已用完，明天再来~"}

13158422410今日签到获得积分:5
{"result":3,"msg":"10积分抽奖一次，您的积分不足"}


【2015-09-13】
18211085003今日签到获得积分:25
{"result":1,"angle":270,"name":"谢谢参与","info":"您离奖品仅一步之遥，说不准再抽一次就中了呢？试试看！","num":2,"score":32}
{"result":1,"angle":270,"name":"谢谢参与","info":"您离奖品仅一步之遥，说不准再抽一次就中了呢？试试看！","num":1,"score":22}
{"result":1,"angle":30,"name":"1%加息券","info":"痛快加息不矫情~","num":0,"score":12}
{"result":2,"msg":"今天的抽奖次数已用完，明天再来~"}

15646563977今日签到获得积分:25
{"result":1,"angle":60,"name":"10积分","info":"积少成多，快到积分乐园换大礼吧！","num":2,"score":27}
{"result":1,"angle":270,"name":"谢谢参与","info":"您离奖品仅一步之遥，说不准再抽一次就中了呢？试试看！","num":1,"score":17}
{"result":1,"angle":330,"name":"2%元加息券","info":"痛快加息不矫情~","num":0,"score":7}
{"result":2,"msg":"今天的抽奖次数已用完，明天再来~"}

13158424485今日签到获得积分:25
{"result":1,"angle":30,"name":"1%加息券","info":"痛快加息不矫情~","num":2,"score":20}
{"result":1,"angle":330,"name":"2%元加息券","info":"痛快加息不矫情~","num":1,"score":10}
{"result":1,"angle":270,"name":"谢谢参与","info":"您离奖品仅一步之遥，说不准再抽一次就中了呢？试试看！","num":0,"score":0}
{"result":2,"msg":"今天的抽奖次数已用完，明天再来~"}

13158422410今日签到获得积分:25
{"result":1,"angle":180,"name":"10元现金","info":"快去投资增值吧~","num":2,"score":23}
{"result":1,"angle":270,"name":"谢谢参与","info":"您离奖品仅一步之遥，说不准再抽一次就中了呢？试试看！","num":1,"score":13}
{"result":1,"angle":60,"name":"10积分","info":"积少成多，快到积分乐园换大礼吧！","num":0,"score":13}
{"result":2,"msg":"今天的抽奖次数已用完，明天再来~"}


【2015-09-13】
18211085003今日签到获得积分:25
{"result":2,"msg":"今天的抽奖次数已用完，明天再来~"}

15646563977今日签到获得积分:25
{"result":2,"msg":"今天的抽奖次数已用完，明天再来~"}

13158424485今日签到获得积分:25
{"result":2,"msg":"今天的抽奖次数已用完，明天再来~"}

13158422410今日签到获得积分:25
{"result":2,"msg":"今天的抽奖次数已用完，明天再来~"}


【2015-09-14】
18211085003今日签到获得积分:5
{"result":1,"angle":330,"name":"2%元加息券","info":"痛快加息不矫情~","num":2,"score":7}
{"result":3,"msg":"10积分抽奖一次，您的积分不足"}

15646563977今日签到获得积分:5
{"result":1,"angle":270,"name":"谢谢参与","info":"您离奖品仅一步之遥，说不准再抽一次就中了呢？试试看！","num":2,"score":2}
{"result":3,"msg":"10积分抽奖一次，您的积分不足"}

13158424485今日签到获得积分:5
{"result":3,"msg":"10积分抽奖一次，您的积分不足"}

13158422410今日签到获得积分:5
{"result":1,"angle":270,"name":"谢谢参与","info":"您离奖品仅一步之遥，说不准再抽一次就中了呢？试试看！","num":2,"score":8}
{"result":3,"msg":"10积分抽奖一次，您的积分不足"}


【2015-09-14】
18211085003今日签到获得积分:5
{"result":3,"msg":"10积分抽奖一次，您的积分不足"}

15646563977今日签到获得积分:5
{"result":3,"msg":"10积分抽奖一次，您的积分不足"}

13158424485今日签到获得积分:5
{"result":3,"msg":"10积分抽奖一次，您的积分不足"}

13158422410今日签到获得积分:5
{"result":3,"msg":"10积分抽奖一次，您的积分不足"}


【2015-09-14】
18211085003今日签到获得积分:5
{"result":3,"msg":"10积分抽奖一次，您的积分不足"}

15646563977今日签到获得积分:5
{"result":3,"msg":"10积分抽奖一次，您的积分不足"}

13158424485今日签到获得积分:5
{"result":3,"msg":"10积分抽奖一次，您的积分不足"}

13158422410今日签到获得积分:5
{"result":3,"msg":"10积分抽奖一次，您的积分不足"}


【2015-09-15】
18211085003今日签到获得积分:5
{"result":3,"msg":"10积分抽奖一次，您的积分不足"}

15646563977今日签到获得积分:5
{"result":3,"msg":"10积分抽奖一次，您的积分不足"}

13158424485今日签到获得积分:5
{"result":3,"msg":"10积分抽奖一次，您的积分不足"}

13158422410今日签到获得积分:5
{"result":1,"angle":30,"name":"1%加息券","info":"痛快加息不矫情~","num":2,"score":3}
{"result":3,"msg":"10积分抽奖一次，您的积分不足"}


【2015-09-15】
18211085003今日签到获得积分:5
{"result":3,"msg":"10积分抽奖一次，您的积分不足"}

15646563977今日签到获得积分:5
{"result":3,"msg":"10积分抽奖一次，您的积分不足"}

13158424485今日签到获得积分:5
{"result":3,"msg":"10积分抽奖一次，您的积分不足"}

13158422410今日签到获得积分:5
{"result":3,"msg":"10积分抽奖一次，您的积分不足"}


【2015-09-16】
18211085003今日签到获得积分:5
{"result":3,"msg":"10积分抽奖一次，您的积分不足"}

15646563977今日签到获得积分:5
{"result":1,"angle":30,"name":"1%加息券","info":"痛快加息不矫情~","num":2,"score":2}
{"result":3,"msg":"10积分抽奖一次，您的积分不足"}

13158424485今日签到获得积分:5
{"result":3,"msg":"10积分抽奖一次，您的积分不足"}

13158422410今日签到获得积分:5
{"result":3,"msg":"10积分抽奖一次，您的积分不足"}


【2015-09-16】
18211085003今日签到获得积分:5
{"result":3,"msg":"10积分抽奖一次，您的积分不足"}

15646563977今日签到获得积分:5
{"result":3,"msg":"10积分抽奖一次，您的积分不足"}

13158424485今日签到获得积分:5
{"result":3,"msg":"10积分抽奖一次，您的积分不足"}

13158422410今日签到获得积分:5
{"result":3,"msg":"10积分抽奖一次，您的积分不足"}


【2015-09-17】
18211085003今日签到获得积分:5
{"result":1,"angle":270,"name":"谢谢参与","info":"您离奖品仅一步之遥，说不准再抽一次就中了呢？试试看！","num":2,"score":2}
{"result":3,"msg":"10积分抽奖一次，您的积分不足"}

15646563977今日签到获得积分:5
{"result":3,"msg":"10积分抽奖一次，您的积分不足"}

13158424485今日签到获得积分:5
{"result":1,"angle":270,"name":"谢谢参与","info":"您离奖品仅一步之遥，说不准再抽一次就中了呢？试试看！","num":2,"score":0}
{"result":3,"msg":"10积分抽奖一次，您的积分不足"}

13158422410今日签到获得积分:5
{"result":1,"angle":30,"name":"1%加息券","info":"痛快加息不矫情~","num":2,"score":3}
{"result":3,"msg":"10积分抽奖一次，您的积分不足"}


【2015-09-17】
18211085003今日签到获得积分:5
{"result":3,"msg":"10积分抽奖一次，您的积分不足"}

15646563977今日签到获得积分:5
{"result":3,"msg":"10积分抽奖一次，您的积分不足"}

13158424485今日签到获得积分:5
{"result":3,"msg":"10积分抽奖一次，您的积分不足"}

13158422410今日签到获得积分:5
{"result":3,"msg":"10积分抽奖一次，您的积分不足"}


【2015-09-18】
18211085003今日签到获得积分:5
{"result":3,"msg":"10积分抽奖一次，您的积分不足"}

15646563977今日签到获得积分:5
{"result":1,"angle":270,"name":"谢谢参与","info":"您离奖品仅一步之遥，说不准再抽一次就中了呢？试试看！","num":2,"score":2}
{"result":3,"msg":"10积分抽奖一次，您的积分不足"}

13158424485今日签到获得积分:5
{"result":3,"msg":"10积分抽奖一次，您的积分不足"}

13158422410今日签到获得积分:5
{"result":3,"msg":"10积分抽奖一次，您的积分不足"}


【2015-09-18】
18211085003今日签到获得积分:5
{"result":3,"msg":"10积分抽奖一次，您的积分不足"}

15646563977今日签到获得积分:5
{"result":3,"msg":"10积分抽奖一次，您的积分不足"}

13158424485今日签到获得积分:5
{"result":3,"msg":"10积分抽奖一次，您的积分不足"}

13158422410今日签到获得积分:5
{"result":3,"msg":"10积分抽奖一次，您的积分不足"}


【2015-09-19】
18211085003今日签到获得积分:5
{"result":8,"msg":"系统繁忙 请稍后再试"}
{"result":8,"msg":"系统繁忙 请稍后再试"}
{"result":8,"msg":"系统繁忙 请稍后再试"}
{"result":8,"msg":"系统繁忙 请稍后再试"}
{"result":8,"msg":"系统繁忙 请稍后再试"}
{"result":8,"msg":"系统繁忙 请稍后再试"}
{"result":8,"msg":"系统繁忙 请稍后再试"}
{"result":8,"msg":"系统繁忙 请稍后再试"}
{"result":8,"msg":"系统繁忙 请稍后再试"}
{"result":8,"msg":"系统繁忙 请稍后再试"}
{"result":8,"msg":"系统繁忙 请稍后再试"}

15646563977今日签到获得积分:5
{"result":3,"msg":"10积分抽奖一次，您的积分不足"}

13158424485今日签到获得积分:5
{"result":8,"msg":"系统繁忙 请稍后再试"}
{"result":8,"msg":"系统繁忙 请稍后再试"}
{"result":8,"msg":"系统繁忙 请稍后再试"}
{"result":8,"msg":"系统繁忙 请稍后再试"}
{"result":8,"msg":"系统繁忙 请稍后再试"}
{"result":8,"msg":"系统繁忙 请稍后再试"}
{"result":8,"msg":"系统繁忙 请稍后再试"}
{"result":8,"msg":"系统繁忙 请稍后再试"}
{"result":8,"msg":"系统繁忙 请稍后再试"}
{"result":8,"msg":"系统繁忙 请稍后再试"}
{"result":8,"msg":"系统繁忙 请稍后再试"}

13158422410今日签到获得积分:5
{"result":8,"msg":"系统繁忙 请稍后再试"}
{"result":8,"msg":"系统繁忙 请稍后再试"}
{"result":8,"msg":"系统繁忙 请稍后再试"}
{"result":8,"msg":"系统繁忙 请稍后再试"}
{"result":8,"msg":"系统繁忙 请稍后再试"}
{"result":8,"msg":"系统繁忙 请稍后再试"}
{"result":8,"msg":"系统繁忙 请稍后再试"}
{"result":8,"msg":"系统繁忙 请稍后再试"}
{"result":8,"msg":"系统繁忙 请稍后再试"}
{"result":8,"msg":"系统繁忙 请稍后再试"}
{"result":8,"msg":"系统繁忙 请稍后再试"}


【2015-09-19】
18211085003今日签到获得积分:5
{"result":2,"msg":"今天的抽奖次数已用完，明天再来~"}

15646563977今日签到获得积分:5
{"result":3,"msg":"10积分抽奖一次，您的积分不足"}

13158424485今日签到获得积分:5
{"result":3,"msg":"10积分抽奖一次，您的积分不足"}

13158422410今日签到获得积分:5
{"result":3,"msg":"10积分抽奖一次，您的积分不足"}

13240912500今日签到获得积分:1
{"result":2,"msg":"今天的抽奖次数已用完，明天再来~"}

13240912700今日签到获得积分:1
{"result":2,"msg":"今天的抽奖次数已用完，明天再来~"}


【2015-09-20】
18211085003今日签到获得积分:5
{"result":3,"msg":"10积分抽奖一次，您的积分不足"}

15646563977今日签到获得积分:5
{"result":1,"angle":60,"name":"10积分","info":"积少成多，快到积分乐园换大礼吧！","num":2,"score":12}
{"result":1,"angle":270,"name":"谢谢参与","info":"您离奖品仅一步之遥，说不准再抽一次就中了呢？试试看！","num":1,"score":2}
{"result":3,"msg":"10积分抽奖一次，您的积分不足"}

13158424485今日签到获得积分:5
{"result":3,"msg":"10积分抽奖一次，您的积分不足"}

13158422410今日签到获得积分:5
{"result":3,"msg":"10积分抽奖一次，您的积分不足"}

13240912500今日签到获得积分:2
{"result":3,"msg":"10积分抽奖一次，您的积分不足"}

13240912700今日签到获得积分:2
{"result":1,"angle":60,"name":"10积分","info":"积少成多，快到积分乐园换大礼吧！","num":2,"score":28}
{"result":1,"angle":60,"name":"10积分","info":"积少成多，快到积分乐园换大礼吧！","num":1,"score":28}
{"result":1,"angle":330,"name":"2%元加息券","info":"痛快加息不矫情~","num":0,"score":18}
{"result":2,"msg":"今天的抽奖次数已用完，明天再来~"}


【2015-09-20】
18211085003今日签到获得积分:5
{"result":3,"msg":"10积分抽奖一次，您的积分不足"}

15646563977今日签到获得积分:5
{"result":3,"msg":"10积分抽奖一次，您的积分不足"}

13158424485今日签到获得积分:5
{"result":3,"msg":"10积分抽奖一次，您的积分不足"}

13158422410今日签到获得积分:5
{"result":3,"msg":"10积分抽奖一次，您的积分不足"}

13240912500今日签到获得积分:2
{"result":3,"msg":"10积分抽奖一次，您的积分不足"}

13240912700今日签到获得积分:2
{"result":2,"msg":"今天的抽奖次数已用完，明天再来~"}


【2015-09-21】
18211085003今日签到获得积分:5
{"result":1,"angle":270,"name":"谢谢参与","info":"您离奖品仅一步之遥，说不准再抽一次就中了呢？试试看！","num":2,"score":2}
{"result":3,"msg":"10积分抽奖一次，您的积分不足"}

15646563977今日签到获得积分:5
{"result":3,"msg":"10积分抽奖一次，您的积分不足"}

13158424485今日签到获得积分:5
{"result":1,"angle":270,"name":"谢谢参与","info":"您离奖品仅一步之遥，说不准再抽一次就中了呢？试试看！","num":2,"score":0}
{"result":3,"msg":"10积分抽奖一次，您的积分不足"}

13158422410今日签到获得积分:5
{"result":1,"angle":270,"name":"谢谢参与","info":"您离奖品仅一步之遥，说不准再抽一次就中了呢？试试看！","num":2,"score":3}
{"result":3,"msg":"10积分抽奖一次，您的积分不足"}

13240912500今日签到获得积分:5
{"result":3,"msg":"10积分抽奖一次，您的积分不足"}

13240912700今日签到获得积分:5
{"result":1,"angle":210,"name":"20积分","info":"积少成多，快到积分乐园换大礼吧！","num":2,"score":33}
{"result":1,"angle":30,"name":"1%加息券","info":"痛快加息不矫情~","num":1,"score":23}
{"result":1,"angle":210,"name":"20积分","info":"积少成多，快到积分乐园换大礼吧！","num":0,"score":33}
{"result":2,"msg":"今天的抽奖次数已用完，明天再来~"}


【2015-09-21】
18211085003今日签到获得积分:5
{"result":3,"msg":"10积分抽奖一次，您的积分不足"}

15646563977今日签到获得积分:5
{"result":3,"msg":"10积分抽奖一次，您的积分不足"}

13158424485今日签到获得积分:5
{"result":3,"msg":"10积分抽奖一次，您的积分不足"}

13158422410今日签到获得积分:5
{"result":3,"msg":"10积分抽奖一次，您的积分不足"}

13240912500今日签到获得积分:5
{"result":3,"msg":"10积分抽奖一次，您的积分不足"}

13240912700今日签到获得积分:5
{"result":2,"msg":"今天的抽奖次数已用完，明天再来~"}


【2015-09-22】
18211085003今日签到获得积分:5
{"result":3,"msg":"10积分抽奖一次，您的积分不足"}

15646563977今日签到获得积分:5
{"result":1,"angle":30,"name":"1%加息券","info":"痛快加息不矫情~","num":2,"score":2}
{"result":3,"msg":"10积分抽奖一次，您的积分不足"}

13158424485今日签到获得积分:5
{"result":3,"msg":"10积分抽奖一次，您的积分不足"}

13158422410今日签到获得积分:5
{"result":3,"msg":"10积分抽奖一次，您的积分不足"}

13240912500今日签到获得积分:5
{"result":1,"angle":270,"name":"谢谢参与","info":"您离奖品仅一步之遥，说不准再抽一次就中了呢？试试看！","num":2,"score":3}
{"result":3,"msg":"10积分抽奖一次，您的积分不足"}

13240912700今日签到获得积分:5
{"result":1,"angle":270,"name":"谢谢参与","info":"您离奖品仅一步之遥，说不准再抽一次就中了呢？试试看！","num":2,"score":28}
{"result":1,"angle":150,"name":"20元现金券","info":"赶快完成投资，提现赚不停！","num":1,"score":18}
{"result":1,"angle":60,"name":"10积分","info":"积少成多，快到积分乐园换大礼吧！","num":0,"score":18}
{"result":2,"msg":"今天的抽奖次数已用完，明天再来~"}


【2015-09-22】
18211085003今日签到获得积分:5
{"result":3,"msg":"10积分抽奖一次，您的积分不足"}

15646563977今日签到获得积分:5
{"result":3,"msg":"10积分抽奖一次，您的积分不足"}

13158424485今日签到获得积分:5
{"result":3,"msg":"10积分抽奖一次，您的积分不足"}

13158422410今日签到获得积分:5
{"result":3,"msg":"10积分抽奖一次，您的积分不足"}

13240912500今日签到获得积分:5
{"result":3,"msg":"10积分抽奖一次，您的积分不足"}

13240912700今日签到获得积分:5
{"result":2,"msg":"今天的抽奖次数已用完，明天再来~"}


【2015-09-23】
18211085003今日签到获得积分:5
{"result":1,"angle":330,"name":"2%元加息券","info":"痛快加息不矫情~","num":2,"score":2}
{"result":3,"msg":"10积分抽奖一次，您的积分不足"}

15646563977今日签到获得积分:5
{"result":3,"msg":"10积分抽奖一次，您的积分不足"}

13158424485今日签到获得积分:5
{"result":1,"angle":330,"name":"2%元加息券","info":"痛快加息不矫情~","num":2,"score":0}
{"result":3,"msg":"10积分抽奖一次，您的积分不足"}

13158422410今日签到获得积分:5
{"result":1,"angle":30,"name":"1%加息券","info":"痛快加息不矫情~","num":2,"score":3}
{"result":3,"msg":"10积分抽奖一次，您的积分不足"}

13240912500今日签到获得积分:5
{"result":3,"msg":"10积分抽奖一次，您的积分不足"}

13240912700今日签到获得积分:5
{"result":1,"angle":60,"name":"10积分","info":"积少成多，快到积分乐园换大礼吧！","num":2,"score":23}
{"result":1,"angle":60,"name":"10积分","info":"积少成多，快到积分乐园换大礼吧！","num":1,"score":23}
{"result":1,"angle":270,"name":"谢谢参与","info":"您离奖品仅一步之遥，说不准再抽一次就中了呢？试试看！","num":0,"score":13}
{"result":2,"msg":"今天的抽奖次数已用完，明天再来~"}


【2015-09-23】
18211085003今日签到获得积分:5
{"result":3,"msg":"10积分抽奖一次，您的积分不足"}

15646563977今日签到获得积分:5
{"result":3,"msg":"10积分抽奖一次，您的积分不足"}

13158424485今日签到获得积分:5
{"result":3,"msg":"10积分抽奖一次，您的积分不足"}

13158422410今日签到获得积分:5
{"result":3,"msg":"10积分抽奖一次，您的积分不足"}

13240912500今日签到获得积分:5
{"result":3,"msg":"10积分抽奖一次，您的积分不足"}

13240912700今日签到获得积分:5
{"result":2,"msg":"今天的抽奖次数已用完，明天再来~"}


【2015-09-24】
18211085003今日签到获得积分:5
{"result":3,"msg":"10积分抽奖一次，您的积分不足"}

15646563977今日签到获得积分:5
{"result":1,"angle":330,"name":"2%元加息券","info":"痛快加息不矫情~","num":2,"score":2}
{"result":3,"msg":"10积分抽奖一次，您的积分不足"}

13158424485今日签到获得积分:5
{"result":3,"msg":"10积分抽奖一次，您的积分不足"}

13158422410今日签到获得积分:5
{"result":3,"msg":"10积分抽奖一次，您的积分不足"}

13240912500今日签到获得积分:5
{"result":1,"angle":270,"name":"谢谢参与","info":"您离奖品仅一步之遥，说不准再抽一次就中了呢？试试看！","num":2,"score":3}
{"result":3,"msg":"10积分抽奖一次，您的积分不足"}

13240912700今日签到获得积分:5
{"result":1,"angle":270,"name":"谢谢参与","info":"您离奖品仅一步之遥，说不准再抽一次就中了呢？试试看！","num":2,"score":8}
{"result":3,"msg":"10积分抽奖一次，您的积分不足"}


【2015-09-24】
18211085003今日签到获得积分:5
{"result":3,"msg":"10积分抽奖一次，您的积分不足"}

15646563977今日签到获得积分:5
{"result":3,"msg":"10积分抽奖一次，您的积分不足"}

13158424485今日签到获得积分:5
{"result":3,"msg":"10积分抽奖一次，您的积分不足"}

13158422410今日签到获得积分:5
{"result":3,"msg":"10积分抽奖一次，您的积分不足"}

13240912500今日签到获得积分:5
{"result":3,"msg":"10积分抽奖一次，您的积分不足"}

13240912700今日签到获得积分:5
{"result":3,"msg":"10积分抽奖一次，您的积分不足"}


【2015-09-25】
18211085003今日签到获得积分:5
{"result":1,"angle":60,"name":"10积分","info":"积少成多，快到积分乐园换大礼吧！","num":2,"score":12}
{"result":1,"angle":60,"name":"10积分","info":"积少成多，快到积分乐园换大礼吧！","num":1,"score":12}
{"result":1,"angle":270,"name":"谢谢参与","info":"您离奖品仅一步之遥，说不准再抽一次就中了呢？试试看！","num":0,"score":2}
{"result":2,"msg":"今天的抽奖次数已用完，明天再来~"}

15646563977今日签到获得积分:5
{"result":3,"msg":"10积分抽奖一次，您的积分不足"}

13158424485今日签到获得积分:5
{"result":1,"angle":270,"name":"谢谢参与","info":"您离奖品仅一步之遥，说不准再抽一次就中了呢？试试看！","num":2,"score":0}
{"result":3,"msg":"10积分抽奖一次，您的积分不足"}

13158422410今日签到获得积分:5
{"result":1,"angle":60,"name":"10积分","info":"积少成多，快到积分乐园换大礼吧！","num":2,"score":13}
{"result":1,"angle":270,"name":"谢谢参与","info":"您离奖品仅一步之遥，说不准再抽一次就中了呢？试试看！","num":1,"score":3}
{"result":3,"msg":"10积分抽奖一次，您的积分不足"}

13240912500今日签到获得积分:5
{"result":3,"msg":"10积分抽奖一次，您的积分不足"}

13240912700今日签到获得积分:5
{"result":1,"angle":60,"name":"10积分","info":"积少成多，快到积分乐园换大礼吧！","num":2,"score":13}
{"result":1,"angle":270,"name":"谢谢参与","info":"您离奖品仅一步之遥，说不准再抽一次就中了呢？试试看！","num":1,"score":3}
{"result":3,"msg":"10积分抽奖一次，您的积分不足"}


【2015-09-25】
18211085003今日签到获得积分:5
{"result":2,"msg":"今天的抽奖次数已用完，明天再来~"}

15646563977今日签到获得积分:5
{"result":3,"msg":"10积分抽奖一次，您的积分不足"}

13158424485今日签到获得积分:5
{"result":3,"msg":"10积分抽奖一次，您的积分不足"}

13158422410今日签到获得积分:5
{"result":3,"msg":"10积分抽奖一次，您的积分不足"}

13240912500今日签到获得积分:5
{"result":3,"msg":"10积分抽奖一次，您的积分不足"}

13240912700今日签到获得积分:5
{"result":3,"msg":"10积分抽奖一次，您的积分不足"}


【2015-09-26】
18211085003今日签到获得积分:5
{"result":3,"msg":"10积分抽奖一次，您的积分不足"}

15646563977今日签到获得积分:5
{"result":1,"angle":60,"name":"10积分","info":"积少成多，快到积分乐园换大礼吧！","num":2,"score":12}
{"result":1,"angle":210,"name":"20积分","info":"积少成多，快到积分乐园换大礼吧！","num":1,"score":22}
{"result":1,"angle":270,"name":"谢谢参与","info":"您离奖品仅一步之遥，说不准再抽一次就中了呢？试试看！","num":0,"score":12}
{"result":2,"msg":"今天的抽奖次数已用完，明天再来~"}

13158424485今日签到获得积分:5
{"result":3,"msg":"10积分抽奖一次，您的积分不足"}

13158422410今日签到获得积分:5
{"result":3,"msg":"10积分抽奖一次，您的积分不足"}

13240912500今日签到获得积分:5
{"result":1,"angle":60,"name":"10积分","info":"积少成多，快到积分乐园换大礼吧！","num":2,"score":13}
{"result":1,"angle":270,"name":"谢谢参与","info":"您离奖品仅一步之遥，说不准再抽一次就中了呢？试试看！","num":1,"score":3}
{"result":3,"msg":"10积分抽奖一次，您的积分不足"}

13240912700今日签到获得积分:5
{"result":3,"msg":"10积分抽奖一次，您的积分不足"}


【2015-09-26】
18211085003今日签到获得积分:5
{"result":3,"msg":"10积分抽奖一次，您的积分不足"}

15646563977今日签到获得积分:5
{"result":2,"msg":"今天的抽奖次数已用完，明天再来~"}

13158424485今日签到获得积分:5
{"result":3,"msg":"10积分抽奖一次，您的积分不足"}

13158422410今日签到获得积分:5
{"result":3,"msg":"10积分抽奖一次，您的积分不足"}

13240912500今日签到获得积分:5
{"result":3,"msg":"10积分抽奖一次，您的积分不足"}

13240912700今日签到获得积分:5
{"result":3,"msg":"10积分抽奖一次，您的积分不足"}


【2015-09-27】
18211085003今日签到获得积分:5
{"result":1,"angle":330,"name":"2%元加息券","info":"痛快加息不矫情~","num":2,"score":2}
{"result":3,"msg":"10积分抽奖一次，您的积分不足"}

15646563977今日签到获得积分:5
{"result":1,"angle":270,"name":"谢谢参与","info":"您离奖品仅一步之遥，说不准再抽一次就中了呢？试试看！","num":2,"score":7}
{"result":3,"msg":"10积分抽奖一次，您的积分不足"}

13158424485今日签到获得积分:5
{"result":1,"angle":30,"name":"1%加息券","info":"痛快加息不矫情~","num":2,"score":0}
{"result":3,"msg":"10积分抽奖一次，您的积分不足"}

13158422410今日签到获得积分:5
{"result":1,"angle":30,"name":"1%加息券","info":"痛快加息不矫情~","num":2,"score":3}
{"result":3,"msg":"10积分抽奖一次，您的积分不足"}

13240912500今日签到获得积分:5
{"result":3,"msg":"10积分抽奖一次，您的积分不足"}

13240912700今日签到获得积分:5
{"result":1,"angle":330,"name":"2%元加息券","info":"痛快加息不矫情~","num":2,"score":3}
{"result":3,"msg":"10积分抽奖一次，您的积分不足"}


【2015-09-27】
18211085003今日签到获得积分:5
{"result":3,"msg":"10积分抽奖一次，您的积分不足"}

15646563977今日签到获得积分:5
{"result":3,"msg":"10积分抽奖一次，您的积分不足"}

13158424485今日签到获得积分:5
{"result":3,"msg":"10积分抽奖一次，您的积分不足"}

13158422410今日签到获得积分:5
{"result":3,"msg":"10积分抽奖一次，您的积分不足"}

13240912500今日签到获得积分:5
{"result":3,"msg":"10积分抽奖一次，您的积分不足"}

13240912700今日签到获得积分:5
{"result":3,"msg":"10积分抽奖一次，您的积分不足"}


【2015-09-28】

【2015-09-28】
登录失败!
15646563977今日签到获得积分:
{"result":3,"msg":"10积分抽奖一次，您的积分不足"}

13158424485今日签到获得积分:
{"result":3,"msg":"10积分抽奖一次，您的积分不足"}

13158422410今日签到获得积分:
{"result":3,"msg":"10积分抽奖一次，您的积分不足"}

13240912500今日签到获得积分:
{"result":3,"msg":"10积分抽奖一次，您的积分不足"}

13240912700今日签到获得积分:
{"result":3,"msg":"10积分抽奖一次，您的积分不足"}


【2015-09-29】
18211085003今日签到获得积分:1
{"result":3,"msg":"10积分抽奖一次，您的积分不足"}

15646563977今日签到获得积分:1
{"result":3,"msg":"10积分抽奖一次，您的积分不足"}

13158424485今日签到获得积分:1
{"result":3,"msg":"10积分抽奖一次，您的积分不足"}

13158422410今日签到获得积分:1
{"result":3,"msg":"10积分抽奖一次，您的积分不足"}

13240912500今日签到获得积分:1
{"result":3,"msg":"10积分抽奖一次，您的积分不足"}

13240912700今日签到获得积分:1
{"result":3,"msg":"10积分抽奖一次，您的积分不足"}


【2015-09-29】
18211085003今日签到获得积分:1
{"result":3,"msg":"10积分抽奖一次，您的积分不足"}

15646563977今日签到获得积分:1
{"result":3,"msg":"10积分抽奖一次，您的积分不足"}

13158424485今日签到获得积分:1
{"result":3,"msg":"10积分抽奖一次，您的积分不足"}

13158422410今日签到获得积分:1
{"result":3,"msg":"10积分抽奖一次，您的积分不足"}

13240912500今日签到获得积分:1
{"result":3,"msg":"10积分抽奖一次，您的积分不足"}

13240912700今日签到获得积分:1
{"result":3,"msg":"10积分抽奖一次，您的积分不足"}


【2015-09-30】
18211085003今日签到获得积分:2
{"result":3,"msg":"10积分抽奖一次，您的积分不足"}

15646563977今日签到获得积分:2
{"result":0,"msg":"系统繁忙.请稍后在试！"}
{"result":0,"msg":"系统繁忙.请稍后在试！"}
{"result":0,"msg":"系统繁忙.请稍后在试！"}
{"result":0,"msg":"系统繁忙.请稍后在试！"}
{"result":0,"msg":"系统繁忙.请稍后在试！"}
{"result":0,"msg":"系统繁忙.请稍后在试！"}
{"result":0,"msg":"系统繁忙.请稍后在试！"}
{"result":0,"msg":"系统繁忙.请稍后在试！"}
{"result":0,"msg":"系统繁忙.请稍后在试！"}
{"result":0,"msg":"系统繁忙.请稍后在试！"}
{"result":0,"msg":"系统繁忙.请稍后在试！"}

13158424485今日签到获得积分:2
{"result":0,"msg":"系统繁忙.请稍后在试！"}
{"result":0,"msg":"系统繁忙.请稍后在试！"}
{"result":0,"msg":"系统繁忙.请稍后在试！"}
{"result":0,"msg":"系统繁忙.请稍后在试！"}
{"result":3,"msg":"10积分抽奖一次，您的积分不足"}

13158422410今日签到获得积分:2
{"result":3,"msg":"10积分抽奖一次，您的积分不足"}

13240912500今日签到获得积分:2
{"result":0,"msg":"系统繁忙.请稍后在试！"}
{"result":0,"msg":"系统繁忙.请稍后在试！"}
{"result":0,"msg":"系统繁忙.请稍后在试！"}
{"result":0,"msg":"系统繁忙.请稍后在试！"}
{"result":0,"msg":"系统繁忙.请稍后在试！"}
{"result":0,"msg":"系统繁忙.请稍后在试！"}
{"result":0,"msg":"系统繁忙.请稍后在试！"}
{"result":0,"msg":"系统繁忙.请稍后在试！"}
{"result":0,"msg":"系统繁忙.请稍后在试！"}
{"result":0,"msg":"系统繁忙.请稍后在试！"}
{"result":0,"msg":"系统繁忙.请稍后在试！"}

13240912700今日签到获得积分:2
{"result":3,"msg":"10积分抽奖一次，您的积分不足"}


【2015-09-30】
18211085003今日签到获得积分:2
{"result":3,"msg":"10积分抽奖一次，您的积分不足"}

15646563977今日签到获得积分:2
{"result":1,"angle":270,"name":"谢谢参与","info":"您离奖品仅一步之遥，说不准再抽一次就中了呢？试试看！","num":2,"score":0}
{"result":3,"msg":"10积分抽奖一次，您的积分不足"}

13158424485今日签到获得积分:2
{"result":3,"msg":"10积分抽奖一次，您的积分不足"}

13158422410今日签到获得积分:2
{"result":3,"msg":"10积分抽奖一次，您的积分不足"}

13240912500今日签到获得积分:2
{"result":1,"angle":270,"name":"谢谢参与","info":"您离奖品仅一步之遥，说不准再抽一次就中了呢？试试看！","num":2,"score":1}
{"result":3,"msg":"10积分抽奖一次，您的积分不足"}

13240912700今日签到获得积分:2
{"result":3,"msg":"10积分抽奖一次，您的积分不足"}


【2015-10-01】
18211085003今日签到获得积分:1
{"result":3,"msg":"10积分抽奖一次，您的积分不足"}

15646563977今日签到获得积分:1
{"result":3,"msg":"10积分抽奖一次，您的积分不足"}

13158424485今日签到获得积分:1
{"result":3,"msg":"10积分抽奖一次，您的积分不足"}

13158422410今日签到获得积分:1
{"result":3,"msg":"10积分抽奖一次，您的积分不足"}

13240912500今日签到获得积分:1
{"result":3,"msg":"10积分抽奖一次，您的积分不足"}

13240912700今日签到获得积分:1
{"result":3,"msg":"10积分抽奖一次，您的积分不足"}


【2015-10-01】
18211085003今日签到获得积分:1
{"result":3,"msg":"10积分抽奖一次，您的积分不足"}

15646563977今日签到获得积分:1
{"result":3,"msg":"10积分抽奖一次，您的积分不足"}

13158424485今日签到获得积分:1
{"result":3,"msg":"10积分抽奖一次，您的积分不足"}

13158422410今日签到获得积分:1
{"result":3,"msg":"10积分抽奖一次，您的积分不足"}

13240912500今日签到获得积分:1
{"result":3,"msg":"10积分抽奖一次，您的积分不足"}

13240912700今日签到获得积分:1
{"result":3,"msg":"10积分抽奖一次，您的积分不足"}


【2015-10-02】
18211085003今日签到获得积分:2
{"result":3,"msg":"10积分抽奖一次，您的积分不足"}

15646563977今日签到获得积分:2
{"result":3,"msg":"10积分抽奖一次，您的积分不足"}

13158424485今日签到获得积分:2
{"result":3,"msg":"10积分抽奖一次，您的积分不足"}

13158422410今日签到获得积分:2
{"result":3,"msg":"10积分抽奖一次，您的积分不足"}

13240912500今日签到获得积分:2
{"result":3,"msg":"10积分抽奖一次，您的积分不足"}

13240912700今日签到获得积分:2
{"result":3,"msg":"10积分抽奖一次，您的积分不足"}


【2015-10-02】
18211085003今日签到获得积分:2
{"result":3,"msg":"10积分抽奖一次，您的积分不足"}

15646563977今日签到获得积分:2
{"result":3,"msg":"10积分抽奖一次，您的积分不足"}

13158424485今日签到获得积分:2
{"result":3,"msg":"10积分抽奖一次，您的积分不足"}

13158422410今日签到获得积分:2
{"result":3,"msg":"10积分抽奖一次，您的积分不足"}

13240912500今日签到获得积分:2
{"result":3,"msg":"10积分抽奖一次，您的积分不足"}

13240912700今日签到获得积分:2
{"result":3,"msg":"10积分抽奖一次，您的积分不足"}


【2015-10-03】
18211085003今日签到获得积分:5
{"result":1,"angle":90,"name":"米奇保温餐桶","info":"没错你就是那个幸运儿。","num":2,"score":3}
{"result":3,"msg":"10积分抽奖一次，您的积分不足"}

登录失败!
13158424485今日签到获得积分:5
{"result":1,"angle":270,"name":"谢谢参与","info":"您离奖品仅一步之遥，说不准再抽一次就中了呢？试试看！","num":2,"score":1}
{"result":3,"msg":"10积分抽奖一次，您的积分不足"}

13158422410今日签到获得积分:5
{"result":1,"angle":60,"name":"10积分","info":"积少成多，快到积分乐园换大礼吧！","num":2,"score":14}
{"result":1,"angle":30,"name":"1%加息券","info":"痛快加息不矫情~","num":1,"score":4}
{"result":3,"msg":"10积分抽奖一次，您的积分不足"}

13240912500今日签到获得积分:5
{"result":3,"msg":"10积分抽奖一次，您的积分不足"}

13240912700今日签到获得积分:5
{"result":1,"angle":270,"name":"谢谢参与","info":"您离奖品仅一步之遥，说不准再抽一次就中了呢？试试看！","num":2,"score":4}
{"result":3,"msg":"10积分抽奖一次，您的积分不足"}


【2015-10-03】
18211085003今日签到获得积分:5
{"result":3,"msg":"10积分抽奖一次，您的积分不足"}

15646563977今日签到获得积分:5
{"result":3,"msg":"10积分抽奖一次，您的积分不足"}

13158424485今日签到获得积分:5
{"result":3,"msg":"10积分抽奖一次，您的积分不足"}

13158422410今日签到获得积分:5
{"result":3,"msg":"10积分抽奖一次，您的积分不足"}

13240912500今日签到获得积分:5
{"result":3,"msg":"10积分抽奖一次，您的积分不足"}

13240912700今日签到获得积分:5
{"result":3,"msg":"10积分抽奖一次，您的积分不足"}


【2015-10-04】
18211085003今日签到获得积分:5
{"result":3,"msg":"10积分抽奖一次，您的积分不足"}

15646563977今日签到获得积分:5
{"result":1,"angle":270,"name":"谢谢参与","info":"您离奖品仅一步之遥，说不准再抽一次就中了呢？试试看！","num":2,"score":3}
{"result":3,"msg":"10积分抽奖一次，您的积分不足"}

13158424485今日签到获得积分:5
{"result":3,"msg":"10积分抽奖一次，您的积分不足"}

13158422410今日签到获得积分:5
{"result":3,"msg":"10积分抽奖一次，您的积分不足"}

13240912500今日签到获得积分:5
{"result":1,"angle":30,"name":"1%加息券","info":"痛快加息不矫情~","num":2,"score":4}
{"result":3,"msg":"10积分抽奖一次，您的积分不足"}

13240912700今日签到获得积分:5
{"result":3,"msg":"10积分抽奖一次，您的积分不足"}


【2015-10-05】
18211085003今日签到获得积分:5
{"result":1,"angle":270,"name":"谢谢参与","info":"您离奖品仅一步之遥，说不准再抽一次就中了呢？试试看！","num":2,"score":3}
{"result":3,"msg":"10积分抽奖一次，您的积分不足"}

15646563977今日签到获得积分:5
{"result":3,"msg":"10积分抽奖一次，您的积分不足"}

13158424485今日签到获得积分:5
{"result":1,"angle":210,"name":"20积分","info":"积少成多，快到积分乐园换大礼吧！","num":2,"score":21}
{"result":1,"angle":30,"name":"1%加息券","info":"痛快加息不矫情~","num":1,"score":11}
{"result":1,"angle":60,"name":"10积分","info":"积少成多，快到积分乐园换大礼吧！","num":0,"score":11}
{"result":2,"msg":"今天的抽奖次数已用完，明天再来~"}

13158422410今日签到获得积分:5
{"result":1,"angle":60,"name":"10积分","info":"积少成多，快到积分乐园换大礼吧！","num":2,"score":14}
{"result":1,"angle":60,"name":"10积分","info":"积少成多，快到积分乐园换大礼吧！","num":1,"score":14}
{"result":1,"angle":270,"name":"谢谢参与","info":"您离奖品仅一步之遥，说不准再抽一次就中了呢？试试看！","num":0,"score":4}
{"result":2,"msg":"今天的抽奖次数已用完，明天再来~"}

13240912500今日签到获得积分:5
{"result":3,"msg":"10积分抽奖一次，您的积分不足"}

13240912700今日签到获得积分:5
{"result":1,"angle":270,"name":"谢谢参与","info":"您离奖品仅一步之遥，说不准再抽一次就中了呢？试试看！","num":2,"score":4}
{"result":3,"msg":"10积分抽奖一次，您的积分不足"}


【2015-10-05】
18211085003今日签到获得积分:5
{"result":3,"msg":"10积分抽奖一次，您的积分不足"}

15646563977今日签到获得积分:5
{"result":3,"msg":"10积分抽奖一次，您的积分不足"}

13158424485今日签到获得积分:5
{"result":2,"msg":"今天的抽奖次数已用完，明天再来~"}

13158422410今日签到获得积分:5
{"result":2,"msg":"今天的抽奖次数已用完，明天再来~"}

登录失败!
13240912700今日签到获得积分:5
{"result":3,"msg":"10积分抽奖一次，您的积分不足"}


【2015-10-06】
18211085003今日签到获得积分:5
{"result":3,"msg":"10积分抽奖一次，您的积分不足"}

15646563977今日签到获得积分:5
{"result":1,"angle":270,"name":"谢谢参与","info":"您离奖品仅一步之遥，说不准再抽一次就中了呢？试试看！","num":2,"score":3}
{"result":3,"msg":"10积分抽奖一次，您的积分不足"}

13158424485今日签到获得积分:5
{"result":1,"angle":60,"name":"10积分","info":"积少成多，快到积分乐园换大礼吧！","num":2,"score":16}
{"result":1,"angle":270,"name":"谢谢参与","info":"您离奖品仅一步之遥，说不准再抽一次就中了呢？试试看！","num":1,"score":6}
{"result":3,"msg":"10积分抽奖一次，您的积分不足"}

13158422410今日签到获得积分:5
{"result":3,"msg":"10积分抽奖一次，您的积分不足"}

13240912500今日签到获得积分:5
{"result":1,"angle":60,"name":"10积分","info":"积少成多，快到积分乐园换大礼吧！","num":2,"score":14}
{"result":1,"angle":270,"name":"谢谢参与","info":"您离奖品仅一步之遥，说不准再抽一次就中了呢？试试看！","num":1,"score":4}
{"result":3,"msg":"10积分抽奖一次，您的积分不足"}

13240912700今日签到获得积分:5
{"result":3,"msg":"10积分抽奖一次，您的积分不足"}


【2015-10-06】
18211085003今日签到获得积分:5
{"result":3,"msg":"10积分抽奖一次，您的积分不足"}

15646563977今日签到获得积分:5
{"result":3,"msg":"10积分抽奖一次，您的积分不足"}

13158424485今日签到获得积分:5
{"result":3,"msg":"10积分抽奖一次，您的积分不足"}

13158422410今日签到获得积分:5
{"result":3,"msg":"10积分抽奖一次，您的积分不足"}

13240912500今日签到获得积分:5
{"result":3,"msg":"10积分抽奖一次，您的积分不足"}

13240912700今日签到获得积分:5
{"result":3,"msg":"10积分抽奖一次，您的积分不足"}


【2015-10-07】
18211085003今日签到获得积分:5
{"result":1,"angle":270,"name":"谢谢参与","info":"您离奖品仅一步之遥，说不准再抽一次就中了呢？试试看！","num":2,"score":3}
{"result":3,"msg":"10积分抽奖一次，您的积分不足"}

15646563977今日签到获得积分:5
{"result":3,"msg":"10积分抽奖一次，您的积分不足"}

13158424485今日签到获得积分:5
{"result":1,"angle":270,"name":"谢谢参与","info":"您离奖品仅一步之遥，说不准再抽一次就中了呢？试试看！","num":2,"score":1}
{"result":3,"msg":"10积分抽奖一次，您的积分不足"}

13158422410今日签到获得积分:5
{"result":1,"angle":300,"name":"50元现金券","info":"赶快完成投资，提现赚不停！","num":2,"score":4}
{"result":3,"msg":"10积分抽奖一次，您的积分不足"}

13240912500今日签到获得积分:5
{"result":3,"msg":"10积分抽奖一次，您的积分不足"}

13240912700今日签到获得积分:5
{"result":1,"angle":330,"name":"2%元加息券","info":"痛快加息不矫情~","num":2,"score":4}
{"result":3,"msg":"10积分抽奖一次，您的积分不足"}


【2015-10-07】
18211085003今日签到获得积分:5
{"result":3,"msg":"10积分抽奖一次，您的积分不足"}

15646563977今日签到获得积分:5
{"result":3,"msg":"10积分抽奖一次，您的积分不足"}

13158424485今日签到获得积分:5
{"result":3,"msg":"10积分抽奖一次，您的积分不足"}

13158422410今日签到获得积分:5
{"result":3,"msg":"10积分抽奖一次，您的积分不足"}

13240912500今日签到获得积分:5
{"result":3,"msg":"10积分抽奖一次，您的积分不足"}

13240912700今日签到获得积分:5
{"result":3,"msg":"10积分抽奖一次，您的积分不足"}


【2015-10-08】
18211085003今日签到获得积分:5
{"result":3,"msg":"10积分抽奖一次，您的积分不足"}

15646563977今日签到获得积分:5
{"result":1,"angle":30,"name":"1%加息券","info":"痛快加息不矫情~","num":2,"score":3}
{"result":3,"msg":"10积分抽奖一次，您的积分不足"}

13158424485今日签到获得积分:5
{"result":3,"msg":"10积分抽奖一次，您的积分不足"}

13158422410今日签到获得积分:5
{"result":3,"msg":"10积分抽奖一次，您的积分不足"}

13240912500今日签到获得积分:5
{"result":1,"angle":60,"name":"10积分","info":"积少成多，快到积分乐园换大礼吧！","num":2,"score":14}
{"result":1,"angle":30,"name":"1%加息券","info":"痛快加息不矫情~","num":1,"score":4}
{"result":3,"msg":"10积分抽奖一次，您的积分不足"}

13240912700今日签到获得积分:5
{"result":3,"msg":"10积分抽奖一次，您的积分不足"}


【2015-10-08】
18211085003今日签到获得积分:10
{"result":1,"angle":30,"name":"1%加息券","info":"痛快加息不矫情~","num":2,"score":3}
{"result":3,"msg":"10积分抽奖一次，您的积分不足"}

15646563977今日签到获得积分:10
{"result":3,"msg":"10积分抽奖一次，您的积分不足"}

13158424485今日签到获得积分:10
{"result":1,"angle":60,"name":"10积分","info":"积少成多，快到积分乐园换大礼吧！","num":2,"score":11}
{"result":1,"angle":30,"name":"1%加息券","info":"痛快加息不矫情~","num":1,"score":1}
{"result":3,"msg":"10积分抽奖一次，您的积分不足"}

13158422410今日签到获得积分:10
{"result":1,"angle":330,"name":"2%元加息券","info":"痛快加息不矫情~","num":2,"score":4}
{"result":3,"msg":"10积分抽奖一次，您的积分不足"}

13240912500今日签到获得积分:10
{"result":3,"msg":"10积分抽奖一次，您的积分不足"}

13240912700今日签到获得积分:10
{"result":1,"angle":30,"name":"1%加息券","info":"痛快加息不矫情~","num":2,"score":4}
{"result":3,"msg":"10积分抽奖一次，您的积分不足"}


【2015-10-09】
18211085003今日签到获得积分:5
{"result":3,"msg":"10积分抽奖一次，您的积分不足"}

15646563977今日签到获得积分:5
{"result":1,"angle":60,"name":"10积分","info":"积少成多，快到积分乐园换大礼吧！","num":2,"score":13}
{"result":1,"angle":210,"name":"20积分","info":"积少成多，快到积分乐园换大礼吧！","num":1,"score":23}
{"result":1,"angle":60,"name":"10积分","info":"积少成多，快到积分乐园换大礼吧！","num":0,"score":23}
{"result":2,"msg":"今天的抽奖次数已用完，明天再来~"}

13158424485今日签到获得积分:5
{"result":3,"msg":"10积分抽奖一次，您的积分不足"}

13158422410今日签到获得积分:5
{"result":3,"msg":"10积分抽奖一次，您的积分不足"}

13240912500今日签到获得积分:5
{"result":1,"angle":330,"name":"2%元加息券","info":"痛快加息不矫情~","num":2,"score":4}
{"result":3,"msg":"10积分抽奖一次，您的积分不足"}

13240912700今日签到获得积分:5
{"result":3,"msg":"10积分抽奖一次，您的积分不足"}


【2015-10-09】
18211085003今日签到获得积分:5
{"result":3,"msg":"10积分抽奖一次，您的积分不足"}

15646563977今日签到获得积分:5
{"result":2,"msg":"今天的抽奖次数已用完，明天再来~"}

13158424485今日签到获得积分:5
{"result":3,"msg":"10积分抽奖一次，您的积分不足"}

13158422410今日签到获得积分:5
{"result":3,"msg":"10积分抽奖一次，您的积分不足"}

13240912500今日签到获得积分:5
{"result":3,"msg":"10积分抽奖一次，您的积分不足"}

13240912700今日签到获得积分:5
{"result":3,"msg":"10积分抽奖一次，您的积分不足"}


【2015-10-10】
18211085003今日签到获得积分:5
{"result":1,"angle":330,"name":"2%元加息券","info":"痛快加息不矫情~","num":2,"score":3}
{"result":3,"msg":"10积分抽奖一次，您的积分不足"}

15646563977今日签到获得积分:5
{"result":1,"angle":330,"name":"2%元加息券","info":"痛快加息不矫情~","num":2,"score":18}
{"result":1,"angle":60,"name":"10积分","info":"积少成多，快到积分乐园换大礼吧！","num":1,"score":18}
{"result":1,"angle":60,"name":"10积分","info":"积少成多，快到积分乐园换大礼吧！","num":0,"score":18}
{"result":2,"msg":"今天的抽奖次数已用完，明天再来~"}

13158424485今日签到获得积分:5
{"result":1,"angle":30,"name":"1%加息券","info":"痛快加息不矫情~","num":2,"score":1}
{"result":3,"msg":"10积分抽奖一次，您的积分不足"}

13158422410今日签到获得积分:5
{"result":1,"angle":60,"name":"10积分","info":"积少成多，快到积分乐园换大礼吧！","num":2,"score":14}
{"result":1,"angle":60,"name":"10积分","info":"积少成多，快到积分乐园换大礼吧！","num":1,"score":14}
{"result":1,"angle":60,"name":"10积分","info":"积少成多，快到积分乐园换大礼吧！","num":0,"score":14}
{"result":2,"msg":"今天的抽奖次数已用完，明天再来~"}

13240912500今日签到获得积分:5
{"result":3,"msg":"10积分抽奖一次，您的积分不足"}

13240912700今日签到获得积分:5
{"result":1,"angle":60,"name":"10积分","info":"积少成多，快到积分乐园换大礼吧！","num":2,"score":14}
{"result":1,"angle":60,"name":"10积分","info":"积少成多，快到积分乐园换大礼吧！","num":1,"score":14}
{"result":1,"angle":270,"name":"谢谢参与","info":"您离奖品仅一步之遥，说不准再抽一次就中了呢？试试看！","num":0,"score":4}
{"result":2,"msg":"今天的抽奖次数已用完，明天再来~"}


【2015-10-10】
18211085003今日签到获得积分:5
{"result":3,"msg":"10积分抽奖一次，您的积分不足"}

15646563977今日签到获得积分:5
{"result":2,"msg":"今天的抽奖次数已用完，明天再来~"}

13158424485今日签到获得积分:5
{"result":3,"msg":"10积分抽奖一次，您的积分不足"}

13158422410今日签到获得积分:5
{"result":2,"msg":"今天的抽奖次数已用完，明天再来~"}

13240912500今日签到获得积分:5
{"result":3,"msg":"10积分抽奖一次，您的积分不足"}

13240912700今日签到获得积分:5
{"result":2,"msg":"今天的抽奖次数已用完，明天再来~"}


【2015-10-11】
18211085003今日签到获得积分:5
{"result":3,"msg":"10积分抽奖一次，您的积分不足"}

15646563977今日签到获得积分:5
{"result":1,"angle":330,"name":"2%元加息券","info":"痛快加息不矫情~","num":2,"score":13}
{"result":1,"angle":270,"name":"谢谢参与","info":"您离奖品仅一步之遥，说不准再抽一次就中了呢？试试看！","num":1,"score":3}
{"result":3,"msg":"10积分抽奖一次，您的积分不足"}

13158424485今日签到获得积分:5
{"result":3,"msg":"10积分抽奖一次，您的积分不足"}

13158422410今日签到获得积分:5
{"result":1,"angle":210,"name":"20积分","info":"积少成多，快到积分乐园换大礼吧！","num":2,"score":29}
{"result":1,"angle":30,"name":"1%加息券","info":"痛快加息不矫情~","num":1,"score":19}
{"result":1,"angle":30,"name":"1%加息券","info":"痛快加息不矫情~","num":0,"score":9}
{"result":2,"msg":"今天的抽奖次数已用完，明天再来~"}

13240912500今日签到获得积分:5
{"result":1,"angle":270,"name":"谢谢参与","info":"您离奖品仅一步之遥，说不准再抽一次就中了呢？试试看！","num":2,"score":4}
{"result":3,"msg":"10积分抽奖一次，您的积分不足"}

13240912700今日签到获得积分:5
{"result":3,"msg":"10积分抽奖一次，您的积分不足"}


【2015-10-11】
18211085003今日签到获得积分:5
{"result":3,"msg":"10积分抽奖一次，您的积分不足"}

15646563977今日签到获得积分:5
{"result":3,"msg":"10积分抽奖一次，您的积分不足"}

13158424485今日签到获得积分:5
{"result":3,"msg":"10积分抽奖一次，您的积分不足"}

13158422410今日签到获得积分:5
{"result":2,"msg":"今天的抽奖次数已用完，明天再来~"}

登录失败!
13240912700今日签到获得积分:5
{"result":3,"msg":"10积分抽奖一次，您的积分不足"}


【2015-10-12】
18211085003今日签到获得积分:5
{"result":1,"angle":60,"name":"10积分","info":"积少成多，快到积分乐园换大礼吧！","num":2,"score":13}
{"result":1,"angle":270,"name":"谢谢参与","info":"您离奖品仅一步之遥，说不准再抽一次就中了呢？试试看！","num":1,"score":3}
{"result":3,"msg":"10积分抽奖一次，您的积分不足"}

15646563977今日签到获得积分:5
{"result":3,"msg":"10积分抽奖一次，您的积分不足"}

13158424485今日签到获得积分:5
{"result":1,"angle":60,"name":"10积分","info":"积少成多，快到积分乐园换大礼吧！","num":2,"score":11}
{"result":1,"angle":60,"name":"10积分","info":"积少成多，快到积分乐园换大礼吧！","num":1,"score":11}
{"result":1,"angle":270,"name":"谢谢参与","info":"您离奖品仅一步之遥，说不准再抽一次就中了呢？试试看！","num":0,"score":1}
{"result":2,"msg":"今天的抽奖次数已用完，明天再来~"}

13158422410今日签到获得积分:5
{"result":1,"angle":270,"name":"谢谢参与","info":"您离奖品仅一步之遥，说不准再抽一次就中了呢？试试看！","num":2,"score":4}
{"result":3,"msg":"10积分抽奖一次，您的积分不足"}

13240912500今日签到获得积分:5
{"result":3,"msg":"10积分抽奖一次，您的积分不足"}

13240912700今日签到获得积分:5
{"result":1,"angle":270,"name":"谢谢参与","info":"您离奖品仅一步之遥，说不准再抽一次就中了呢？试试看！","num":2,"score":4}
{"result":3,"msg":"10积分抽奖一次，您的积分不足"}


【2015-10-12】
18211085003今日签到获得积分:5
{"result":3,"msg":"10积分抽奖一次，您的积分不足"}

15646563977今日签到获得积分:5
{"result":3,"msg":"10积分抽奖一次，您的积分不足"}

13158424485今日签到获得积分:5
{"result":2,"msg":"今天的抽奖次数已用完，明天再来~"}

13158422410今日签到获得积分:5
{"result":3,"msg":"10积分抽奖一次，您的积分不足"}

13240912500今日签到获得积分:5
{"result":3,"msg":"10积分抽奖一次，您的积分不足"}

13240912700今日签到获得积分:5
{"result":3,"msg":"10积分抽奖一次，您的积分不足"}


【2015-10-13】
18211085003今日签到获得积分:5
{"result":3,"msg":"10积分抽奖一次，您的积分不足"}

15646563977今日签到获得积分:5
{"result":1,"angle":60,"name":"10积分","info":"积少成多，快到积分乐园换大礼吧！","num":2,"score":13}
{"result":1,"angle":270,"name":"谢谢参与","info":"您离奖品仅一步之遥，说不准再抽一次就中了呢？试试看！","num":1,"score":3}
{"result":3,"msg":"10积分抽奖一次，您的积分不足"}

13158424485今日签到获得积分:5
{"result":3,"msg":"10积分抽奖一次，您的积分不足"}

13158422410今日签到获得积分:5
{"result":3,"msg":"10积分抽奖一次，您的积分不足"}

13240912500今日签到获得积分:5
{"result":1,"angle":270,"name":"谢谢参与","info":"您离奖品仅一步之遥，说不准再抽一次就中了呢？试试看！","num":2,"score":4}
{"result":3,"msg":"10积分抽奖一次，您的积分不足"}

13240912700今日签到获得积分:5
{"result":3,"msg":"10积分抽奖一次，您的积分不足"}


【2015-10-13】
18211085003今日签到获得积分:5
{"result":3,"msg":"10积分抽奖一次，您的积分不足"}

登录失败!
13158424485今日签到获得积分:5
{"result":3,"msg":"10积分抽奖一次，您的积分不足"}

13158422410今日签到获得积分:5
{"result":3,"msg":"10积分抽奖一次，您的积分不足"}

13240912500今日签到获得积分:5
{"result":3,"msg":"10积分抽奖一次，您的积分不足"}

13240912700今日签到获得积分:5
{"result":3,"msg":"10积分抽奖一次，您的积分不足"}


【2015-10-14】
18211085003今日签到获得积分:5
{"result":1,"angle":60,"name":"10积分","info":"积少成多，快到积分乐园换大礼吧！","num":2,"score":13}
{"result":1,"angle":60,"name":"10积分","info":"积少成多，快到积分乐园换大礼吧！","num":1,"score":13}
{"result":1,"angle":60,"name":"10积分","info":"积少成多，快到积分乐园换大礼吧！","num":0,"score":13}
{"result":2,"msg":"今天的抽奖次数已用完，明天再来~"}

15646563977今日签到获得积分:5
{"result":3,"msg":"10积分抽奖一次，您的积分不足"}

13158424485今日签到获得积分:5
{"result":1,"angle":60,"name":"10积分","info":"积少成多，快到积分乐园换大礼吧！","num":2,"score":11}
{"result":1,"angle":270,"name":"谢谢参与","info":"您离奖品仅一步之遥，说不准再抽一次就中了呢？试试看！","num":1,"score":1}
{"result":3,"msg":"10积分抽奖一次，您的积分不足"}

13158422410今日签到获得积分:5
{"result":1,"angle":330,"name":"2%元加息券","info":"痛快加息不矫情~","num":2,"score":4}
{"result":3,"msg":"10积分抽奖一次，您的积分不足"}

13240912500今日签到获得积分:5
{"result":3,"msg":"10积分抽奖一次，您的积分不足"}

13240912700今日签到获得积分:5
{"result":1,"angle":60,"name":"10积分","info":"积少成多，快到积分乐园换大礼吧！","num":2,"score":14}
{"result":1,"angle":270,"name":"谢谢参与","info":"您离奖品仅一步之遥，说不准再抽一次就中了呢？试试看！","num":1,"score":4}
{"result":3,"msg":"10积分抽奖一次，您的积分不足"}


【2015-10-14】
18211085003今日签到获得积分:5
{"result":2,"msg":"今天的抽奖次数已用完，明天再来~"}

15646563977今日签到获得积分:5
{"result":3,"msg":"10积分抽奖一次，您的积分不足"}

13158424485今日签到获得积分:5
{"result":3,"msg":"10积分抽奖一次，您的积分不足"}

13158422410今日签到获得积分:5
{"result":3,"msg":"10积分抽奖一次，您的积分不足"}

13240912500今日签到获得积分:5
{"result":3,"msg":"10积分抽奖一次，您的积分不足"}

13240912700今日签到获得积分:5
{"result":3,"msg":"10积分抽奖一次，您的积分不足"}


【2015-10-15】
18211085003今日签到获得积分:5
{"result":1,"angle":150,"name":"20元现金券","info":"赶快完成投资，提现赚不停！","num":2,"score":8}
{"result":3,"msg":"10积分抽奖一次，您的积分不足"}

15646563977今日签到获得积分:5
{"result":1,"angle":330,"name":"2%元加息券","info":"痛快加息不矫情~","num":2,"score":3}
{"result":3,"msg":"10积分抽奖一次，您的积分不足"}

13158424485今日签到获得积分:5
{"result":3,"msg":"10积分抽奖一次，您的积分不足"}

13158422410今日签到获得积分:5
{"result":3,"msg":"10积分抽奖一次，您的积分不足"}

13240912500今日签到获得积分:5
{"result":1,"angle":330,"name":"2%元加息券","info":"痛快加息不矫情~","num":2,"score":4}
{"result":3,"msg":"10积分抽奖一次，您的积分不足"}

13240912700今日签到获得积分:5
{"result":3,"msg":"10积分抽奖一次，您的积分不足"}


【2015-10-15】
18211085003今日签到获得积分:5
{"result":3,"msg":"10积分抽奖一次，您的积分不足"}

15646563977今日签到获得积分:5
{"result":3,"msg":"10积分抽奖一次，您的积分不足"}

13158424485今日签到获得积分:5
{"result":3,"msg":"10积分抽奖一次，您的积分不足"}

13158422410今日签到获得积分:5
{"result":3,"msg":"10积分抽奖一次，您的积分不足"}

13240912500今日签到获得积分:5
{"result":3,"msg":"10积分抽奖一次，您的积分不足"}

13240912700今日签到获得积分:5
{"result":3,"msg":"10积分抽奖一次，您的积分不足"}


【2015-10-16】
18211085003今日签到获得积分:5
{"result":1,"angle":270,"name":"谢谢参与","info":"您离奖品仅一步之遥，说不准再抽一次就中了呢？试试看！","num":2,"score":3}
{"result":3,"msg":"10积分抽奖一次，您的积分不足"}

15646563977今日签到获得积分:5
{"result":3,"msg":"10积分抽奖一次，您的积分不足"}

13158424485今日签到获得积分:5
{"result":1,"angle":60,"name":"10积分","info":"积少成多，快到积分乐园换大礼吧！","num":2,"score":11}
{"result":1,"angle":60,"name":"10积分","info":"积少成多，快到积分乐园换大礼吧！","num":1,"score":11}
{"result":1,"angle":60,"name":"10积分","info":"积少成多，快到积分乐园换大礼吧！","num":0,"score":11}
{"result":2,"msg":"今天的抽奖次数已用完，明天再来~"}

13158422410今日签到获得积分:5
{"result":1,"angle":300,"name":"50元现金券","info":"赶快完成投资，提现赚不停！","num":2,"score":4}
{"result":3,"msg":"10积分抽奖一次，您的积分不足"}

13240912500今日签到获得积分:5
{"result":3,"msg":"10积分抽奖一次，您的积分不足"}

13240912700今日签到获得积分:本月总积分68
{"result":3,"msg":"10积分抽奖一次，您的积分不足"}


【2015-10-16】
18211085003今日签到获得积分:5
{"result":3,"msg":"10积分抽奖一次，您的积分不足"}

15646563977今日签到获得积分:5
{"result":3,"msg":"10积分抽奖一次，您的积分不足"}

13158424485今日签到获得积分:5
{"result":2,"msg":"今天的抽奖次数已用完，明天再来~"}

13158422410今日签到获得积分:5
{"result":3,"msg":"10积分抽奖一次，您的积分不足"}

13240912500今日签到获得积分:5
{"result":3,"msg":"10积分抽奖一次，您的积分不足"}

13240912700今日签到获得积分:5
{"result":1,"angle":270,"name":"谢谢参与","info":"您离奖品仅一步之遥，说不准再抽一次就中了呢？试试看！","num":2,"score":4}
{"result":3,"msg":"10积分抽奖一次，您的积分不足"}


【2015-10-17】
18211085003今日签到获得积分:5
{"result":3,"msg":"10积分抽奖一次，您的积分不足"}

15646563977今日签到获得积分:5
{"result":1,"angle":150,"name":"20元现金券","info":"赶快完成投资，提现赚不停！","num":2,"score":3}
{"result":3,"msg":"10积分抽奖一次，您的积分不足"}

13158424485今日签到获得积分:5
{"result":1,"angle":270,"name":"谢谢参与","info":"您离奖品仅一步之遥，说不准再抽一次就中了呢？试试看！","num":2,"score":6}
{"result":3,"msg":"10积分抽奖一次，您的积分不足"}

13158422410今日签到获得积分:5
{"result":3,"msg":"10积分抽奖一次，您的积分不足"}

13240912500今日签到获得积分:5
{"result":1,"angle":150,"name":"20元现金券","info":"赶快完成投资，提现赚不停！","num":2,"score":4}
{"result":3,"msg":"10积分抽奖一次，您的积分不足"}

13240912700今日签到获得积分:5
{"result":3,"msg":"10积分抽奖一次，您的积分不足"}


【2015-10-17】
18211085003今日签到获得积分:5
{"result":3,"msg":"10积分抽奖一次，您的积分不足"}

15646563977今日签到获得积分:5
{"result":3,"msg":"10积分抽奖一次，您的积分不足"}

13158424485今日签到获得积分:5
{"result":3,"msg":"10积分抽奖一次，您的积分不足"}

13158422410今日签到获得积分:5
{"result":3,"msg":"10积分抽奖一次，您的积分不足"}

13240912500今日签到获得积分:5
{"result":3,"msg":"10积分抽奖一次，您的积分不足"}

13240912700今日签到获得积分:5
{"result":3,"msg":"10积分抽奖一次，您的积分不足"}


【2015-10-18】
18211085003今日签到获得积分:5
{"result":1,"angle":60,"name":"10积分","info":"积少成多，快到积分乐园换大礼吧！","num":2,"score":13}
{"result":1,"angle":270,"name":"谢谢参与","info":"您离奖品仅一步之遥，说不准再抽一次就中了呢？试试看！","num":1,"score":3}
{"result":3,"msg":"10积分抽奖一次，您的积分不足"}

15646563977今日签到获得积分:5
{"result":3,"msg":"10积分抽奖一次，您的积分不足"}

13158424485今日签到获得积分:5
{"result":1,"angle":60,"name":"10积分","info":"积少成多，快到积分乐园换大礼吧！","num":2,"score":11}
{"result":1,"angle":60,"name":"10积分","info":"积少成多，快到积分乐园换大礼吧！","num":1,"score":11}
{"result":1,"angle":330,"name":"2%元加息券","info":"痛快加息不矫情~","num":0,"score":1}
{"result":2,"msg":"今天的抽奖次数已用完，明天再来~"}

13158422410今日签到获得积分:5
{"result":1,"angle":150,"name":"20元现金券","info":"赶快完成投资，提现赚不停！","num":2,"score":4}
{"result":3,"msg":"10积分抽奖一次，您的积分不足"}

13240912500今日签到获得积分:5
{"result":3,"msg":"10积分抽奖一次，您的积分不足"}

13240912700今日签到获得积分:5
{"result":1,"angle":330,"name":"2%元加息券","info":"痛快加息不矫情~","num":2,"score":4}
{"result":3,"msg":"10积分抽奖一次，您的积分不足"}


【2015-10-18】
18211085003今日签到获得积分:5
{"result":3,"msg":"10积分抽奖一次，您的积分不足"}

15646563977今日签到获得积分:5
{"result":3,"msg":"10积分抽奖一次，您的积分不足"}

13158424485今日签到获得积分:5
{"result":2,"msg":"今天的抽奖次数已用完，明天再来~"}

13158422410今日签到获得积分:5
{"result":3,"msg":"10积分抽奖一次，您的积分不足"}

13240912500今日签到获得积分:5
{"result":3,"msg":"10积分抽奖一次，您的积分不足"}

13240912700今日签到获得积分:5
{"result":3,"msg":"10积分抽奖一次，您的积分不足"}


【2015-10-19】
18211085003今日签到获得积分:5
{"result":3,"msg":"10积分抽奖一次，您的积分不足"}

15646563977今日签到获得积分:5
{"result":1,"angle":270,"name":"谢谢参与","info":"您离奖品仅一步之遥，说不准再抽一次就中了呢？试试看！","num":2,"score":3}
{"result":3,"msg":"10积分抽奖一次，您的积分不足"}

登录失败!
登录失败!
登录失败!
登录失败!

【2015-10-19】

【2015-10-19】
18211085003今日签到获得积分:5
{"result":3,"msg":"10积分抽奖一次，您的积分不足"}

15646563977今日签到获得积分:5
{"result":3,"msg":"10积分抽奖一次，您的积分不足"}

13158424485今日签到获得积分:5
{"result":3,"msg":"10积分抽奖一次，您的积分不足"}

13158422410今日签到获得积分:5
{"result":3,"msg":"10积分抽奖一次，您的积分不足"}

13240912500今日签到获得积分:5
{"result":2,"msg":"今天的抽奖次数已用完，明天再来~"}

13240912700今日签到获得积分:5
{"result":3,"msg":"10积分抽奖一次，您的积分不足"}


【2015-10-20】
18211085003今日签到获得积分:5
{"result":1,"angle":270,"name":"谢谢参与","info":"您离奖品仅一步之遥，说不准再抽一次就中了呢？试试看！","num":2,"score":3}
{"result":3,"msg":"10积分抽奖一次，您的积分不足"}

15646563977今日签到获得积分:5
{"result":3,"msg":"10积分抽奖一次，您的积分不足"}

13158424485今日签到获得积分:5
{"result":1,"angle":60,"name":"10积分","info":"积少成多，快到积分乐园换大礼吧！","num":2,"score":11}
{"result":1,"angle":210,"name":"20积分","info":"积少成多，快到积分乐园换大礼吧！","num":1,"score":21}
{"result":1,"angle":150,"name":"20元现金券","info":"赶快完成投资，提现赚不停！","num":0,"score":11}
{"result":2,"msg":"今天的抽奖次数已用完，明天再来~"}

13158422410今日签到获得积分:5
{"result":1,"angle":270,"name":"谢谢参与","info":"您离奖品仅一步之遥，说不准再抽一次就中了呢？试试看！","num":2,"score":4}
{"result":3,"msg":"10积分抽奖一次，您的积分不足"}

13240912500今日签到获得积分:5
{"result":1,"angle":300,"name":"50元现金券","info":"赶快完成投资，提现赚不停！","num":2,"score":29}
{"result":1,"angle":180,"name":"10元现金","info":"快去投资增值吧~","num":1,"score":19}
{"result":1,"angle":270,"name":"谢谢参与","info":"您离奖品仅一步之遥，说不准再抽一次就中了呢？试试看！","num":0,"score":9}
{"result":2,"msg":"今天的抽奖次数已用完，明天再来~"}

13240912700今日签到获得积分:5
{"result":1,"angle":60,"name":"10积分","info":"积少成多，快到积分乐园换大礼吧！","num":2,"score":14}
{"result":1,"angle":150,"name":"20元现金券","info":"赶快完成投资，提现赚不停！","num":1,"score":4}
{"result":3,"msg":"10积分抽奖一次，您的积分不足"}


【2015-10-20】
18211085003今日签到获得积分:5
{"result":3,"msg":"10积分抽奖一次，您的积分不足"}

15646563977今日签到获得积分:5
{"result":3,"msg":"10积分抽奖一次，您的积分不足"}

13158424485今日签到获得积分:5
{"result":2,"msg":"今天的抽奖次数已用完，明天再来~"}

13158422410今日签到获得积分:5
{"result":3,"msg":"10积分抽奖一次，您的积分不足"}

13240912500今日签到获得积分:5
{"result":2,"msg":"今天的抽奖次数已用完，明天再来~"}

13240912700今日签到获得积分:5
{"result":3,"msg":"10积分抽奖一次，您的积分不足"}


【2015-10-21】
18211085003今日签到获得积分:5
{"result":3,"msg":"10积分抽奖一次，您的积分不足"}

15646563977今日签到获得积分:5
{"result":1,"angle":150,"name":"20元现金券","info":"赶快完成投资，提现赚不停！","num":2,"score":3}
{"result":3,"msg":"10积分抽奖一次，您的积分不足"}

13158424485今日签到获得积分:5
{"result":1,"angle":60,"name":"10积分","info":"积少成多，快到积分乐园换大礼吧！","num":2,"score":16}
{"result":1,"angle":30,"name":"1%加息券","info":"痛快加息不矫情~","num":1,"score":6}
{"result":3,"msg":"10积分抽奖一次，您的积分不足"}

13158422410今日签到获得积分:5
{"result":3,"msg":"10积分抽奖一次，您的积分不足"}

13240912500今日签到获得积分:5
{"result":1,"angle":330,"name":"2%元加息券","info":"痛快加息不矫情~","num":2,"score":4}
{"result":3,"msg":"10积分抽奖一次，您的积分不足"}

13240912700今日签到获得积分:5
{"result":3,"msg":"10积分抽奖一次，您的积分不足"}


【2015-10-21】
18211085003今日签到获得积分:5
{"result":3,"msg":"10积分抽奖一次，您的积分不足"}

15646563977今日签到获得积分:5
{"result":3,"msg":"10积分抽奖一次，您的积分不足"}

13158424485今日签到获得积分:5
{"result":3,"msg":"10积分抽奖一次，您的积分不足"}

13158422410今日签到获得积分:5
{"result":3,"msg":"10积分抽奖一次，您的积分不足"}

13240912500今日签到获得积分:5
{"result":3,"msg":"10积分抽奖一次，您的积分不足"}

13240912700今日签到获得积分:5
{"result":3,"msg":"10积分抽奖一次，您的积分不足"}


【2015-10-22】
18211085003今日签到获得积分:5
{"result":1,"angle":30,"name":"1%加息券","info":"痛快加息不矫情~","num":2,"score":3}
{"result":3,"msg":"10积分抽奖一次，您的积分不足"}

15646563977今日签到获得积分:5
{"result":3,"msg":"10积分抽奖一次，您的积分不足"}

13158424485今日签到获得积分:5
{"result":1,"angle":60,"name":"10积分","info":"积少成多，快到积分乐园换大礼吧！","num":2,"score":11}
{"result":1,"angle":120,"name":"30积分","info":"积少成多，快到积分乐园换大礼吧！","num":1,"score":31}
{"result":1,"angle":270,"name":"谢谢参与","info":"您离奖品仅一步之遥，说不准再抽一次就中了呢？试试看！","num":0,"score":21}
{"result":2,"msg":"今天的抽奖次数已用完，明天再来~"}

13158422410今日签到获得积分:5
{"result":1,"angle":30,"name":"1%加息券","info":"痛快加息不矫情~","num":2,"score":4}
{"result":3,"msg":"10积分抽奖一次，您的积分不足"}

13240912500今日签到获得积分:5
{"result":3,"msg":"10积分抽奖一次，您的积分不足"}

13240912700今日签到获得积分:5
{"result":1,"angle":60,"name":"10积分","info":"积少成多，快到积分乐园换大礼吧！","num":2,"score":14}
{"result":1,"angle":60,"name":"10积分","info":"积少成多，快到积分乐园换大礼吧！","num":1,"score":14}
{"result":1,"angle":330,"name":"2%元加息券","info":"痛快加息不矫情~","num":0,"score":4}
{"result":2,"msg":"今天的抽奖次数已用完，明天再来~"}


【2015-10-22】
18211085003今日签到获得积分:5
{"result":3,"msg":"10积分抽奖一次，您的积分不足"}

15646563977今日签到获得积分:5
{"result":3,"msg":"10积分抽奖一次，您的积分不足"}

13158424485今日签到获得积分:5
{"result":2,"msg":"今天的抽奖次数已用完，明天再来~"}

13158422410今日签到获得积分:5
{"result":3,"msg":"10积分抽奖一次，您的积分不足"}

13240912500今日签到获得积分:5
{"result":3,"msg":"10积分抽奖一次，您的积分不足"}

13240912700今日签到获得积分:5
{"result":2,"msg":"今天的抽奖次数已用完，明天再来~"}


【2015-10-23】
18211085003今日签到获得积分:5
{"result":3,"msg":"10积分抽奖一次，您的积分不足"}

15646563977今日签到获得积分:5
{"result":3,"msg":"10积分抽奖一次，您的积分不足"}

13158424485今日签到获得积分:5
{"result":2,"msg":"今天的抽奖次数已用完，明天再来~"}

13158422410今日签到获得积分:5
{"result":3,"msg":"10积分抽奖一次，您的积分不足"}

13240912500今日签到获得积分:5
{"result":3,"msg":"10积分抽奖一次，您的积分不足"}

13240912700今日签到获得积分:5
{"result":3,"msg":"10积分抽奖一次，您的积分不足"}


【2015-10-23】
18211085003今日签到获得积分:5
{"result":3,"msg":"10积分抽奖一次，您的积分不足"}

15646563977今日签到获得积分:5
{"result":3,"msg":"10积分抽奖一次，您的积分不足"}

13158424485今日签到获得积分:5
{"result":2,"msg":"今天的抽奖次数已用完，明天再来~"}

13158422410今日签到获得积分:5
{"result":3,"msg":"10积分抽奖一次，您的积分不足"}

13240912500今日签到获得积分:5
{"result":3,"msg":"10积分抽奖一次，您的积分不足"}

13240912700今日签到获得积分:5
{"result":3,"msg":"10积分抽奖一次，您的积分不足"}


【2015-10-24】
18211085003今日签到获得积分:5
{"result":1,"angle":150,"name":"20元现金券","info":"赶快完成投资，提现赚不停！","num":2,"score":3}
{"result":3,"msg":"10积分抽奖一次，您的积分不足"}

15646563977今日签到获得积分:5
{"result":3,"msg":"10积分抽奖一次，您的积分不足"}

13158424485今日签到获得积分:5
{"result":1,"angle":270,"name":"谢谢参与","info":"您离奖品仅一步之遥，说不准再抽一次就中了呢？试试看！","num":2,"score":1}
{"result":3,"msg":"10积分抽奖一次，您的积分不足"}

13158422410今日签到获得积分:5
{"result":1,"angle":60,"name":"10积分","info":"积少成多，快到积分乐园换大礼吧！","num":2,"score":14}
{"result":1,"angle":270,"name":"谢谢参与","info":"您离奖品仅一步之遥，说不准再抽一次就中了呢？试试看！","num":1,"score":4}
{"result":3,"msg":"10积分抽奖一次，您的积分不足"}

13240912500今日签到获得积分:5
{"result":3,"msg":"10积分抽奖一次，您的积分不足"}

13240912700今日签到获得积分:5
{"result":1,"angle":300,"name":"50元现金券","info":"赶快完成投资，提现赚不停！","num":2,"score":4}
{"result":3,"msg":"10积分抽奖一次，您的积分不足"}


【2015-10-24】
18211085003今日签到获得积分:5
{"result":3,"msg":"10积分抽奖一次，您的积分不足"}

15646563977今日签到获得积分:5
{"result":3,"msg":"10积分抽奖一次，您的积分不足"}

13158424485今日签到获得积分:5
{"result":3,"msg":"10积分抽奖一次，您的积分不足"}

13158422410今日签到获得积分:5
{"result":3,"msg":"10积分抽奖一次，您的积分不足"}

13240912500今日签到获得积分:5
{"result":3,"msg":"10积分抽奖一次，您的积分不足"}

13240912700今日签到获得积分:5
{"result":3,"msg":"10积分抽奖一次，您的积分不足"}


【2015-10-25】
18211085003今日签到获得积分:5
{"result":3,"msg":"10积分抽奖一次，您的积分不足"}

15646563977今日签到获得积分:5
{"result":1,"angle":60,"name":"10积分","info":"积少成多，快到积分乐园换大礼吧！","num":2,"score":13}
{"result":1,"angle":60,"name":"10积分","info":"积少成多，快到积分乐园换大礼吧！","num":1,"score":13}
{"result":1,"angle":60,"name":"10积分","info":"积少成多，快到积分乐园换大礼吧！","num":0,"score":13}
{"result":2,"msg":"今天的抽奖次数已用完，明天再来~"}

13158424485今日签到获得积分:5
{"result":3,"msg":"10积分抽奖一次，您的积分不足"}

13158422410今日签到获得积分:5
{"result":3,"msg":"10积分抽奖一次，您的积分不足"}

13240912500今日签到获得积分:5
{"result":1,"angle":300,"name":"50元现金券","info":"赶快完成投资，提现赚不停！","num":2,"score":4}
{"result":3,"msg":"10积分抽奖一次，您的积分不足"}

13240912700今日签到获得积分:5
{"result":3,"msg":"10积分抽奖一次，您的积分不足"}


【2015-10-25】
18211085003今日签到获得积分:5
{"result":3,"msg":"10积分抽奖一次，您的积分不足"}

15646563977今日签到获得积分:5
{"result":2,"msg":"今天的抽奖次数已用完，明天再来~"}

13158424485今日签到获得积分:5
{"result":3,"msg":"10积分抽奖一次，您的积分不足"}

13158422410今日签到获得积分:5
{"result":3,"msg":"10积分抽奖一次，您的积分不足"}

13240912500今日签到获得积分:5
{"result":3,"msg":"10积分抽奖一次，您的积分不足"}

13240912700今日签到获得积分:5
{"result":3,"msg":"10积分抽奖一次，您的积分不足"}


【2015-10-26】
18211085003今日签到获得积分:5
{"result":1,"angle":30,"name":"1%加息券","info":"痛快加息不矫情~","num":2,"score":3}
{"result":3,"msg":"10积分抽奖一次，您的积分不足"}

15646563977今日签到获得积分:5
{"result":1,"angle":60,"name":"10积分","info":"积少成多，快到积分乐园换大礼吧！","num":2,"score":18}
{"result":1,"angle":300,"name":"50元现金券","info":"赶快完成投资，提现赚不停！","num":1,"score":8}
{"result":3,"msg":"10积分抽奖一次，您的积分不足"}

13158424485今日签到获得积分:5
{"result":1,"angle":270,"name":"谢谢参与","info":"您离奖品仅一步之遥，说不准再抽一次就中了呢？试试看！","num":2,"score":1}
{"result":3,"msg":"10积分抽奖一次，您的积分不足"}

13158422410今日签到获得积分:5
{"result":1,"angle":210,"name":"20积分","info":"积少成多，快到积分乐园换大礼吧！","num":2,"score":24}
{"result":1,"angle":270,"name":"谢谢参与","info":"您离奖品仅一步之遥，说不准再抽一次就中了呢？试试看！","num":1,"score":14}
{"result":1,"angle":60,"name":"10积分","info":"积少成多，快到积分乐园换大礼吧！","num":0,"score":14}
{"result":2,"msg":"今天的抽奖次数已用完，明天再来~"}

13240912500今日签到获得积分:5
{"result":3,"msg":"10积分抽奖一次，您的积分不足"}

13240912700今日签到获得积分:5
{"result":1,"angle":30,"name":"1%加息券","info":"痛快加息不矫情~","num":2,"score":4}
{"result":3,"msg":"10积分抽奖一次，您的积分不足"}


【2015-10-26】
18211085003今日签到获得积分:5
{"result":3,"msg":"10积分抽奖一次，您的积分不足"}

15646563977今日签到获得积分:5
{"result":3,"msg":"10积分抽奖一次，您的积分不足"}

13158424485今日签到获得积分:5
{"result":3,"msg":"10积分抽奖一次，您的积分不足"}

13158422410今日签到获得积分:5
{"result":2,"msg":"今天的抽奖次数已用完，明天再来~"}

13240912500今日签到获得积分:5
{"result":3,"msg":"10积分抽奖一次，您的积分不足"}

13240912700今日签到获得积分:5
{"result":3,"msg":"10积分抽奖一次，您的积分不足"}


【2015-10-27】
18211085003今日签到获得积分:5
{"result":3,"msg":"10积分抽奖一次，您的积分不足"}

15646563977今日签到获得积分:5
{"result":1,"angle":30,"name":"1%加息券","info":"痛快加息不矫情~","num":2,"score":3}
{"result":3,"msg":"10积分抽奖一次，您的积分不足"}

13158424485今日签到获得积分:5
{"result":3,"msg":"10积分抽奖一次，您的积分不足"}

13158422410今日签到获得积分:5
{"result":1,"angle":150,"name":"20元现金券","info":"赶快完成投资，提现赚不停！","num":2,"score":9}
{"result":3,"msg":"10积分抽奖一次，您的积分不足"}

13240912500今日签到获得积分:5
{"result":1,"angle":60,"name":"10积分","info":"积少成多，快到积分乐园换大礼吧！","num":2,"score":14}
{"result":1,"angle":330,"name":"2%元加息券","info":"痛快加息不矫情~","num":1,"score":4}
{"result":3,"msg":"10积分抽奖一次，您的积分不足"}

13240912700今日签到获得积分:5
{"result":3,"msg":"10积分抽奖一次，您的积分不足"}


【2015-10-27】
18211085003今日签到获得积分:5
{"result":3,"msg":"10积分抽奖一次，您的积分不足"}

15646563977今日签到获得积分:5
{"result":3,"msg":"10积分抽奖一次，您的积分不足"}

13158424485今日签到获得积分:5
{"result":3,"msg":"10积分抽奖一次，您的积分不足"}

13158422410今日签到获得积分:5
{"result":3,"msg":"10积分抽奖一次，您的积分不足"}

13240912500今日签到获得积分:5
{"result":3,"msg":"10积分抽奖一次，您的积分不足"}

13240912700今日签到获得积分:5
{"result":3,"msg":"10积分抽奖一次，您的积分不足"}


【2015-10-28】
18211085003今日签到获得积分:5
{"result":1,"angle":270,"name":"谢谢参与","info":"您离奖品仅一步之遥，说不准再抽一次就中了呢？试试看！","num":2,"score":3}
{"result":3,"msg":"10积分抽奖一次，您的积分不足"}

15646563977今日签到获得积分:5
{"result":3,"msg":"10积分抽奖一次，您的积分不足"}

13158424485今日签到获得积分:5
{"result":1,"angle":30,"name":"1%加息券","info":"痛快加息不矫情~","num":2,"score":1}
{"result":3,"msg":"10积分抽奖一次，您的积分不足"}

13158422410今日签到获得积分:5
{"result":1,"angle":270,"name":"谢谢参与","info":"您离奖品仅一步之遥，说不准再抽一次就中了呢？试试看！","num":2,"score":4}
{"result":3,"msg":"10积分抽奖一次，您的积分不足"}

13240912500今日签到获得积分:5
{"result":3,"msg":"10积分抽奖一次，您的积分不足"}

13240912700今日签到获得积分:5
{"result":1,"angle":120,"name":"30积分","info":"积少成多，快到积分乐园换大礼吧！","num":2,"score":34}
{"result":1,"angle":30,"name":"1%加息券","info":"痛快加息不矫情~","num":1,"score":24}
{"result":1,"angle":270,"name":"谢谢参与","info":"您离奖品仅一步之遥，说不准再抽一次就中了呢？试试看！","num":0,"score":14}
{"result":2,"msg":"今天的抽奖次数已用完，明天再来~"}


【2015-10-28】
18211085003今日签到获得积分:5
{"result":3,"msg":"10积分抽奖一次，您的积分不足"}

15646563977今日签到获得积分:5
{"result":3,"msg":"10积分抽奖一次，您的积分不足"}

13158424485今日签到获得积分:5
{"result":3,"msg":"10积分抽奖一次，您的积分不足"}

13158422410今日签到获得积分:5
{"result":3,"msg":"10积分抽奖一次，您的积分不足"}

13240912500今日签到获得积分:5
{"result":3,"msg":"10积分抽奖一次，您的积分不足"}

13240912700今日签到获得积分:5
{"result":2,"msg":"今天的抽奖次数已用完，明天再来~"}


【2015-10-29】

【2015-10-29】
18211085003今日签到获得积分:5
{"result":3,"msg":"10积分抽奖一次，您的积分不足"}

15646563977今日签到获得积分:5
{"result":1,"angle":150,"name":"20元现金券","info":"赶快完成投资，提现赚不停！","num":2,"score":3}
{"result":3,"msg":"10积分抽奖一次，您的积分不足"}

13158424485今日签到获得积分:5
{"result":3,"msg":"10积分抽奖一次，您的积分不足"}

13158422410今日签到获得积分:5
{"result":3,"msg":"10积分抽奖一次，您的积分不足"}

13240912500今日签到获得积分:5
{"result":1,"angle":60,"name":"10积分","info":"积少成多，快到积分乐园换大礼吧！","num":2,"score":14}
{"result":1,"angle":330,"name":"2%加息券","info":"痛快加息不矫情~","num":1,"score":4}
{"result":3,"msg":"10积分抽奖一次，您的积分不足"}

13240912700今日签到获得积分:5
{"result":1,"angle":270,"name":"谢谢参与","info":"您离奖品仅一步之遥，说不准再抽一次就中了呢？试试看！","num":2,"score":9}
{"result":3,"msg":"10积分抽奖一次，您的积分不足"}


【2015-10-30】
18211085003今日签到获得积分:5
{"result":1,"angle":30,"name":"1%加息券","info":"痛快加息不矫情~","num":2,"score":3}
{"result":3,"msg":"10积分抽奖一次，您的积分不足"}

15646563977今日签到获得积分:5
{"result":3,"msg":"10积分抽奖一次，您的积分不足"}

13158424485今日签到获得积分:5
{"result":1,"angle":60,"name":"10积分","info":"积少成多，快到积分乐园换大礼吧！","num":2,"score":11}
{"result":1,"angle":270,"name":"谢谢参与","info":"您离奖品仅一步之遥，说不准再抽一次就中了呢？试试看！","num":1,"score":1}
{"result":3,"msg":"10积分抽奖一次，您的积分不足"}

13158422410今日签到获得积分:5
{"result":1,"angle":270,"name":"谢谢参与","info":"您离奖品仅一步之遥，说不准再抽一次就中了呢？试试看！","num":2,"score":4}
{"result":3,"msg":"10积分抽奖一次，您的积分不足"}

13240912500今日签到获得积分:5
{"result":3,"msg":"10积分抽奖一次，您的积分不足"}

13240912700今日签到获得积分:5
{"result":1,"angle":60,"name":"10积分","info":"积少成多，快到积分乐园换大礼吧！","num":2,"score":14}
{"result":1,"angle":150,"name":"20元现金券","info":"赶快完成投资，提现赚不停！","num":1,"score":4}
{"result":3,"msg":"10积分抽奖一次，您的积分不足"}


【2015-10-30】
18211085003今日签到获得积分:5
{"result":3,"msg":"10积分抽奖一次，您的积分不足"}

15646563977今日签到获得积分:5
{"result":3,"msg":"10积分抽奖一次，您的积分不足"}

13158424485今日签到获得积分:5
{"result":3,"msg":"10积分抽奖一次，您的积分不足"}

13158422410今日签到获得积分:5
{"result":3,"msg":"10积分抽奖一次，您的积分不足"}

13240912500今日签到获得积分:5
{"result":3,"msg":"10积分抽奖一次，您的积分不足"}

13240912700今日签到获得积分:5
{"result":3,"msg":"10积分抽奖一次，您的积分不足"}


【2015-10-31】
18211085003今日签到获得积分:5
{"result":3,"msg":"10积分抽奖一次，您的积分不足"}

15646563977今日签到获得积分:5
{"result":1,"angle":60,"name":"10积分","info":"积少成多，快到积分乐园换大礼吧！","num":2,"score":13}
{"result":1,"angle":210,"name":"20积分","info":"积少成多，快到积分乐园换大礼吧！","num":1,"score":23}
{"result":1,"angle":330,"name":"2%加息券","info":"痛快加息不矫情~","num":0,"score":13}
{"result":2,"msg":"今天的抽奖次数已用完，明天再来~"}

13158424485今日签到获得积分:5
{"result":3,"msg":"10积分抽奖一次，您的积分不足"}

13158422410今日签到获得积分:5
{"result":3,"msg":"10积分抽奖一次，您的积分不足"}

13240912500今日签到获得积分:5
{"result":1,"angle":30,"name":"1%加息券","info":"痛快加息不矫情~","num":2,"score":4}
{"result":3,"msg":"10积分抽奖一次，您的积分不足"}

13240912700今日签到获得积分:5
{"result":3,"msg":"10积分抽奖一次，您的积分不足"}


【2015-10-31】
18211085003今日签到获得积分:5
{"result":3,"msg":"10积分抽奖一次，您的积分不足"}

15646563977今日签到获得积分:5
{"result":2,"msg":"今天的抽奖次数已用完，明天再来~"}

13158424485今日签到获得积分:5
{"result":3,"msg":"10积分抽奖一次，您的积分不足"}

13158422410今日签到获得积分:5
{"result":3,"msg":"10积分抽奖一次，您的积分不足"}

13240912500今日签到获得积分:5
{"result":3,"msg":"10积分抽奖一次，您的积分不足"}

13240912700今日签到获得积分:5
{"result":3,"msg":"10积分抽奖一次，您的积分不足"}


【2015-11-01】
18211085003今日签到获得积分:1
{"result":3,"msg":"10积分抽奖一次，您的积分不足"}

15646563977今日签到获得积分:1
{"result":1,"angle":330,"name":"2%加息券","info":"痛快加息不矫情~","num":2,"score":4}
{"result":3,"msg":"10积分抽奖一次，您的积分不足"}

13158424485今日签到获得积分:1
{"result":3,"msg":"10积分抽奖一次，您的积分不足"}

13158422410今日签到获得积分:1
{"result":1,"angle":270,"name":"谢谢参与","info":"您离奖品仅一步之遥，说不准再抽一次就中了呢？试试看！","num":2,"score":0}
{"result":3,"msg":"10积分抽奖一次，您的积分不足"}

13240912500今日签到获得积分:1
{"result":3,"msg":"10积分抽奖一次，您的积分不足"}

13240912700今日签到获得积分:1
{"result":1,"angle":270,"name":"谢谢参与","info":"您离奖品仅一步之遥，说不准再抽一次就中了呢？试试看！","num":2,"score":0}
{"result":3,"msg":"10积分抽奖一次，您的积分不足"}


【2015-11-01】
18211085003今日签到获得积分:1
{"result":3,"msg":"10积分抽奖一次，您的积分不足"}

15646563977今日签到获得积分:1
{"result":3,"msg":"10积分抽奖一次，您的积分不足"}

13158424485今日签到获得积分:1
{"result":3,"msg":"10积分抽奖一次，您的积分不足"}

13158422410今日签到获得积分:1
{"result":3,"msg":"10积分抽奖一次，您的积分不足"}

13240912500今日签到获得积分:1
{"result":3,"msg":"10积分抽奖一次，您的积分不足"}

13240912700今日签到获得积分:1
{"result":3,"msg":"10积分抽奖一次，您的积分不足"}


【2015-11-03】
{"result":3,"msg":"10积分抽奖一次，您的积分不足"}
18211085003:今日签到获得1积分。总积分为2。未抽中实物奖品。
{"result":3,"msg":"10积分抽奖一次，您的积分不足"}
15646563977:今日签到获得1积分。总积分为3。未抽中实物奖品。
{"result":3,"msg":"10积分抽奖一次，您的积分不足"}
13158424485:今日签到获得1积分。总积分为3。未抽中实物奖品。
{"result":3,"msg":"10积分抽奖一次，您的积分不足"}
13158422410:今日签到获得1积分。总积分为3。未抽中实物奖品。
{"result":3,"msg":"10积分抽奖一次，您的积分不足"}
13240912500:今日签到获得1积分。总积分为3。未抽中实物奖品。
{"result":3,"msg":"10积分抽奖一次，您的积分不足"}
13240912700:今日签到获得1积分。总积分为3。未抽中实物奖品。

【2015-11-03】
{"result":3,"msg":"10积分抽奖一次，您的积分不足"}
18211085003:今日签到获得1积分。总积分为2。未抽中实物奖品。
{"result":3,"msg":"10积分抽奖一次，您的积分不足"}
15646563977:今日签到获得1积分。总积分为3。未抽中实物奖品。
{"result":3,"msg":"10积分抽奖一次，您的积分不足"}
13158424485:今日签到获得1积分。总积分为3。未抽中实物奖品。
{"result":3,"msg":"10积分抽奖一次，您的积分不足"}
13158422410:今日签到获得1积分。总积分为3。未抽中实物奖品。
{"result":3,"msg":"10积分抽奖一次，您的积分不足"}
13240912500:今日签到获得1积分。总积分为3。未抽中实物奖品。
{"result":3,"msg":"10积分抽奖一次，您的积分不足"}
13240912700:今日签到获得1积分。总积分为3。未抽中实物奖品。

【2015-11-04】
{"result":3,"msg":"10积分抽奖一次，您的积分不足"}
18211085003:今日签到获得2积分。总积分为3。未抽中实物奖品。
{"result":3,"msg":"10积分抽奖一次，您的积分不足"}
15646563977:今日签到获得2积分。总积分为3。未抽中实物奖品。
{"result":3,"msg":"10积分抽奖一次，您的积分不足"}
13158424485:今日签到获得2积分。总积分为1。未抽中实物奖品。
{"result":3,"msg":"10积分抽奖一次，您的积分不足"}
13158422410:今日签到获得2积分。总积分为3。未抽中实物奖品。
{"result":3,"msg":"10积分抽奖一次，您的积分不足"}
13240912500:今日签到获得2积分。总积分为3。未抽中实物奖品。
{"result":3,"msg":"10积分抽奖一次，您的积分不足"}
13240912700:今日签到获得2积分。总积分为3。未抽中实物奖品。
