
【2015-09-08】
zhangchaolts今日签到获得人气值:2
wangluyaolts今日签到获得人气值:2
zhangxmlts今日签到获得人气值:2
caixllts今日签到获得人气值:3

【2015-09-08】
zhangchaolts今日已经签到过!
wangluyaolts今日已经签到过!
zhangxmlts今日已经签到过!
caixllts今日已经签到过!

【2015-09-08】
zhangchaolts今日已经签到过!
wangluyaolts今日已经签到过!
zhangxmlts今日已经签到过!
caixllts今日已经签到过!

【2015-09-08】
zhangchaolts今日已经签到过!
wangluyaolts今日已经签到过!
zhangxmlts今日已经签到过!
caixllts今日已经签到过!

【2015-09-09】
zhangchaolts今日签到获得人气值:3
wangluyaolts今日签到获得人气值:2
zhangxmlts今日签到获得人气值:3
caixllts今日签到获得人气值:2

【2015-09-09】
zhangchaolts今日已经签到过!
wangluyaolts今日已经签到过!
zhangxmlts今日已经签到过!
caixllts今日已经签到过!

【2015-09-10】
zhangchaolts今日签到获得人气值:3
wangluyaolts今日签到获得人气值:2
zhangxmlts今日签到获得人气值:1
caixllts今日签到获得人气值:1

【2015-09-10】
zhangchaolts今日已经签到过!
wangluyaolts今日已经签到过!
zhangxmlts今日已经签到过!
caixllts今日已经签到过!

【2015-09-11】
zhangchaolts今日签到获得人气值:1
wangluyaolts今日签到获得人气值:3
zhangxmlts今日签到获得人气值:1
caixllts今日签到获得人气值:2

【2015-09-11】
zhangchaolts今日已经签到过!
wangluyaolts今日已经签到过!
zhangxmlts今日已经签到过!
caixllts今日已经签到过!

【2015-09-12】
zhangchaolts今日签到获得人气值:3
wangluyaolts今日签到获得人气值:1
zhangxmlts今日签到获得人气值:2
caixllts今日签到获得人气值:2

【2015-09-12】
zhangchaolts今日已经签到过!
wangluyaolts今日已经签到过!
zhangxmlts今日已经签到过!
caixllts今日已经签到过!

【2015-09-13】
zhangchaolts今日签到获得人气值:1
wangluyaolts今日签到获得人气值:2
zhangxmlts今日签到获得人气值:1
caixllts今日签到获得人气值:1

【2015-09-13】
zhangchaolts今日已经签到过!
wangluyaolts今日已经签到过!
zhangxmlts今日已经签到过!
caixllts今日已经签到过!

【2015-09-14】
zhangchaolts今日签到获得人气值:2
wangluyaolts今日签到获得人气值:2
zhangxmlts今日签到获得人气值:2
caixllts今日签到获得人气值:1

【2015-09-14】
zhangchaolts今日已经签到过!
wangluyaolts今日已经签到过!
zhangxmlts今日已经签到过!
caixllts今日已经签到过!

【2015-09-14】
zhangchaolts今日已经签到过!
wangluyaolts今日已经签到过!
zhangxmlts今日已经签到过!
caixllts今日已经签到过!

【2015-09-15】
zhangchaolts今日已经签到过!
wangluyaolts今日已经签到过!
zhangxmlts今日签到获得人气值:2
caixllts今日签到获得人气值:1

【2015-09-15】
zhangchaolts今日已经签到过!
wangluyaolts今日已经签到过!
zhangxmlts今日已经签到过!
caixllts今日已经签到过!

【2015-09-16】
zhangchaolts今日签到获得人气值:2
wangluyaolts今日签到获得人气值:1
zhangxmlts今日签到获得人气值:2
caixllts今日签到获得人气值:2

【2015-09-16】
zhangchaolts今日已经签到过!
wangluyaolts今日已经签到过!
zhangxmlts今日已经签到过!
caixllts今日已经签到过!

【2015-09-17】
zhangchaolts今日签到获得人气值:2
wangluyaolts今日签到获得人气值:1
zhangxmlts今日签到获得人气值:2
caixllts今日签到获得人气值:2

【2015-09-17】
zhangchaolts今日已经签到过!
wangluyaolts今日已经签到过!
zhangxmlts今日已经签到过!
caixllts今日已经签到过!

【2015-09-18】
zhangchaolts今日签到获得人气值:1
wangluyaolts今日签到获得人气值:2
zhangxmlts今日签到获得人气值:2
caixllts今日签到获得人气值:3

【2015-09-18】
zhangchaolts今日已经签到过!
wangluyaolts今日已经签到过!
zhangxmlts今日已经签到过!
caixllts今日已经签到过!

【2015-09-19】
zhangchaolts今日已经签到过!
wangluyaolts今日已经签到过!
zhangxmlts今日已经签到过!
caixllts今日已经签到过!

【2015-09-19】
zhangchaolts今日已经签到过!
wangluyaolts今日已经签到过!
zhangxmlts今日已经签到过!
caixllts今日已经签到过!

【2015-09-20】
zhangchaolts今日签到获得人气值:2
wangluyaolts今日签到获得人气值:2
zhangxmlts今日签到获得人气值:3
caixllts今日签到获得人气值:2

【2015-09-20】
zhangchaolts今日已经签到过!
wangluyaolts今日已经签到过!
zhangxmlts今日已经签到过!
caixllts今日已经签到过!

【2015-09-21】
zhangchaolts今日签到获得人气值:1
wangluyaolts今日签到获得人气值:1
zhangxmlts今日签到获得人气值:1
caixllts今日签到获得人气值:2

【2015-09-21】
zhangchaolts今日已经签到过!
wangluyaolts今日已经签到过!
zhangxmlts今日已经签到过!
caixllts今日已经签到过!

【2015-09-22】
zhangchaolts今日签到获得人气值:1
wangluyaolts今日签到获得人气值:2
zhangxmlts今日签到获得人气值:4
caixllts今日签到获得人气值:1

【2015-09-22】
zhangchaolts今日已经签到过!
wangluyaolts今日已经签到过!
zhangxmlts今日已经签到过!
caixllts今日已经签到过!

【2015-09-23】
zhangchaolts今日签到获得人气值:2
wangluyaolts今日签到获得人气值:1
zhangxmlts今日签到获得人气值:1
caixllts今日签到获得人气值:2

【2015-09-23】
zhangchaolts今日已经签到过!
wangluyaolts今日已经签到过!
zhangxmlts今日已经签到过!
caixllts今日已经签到过!

【2015-09-24】
zhangchaolts今日已经签到过!
wangluyaolts今日签到获得人气值:2
zhangxmlts今日签到获得人气值:2
caixllts今日签到获得人气值:1

【2015-09-24】
zhangchaolts今日已经签到过!
wangluyaolts今日已经签到过!
zhangxmlts今日已经签到过!
caixllts今日已经签到过!

【2015-09-25】
zhangchaolts今日签到获得人气值:2
wangluyaolts今日签到获得人气值:4
zhangxmlts今日签到获得人气值:6
caixllts今日签到获得人气值:2

【2015-09-25】
zhangchaolts今日已经签到过!
wangluyaolts今日已经签到过!
zhangxmlts今日已经签到过!
caixllts今日已经签到过!

【2015-09-26】
zhangchaolts今日已经签到过!
wangluyaolts今日已经签到过!
zhangxmlts今日已经签到过!
caixllts今日已经签到过!

【2015-09-26】
zhangchaolts今日已经签到过!
wangluyaolts今日已经签到过!
zhangxmlts今日已经签到过!
caixllts今日已经签到过!

【2015-09-27】
zhangchaolts今日签到获得人气值:2
wangluyaolts今日签到获得人气值:2
zhangxmlts今日签到获得人气值:2
caixllts今日签到获得人气值:1

【2015-09-27】
zhangchaolts今日已经签到过!
wangluyaolts今日已经签到过!
zhangxmlts今日已经签到过!
caixllts今日已经签到过!

【2015-09-28】
zhangchaolts今日签到获得人气值:2
wangluyaolts今日签到获得人气值:1
zhangxmlts今日签到获得人气值:3
caixllts今日签到获得人气值:2

【2015-09-28】
zhangchaolts今日已经签到过!
wangluyaolts今日已经签到过!
zhangxmlts今日已经签到过!
caixllts今日已经签到过!

【2015-09-29】
zhangchaolts今日签到获得人气值:2
wangluyaolts今日已经签到过!
zhangxmlts今日签到获得人气值:2
caixllts今日已经签到过!

【2015-09-29】
zhangchaolts今日已经签到过!
wangluyaolts今日已经签到过!
zhangxmlts今日已经签到过!
caixllts今日已经签到过!

【2015-09-30】
zhangchaolts今日签到获得人气值:1
wangluyaolts今日签到获得人气值:2
zhangxmlts今日签到获得人气值:1
caixllts今日签到获得人气值:2

【2015-09-30】
zhangchaolts今日已经签到过!
wangluyaolts今日已经签到过!
zhangxmlts今日已经签到过!
caixllts今日已经签到过!

【2015-10-01】
zhangchaolts今日签到获得人气值:1
wangluyaolts今日签到获得人气值:1
zhangxmlts今日签到获得人气值:5
caixllts今日签到获得人气值:2

【2015-10-01】
zhangchaolts今日已经签到过!
wangluyaolts今日已经签到过!
zhangxmlts今日已经签到过!
caixllts今日已经签到过!

【2015-10-02】
zhangchaolts今日已经签到过!
wangluyaolts今日签到获得人气值:3
zhangxmlts今日签到获得人气值:3
caixllts今日签到获得人气值:2

【2015-10-02】
zhangchaolts今日已经签到过!
wangluyaolts今日已经签到过!
zhangxmlts今日已经签到过!
caixllts今日已经签到过!

【2015-10-03】
zhangchaolts今日签到获得人气值:1
wangluyaolts今日签到获得人气值:2
zhangxmlts今日签到获得人气值:2
caixllts今日签到获得人气值:2

【2015-10-03】
zhangchaolts今日已经签到过!
wangluyaolts今日已经签到过!
zhangxmlts今日已经签到过!
caixllts今日已经签到过!

【2015-10-04】
zhangchaolts今日已经签到过!
wangluyaolts今日签到获得人气值:2
zhangxmlts今日签到获得人气值:1
caixllts今日签到获得人气值:2

【2015-10-05】
zhangchaolts今日签到获得人气值:2
wangluyaolts今日签到获得人气值:1
zhangxmlts今日签到获得人气值:3
caixllts今日签到获得人气值:1

【2015-10-05】
zhangchaolts今日已经签到过!
wangluyaolts今日已经签到过!
zhangxmlts今日已经签到过!
caixllts今日已经签到过!

【2015-10-06】
zhangchaolts今日签到获得人气值:1
wangluyaolts今日签到获得人气值:2
zhangxmlts今日签到获得人气值:1
caixllts今日签到获得人气值:2

【2015-10-06】
zhangchaolts今日已经签到过!
wangluyaolts今日已经签到过!
zhangxmlts今日已经签到过!
caixllts今日已经签到过!

【2015-10-07】
zhangchaolts今日签到获得人气值:2
wangluyaolts今日签到获得人气值:2
zhangxmlts今日签到获得人气值:2
caixllts今日签到获得人气值:1

【2015-10-07】
zhangchaolts今日已经签到过!
wangluyaolts今日已经签到过!
zhangxmlts今日已经签到过!
caixllts今日已经签到过!

【2015-10-08】
zhangchaolts今日签到获得人气值:3
wangluyaolts今日签到获得人气值:2
zhangxmlts今日签到获得人气值:2
caixllts今日签到获得人气值:1

【2015-10-08】
zhangchaolts今日已经签到过!
wangluyaolts今日已经签到过!
zhangxmlts今日已经签到过!
caixllts今日已经签到过!
13240912500今日已经签到过!
13240912700今日已经签到过!

【2015-10-09】
zhangchaolts今日签到获得人气值:2
wangluyaolts今日签到获得人气值:3
zhangxmlts今日签到获得人气值:1
caixllts今日签到获得人气值:1
13240912500今日签到获得人气值:2
13240912700今日签到获得人气值:3

【2015-10-09】
zhangchaolts今日已经签到过!
wangluyaolts今日已经签到过!
zhangxmlts今日已经签到过!
caixllts今日已经签到过!
13240912500今日已经签到过!
13240912700今日已经签到过!

【2015-10-10】
zhangchaolts今日签到获得人气值:4
wangluyaolts今日签到获得人气值:1
zhangxmlts今日签到获得人气值:2
caixllts今日签到获得人气值:3
13240912500今日签到获得人气值:2
13240912700今日签到获得人气值:4

【2015-10-10】
zhangchaolts今日已经签到过!
wangluyaolts今日已经签到过!
zhangxmlts今日已经签到过!
caixllts今日已经签到过!
13240912500今日已经签到过!
13240912700今日已经签到过!

【2015-10-11】
zhangchaolts今日签到获得人气值:3
wangluyaolts今日签到获得人气值:2
zhangxmlts今日签到获得人气值:1
caixllts今日签到获得人气值:2
13240912500今日签到获得人气值:3
13240912700今日签到获得人气值:1

【2015-10-11】
zhangchaolts今日已经签到过!
wangluyaolts今日已经签到过!
zhangxmlts今日已经签到过!
caixllts今日已经签到过!
13240912500今日已经签到过!
13240912700今日已经签到过!

【2015-10-12】
zhangchaolts今日签到获得人气值:5
wangluyaolts今日签到获得人气值:1
zhangxmlts今日签到获得人气值:2
caixllts今日签到获得人气值:2
13240912500今日签到获得人气值:1
13240912700今日签到获得人气值:2

【2015-10-12】
zhangchaolts今日已经签到过!
wangluyaolts今日已经签到过!
zhangxmlts今日已经签到过!
caixllts今日已经签到过!
13240912500今日已经签到过!
13240912700今日已经签到过!

【2015-10-13】
zhangchaolts今日签到获得人气值:1
wangluyaolts今日签到获得人气值:5
zhangxmlts今日签到获得人气值:1
caixllts今日签到获得人气值:2
13240912500今日签到获得人气值:3
13240912700今日签到获得人气值:2

【2015-10-13】
zhangchaolts今日已经签到过!
wangluyaolts今日已经签到过!
zhangxmlts今日已经签到过!
caixllts今日已经签到过!
13240912500今日已经签到过!
13240912700今日已经签到过!

【2015-10-14】
zhangchaolts今日签到获得人气值:1
wangluyaolts今日签到获得人气值:2
zhangxmlts今日签到获得人气值:2
caixllts今日签到获得人气值:2
13240912500今日签到获得人气值:1
13240912700今日签到获得人气值:2

【2015-10-14】
zhangchaolts今日已经签到过!
wangluyaolts今日已经签到过!
zhangxmlts今日已经签到过!
caixllts今日已经签到过!
13240912500今日已经签到过!
13240912700今日已经签到过!

【2015-10-15】
zhangchaolts今日签到获得人气值:4
wangluyaolts今日签到获得人气值:2
zhangxmlts今日签到获得人气值:6
caixllts今日签到获得人气值:1
13240912500今日签到获得人气值:2
13240912700今日签到获得人气值:1

【2015-10-15】

【2015-10-16】

【2015-10-16】

【2015-10-17】

【2015-10-17】
zhangchaolts今日已经签到过!
wangluyaolts今日已经签到过!
zhangxmlts今日已经签到过!
caixllts今日已经签到过!
13240912500今日已经签到过!
13240912700今日已经签到过!

【2015-10-18】
zhangchaolts今日签到获得人气值:4
wangluyaolts今日签到获得人气值:1
zhangxmlts今日签到获得人气值:3
caixllts今日签到获得人气值:1
13240912500今日签到获得人气值:2
13240912700今日签到获得人气值:2

【2015-10-18】
zhangchaolts今日已经签到过!
wangluyaolts今日已经签到过!
zhangxmlts今日已经签到过!
caixllts今日已经签到过!
13240912500今日已经签到过!
13240912700今日已经签到过!

【2015-10-19】
zhangchaolts今日已经签到过!
wangluyaolts今日已经签到过!
zhangxmlts今日已经签到过!
caixllts今日已经签到过!
13240912500今日已经签到过!
13240912700今日已经签到过!

【2015-10-19】
zhangchaolts今日已经签到过!

【2015-10-19】
zhangchaolts今日已经签到过!
wangluyaolts今日已经签到过!
zhangxmlts今日已经签到过!
caixllts今日已经签到过!
13240912500今日已经签到过!
13240912700今日已经签到过!

【2015-10-20】
zhangchaolts今日签到获得人气值:2
wangluyaolts今日签到获得人气值:2
zhangxmlts今日签到获得人气值:1
caixllts今日签到获得人气值:3
13240912500今日签到获得人气值:4
13240912700今日签到获得人气值:2

【2015-10-20】
zhangchaolts今日已经签到过!
wangluyaolts今日已经签到过!
zhangxmlts今日已经签到过!
caixllts今日已经签到过!
13240912500今日已经签到过!
13240912700今日已经签到过!

【2015-10-21】
zhangchaolts今日签到获得人气值:2
wangluyaolts今日签到获得人气值:2
zhangxmlts今日签到获得人气值:3
caixllts今日签到获得人气值:1
13240912500今日签到获得人气值:3
13240912700今日签到获得人气值:1

【2015-10-21】
zhangchaolts今日已经签到过!
wangluyaolts今日已经签到过!
zhangxmlts今日已经签到过!
caixllts今日已经签到过!
13240912500今日已经签到过!
13240912700今日已经签到过!

【2015-10-22】
zhangchaolts今日签到获得人气值:3
wangluyaolts今日签到获得人气值:3
zhangxmlts今日签到获得人气值:2
caixllts今日签到获得人气值:2
13240912500今日签到获得人气值:5
13240912700今日签到获得人气值:3

【2015-10-22】
zhangchaolts今日已经签到过!
wangluyaolts今日已经签到过!
zhangxmlts今日已经签到过!
caixllts今日已经签到过!
13240912500今日已经签到过!
13240912700今日已经签到过!

【2015-10-23】
zhangchaolts今日已经签到过!
wangluyaolts今日已经签到过!
zhangxmlts今日已经签到过!
caixllts今日已经签到过!
13240912500今日已经签到过!
13240912700今日已经签到过!

【2015-10-23】
zhangchaolts今日已经签到过!
wangluyaolts今日已经签到过!
zhangxmlts今日已经签到过!
caixllts今日已经签到过!
13240912500今日已经签到过!
13240912700今日已经签到过!

【2015-10-24】
zhangchaolts今日已经签到过!
wangluyaolts今日签到获得人气值:2
zhangxmlts今日签到获得人气值:2
caixllts今日签到获得人气值:2
13240912500今日签到获得人气值:4
13240912700今日签到获得人气值:2

【2015-10-24】
zhangchaolts今日已经签到过!
wangluyaolts今日已经签到过!
zhangxmlts今日已经签到过!
caixllts今日已经签到过!
13240912500今日已经签到过!
13240912700今日已经签到过!

【2015-10-25】
zhangchaolts今日签到获得人气值:1
wangluyaolts今日已经签到过!
zhangxmlts今日已经签到过!
caixllts今日已经签到过!
13240912500今日已经签到过!
13240912700今日签到获得人气值:1

【2015-10-25】
zhangchaolts今日已经签到过!
wangluyaolts今日已经签到过!
zhangxmlts今日已经签到过!
caixllts今日已经签到过!
13240912500今日已经签到过!
13240912700今日已经签到过!

【2015-10-26】
zhangchaolts今日签到获得人气值:2
wangluyaolts今日签到获得人气值:2
zhangxmlts今日签到获得人气值:2
caixllts今日签到获得人气值:1
13240912500今日签到获得人气值:4
13240912700今日签到获得人气值:1

【2015-10-26】
zhangchaolts今日已经签到过!
wangluyaolts今日已经签到过!
zhangxmlts今日已经签到过!
caixllts今日已经签到过!
13240912500今日已经签到过!
13240912700今日已经签到过!

【2015-10-27】
zhangchaolts今日签到获得人气值:1
wangluyaolts今日签到获得人气值:2
zhangxmlts今日签到获得人气值:2
caixllts今日签到获得人气值:2
13240912500今日签到获得人气值:1
13240912700今日签到获得人气值:2

【2015-10-27】
zhangchaolts今日已经签到过!
wangluyaolts今日已经签到过!
zhangxmlts今日已经签到过!
caixllts今日已经签到过!
13240912500今日已经签到过!
13240912700今日已经签到过!

【2015-10-28】
zhangchaolts今日签到获得人气值:1
wangluyaolts今日签到获得人气值:2
zhangxmlts今日签到获得人气值:1
caixllts今日签到获得人气值:1
13240912500今日签到获得人气值:1
13240912700今日签到获得人气值:1

【2015-10-28】
zhangchaolts今日已经签到过!
wangluyaolts今日已经签到过!
zhangxmlts今日已经签到过!
caixllts今日已经签到过!
13240912500今日已经签到过!
13240912700今日已经签到过!

【2015-10-29】
zhangchaolts今日签到获得人气值:3
wangluyaolts今日签到获得人气值:1
zhangxmlts今日签到获得人气值:1
caixllts今日签到获得人气值:2
13240912500今日签到获得人气值:2
13240912700今日签到获得人气值:2

【2015-10-29】
zhangchaolts今日已经签到过!
wangluyaolts今日已经签到过!
zhangxmlts今日已经签到过!
caixllts今日已经签到过!
13240912500今日已经签到过!
13240912700今日已经签到过!

【2015-10-30】
zhangchaolts今日签到获得人气值:1
wangluyaolts今日签到获得人气值:1
zhangxmlts今日签到获得人气值:2
caixllts今日签到获得人气值:1
13240912500今日签到获得人气值:1
13240912700今日签到获得人气值:2

【2015-10-30】
zhangchaolts今日已经签到过!
wangluyaolts今日已经签到过!
zhangxmlts今日已经签到过!
caixllts今日已经签到过!
13240912500今日已经签到过!
13240912700今日已经签到过!

【2015-10-31】
zhangchaolts今日签到获得人气值:2
wangluyaolts今日已经签到过!
zhangxmlts今日签到获得人气值:1
caixllts今日签到获得人气值:2
13240912500今日签到获得人气值:1
13240912700今日签到获得人气值:3

【2015-10-31】
zhangchaolts今日已经签到过!
wangluyaolts今日已经签到过!
zhangxmlts今日已经签到过!
caixllts今日已经签到过!
13240912500今日已经签到过!
13240912700今日已经签到过!

【2015-11-01】
zhangchaolts今日签到获得人气值:2
wangluyaolts今日签到获得人气值:1
zhangxmlts今日已经签到过!
caixllts今日签到获得人气值:2
13240912500今日签到获得人气值:1
13240912700今日签到获得人气值:2

【2015-11-01】
zhangchaolts今日已经签到过!
wangluyaolts今日已经签到过!
zhangxmlts今日已经签到过!
caixllts今日已经签到过!
13240912500今日已经签到过!
13240912700今日已经签到过!

【2015-11-02】
zhangchaolts今日签到获得人气值:2
wangluyaolts今日签到获得人气值:1
zhangxmlts今日签到获得人气值:1
caixllts今日签到获得人气值:1
13240912500今日已经签到过!
13240912700今日已经签到过!
